<?xml version="1.0" encoding="UTF-8"?>
<coverage generated="1746561204904" clover="3.2.0">
  <project timestamp="1746561204905" name="All files">
    <metrics statements="1250" coveredstatements="992" conditionals="371" coveredconditionals="268" methods="299" coveredmethods="229" elements="1920" coveredelements="1489" complexity="0" loc="1250" ncloc="1250" packages="5" files="20" classes="20"/>
    <package name="engine">
      <metrics statements="517" coveredstatements="347" conditionals="174" coveredconditionals="106" methods="100" coveredmethods="74"/>
      <file name="Dealer.ts" path="C:\Users\fille\poker-engine\src\engine\Dealer.ts">
        <metrics statements="46" coveredstatements="44" conditionals="11" coveredconditionals="11" methods="12" coveredmethods="10"/>
        <line num="2" count="5" type="stmt"/>
        <line num="13" count="5" type="stmt"/>
        <line num="15" count="59" type="stmt"/>
        <line num="18" count="59" type="stmt"/>
        <line num="19" count="59" type="stmt"/>
        <line num="26" count="60" type="stmt"/>
        <line num="27" count="60" type="stmt"/>
        <line num="28" count="60" type="stmt"/>
        <line num="41" count="3" type="stmt"/>
        <line num="44" count="3" type="stmt"/>
        <line num="45" count="9" type="cond" truecount="1" falsecount="0"/>
        <line num="46" count="9" type="stmt"/>
        <line num="51" count="3" type="stmt"/>
        <line num="52" count="6" type="stmt"/>
        <line num="53" count="18" type="cond" truecount="3" falsecount="0"/>
        <line num="54" count="16" type="stmt"/>
        <line num="55" count="16" type="cond" truecount="1" falsecount="0"/>
        <line num="56" count="16" type="stmt"/>
        <line num="59" count="16" type="cond" truecount="1" falsecount="0"/>
        <line num="60" count="8" type="stmt"/>
        <line num="62" count="16" type="stmt"/>
        <line num="63" count="16" type="cond" truecount="1" falsecount="0"/>
        <line num="64" count="16" type="stmt"/>
        <line num="71" count="3" type="stmt"/>
        <line num="79" count="8" type="stmt"/>
        <line num="80" count="8" type="cond" truecount="1" falsecount="0"/>
        <line num="81" count="8" type="stmt"/>
        <line num="83" count="8" type="stmt"/>
        <line num="93" count="4" type="stmt"/>
        <line num="96" count="4" type="stmt"/>
        <line num="97" count="4" type="stmt"/>
        <line num="99" count="4" type="stmt"/>
        <line num="109" count="2" type="stmt"/>
        <line num="112" count="2" type="stmt"/>
        <line num="113" count="2" type="cond" truecount="1" falsecount="0"/>
        <line num="114" count="2" type="stmt"/>
        <line num="117" count="2" type="stmt"/>
        <line num="127" count="1" type="stmt"/>
        <line num="130" count="1" type="stmt"/>
        <line num="131" count="1" type="cond" truecount="1" falsecount="0"/>
        <line num="132" count="1" type="stmt"/>
        <line num="135" count="1" type="stmt"/>
        <line num="144" count="0" type="stmt"/>
        <line num="151" count="9" type="stmt"/>
        <line num="158" count="7" type="stmt"/>
        <line num="167" count="0" type="stmt"/>
      </file>
      <file name="GameEngine.ts" path="C:\Users\fille\poker-engine\src\engine\GameEngine.ts">
        <metrics statements="353" coveredstatements="192" conditionals="121" coveredconditionals="63" methods="58" coveredmethods="34"/>
        <line num="1" count="4" type="stmt"/>
        <line num="5" count="4" type="stmt"/>
        <line num="6" count="4" type="stmt"/>
        <line num="7" count="4" type="stmt"/>
        <line num="9" count="4" type="stmt"/>
        <line num="10" count="4" type="stmt"/>
        <line num="28" count="4" type="stmt"/>
        <line num="29" count="4" type="stmt"/>
        <line num="58" count="4" type="stmt"/>
        <line num="92" count="4" type="stmt"/>
        <line num="99" count="51" type="stmt"/>
        <line num="100" count="51" type="stmt"/>
        <line num="101" count="51" type="stmt"/>
        <line num="103" count="51" type="stmt"/>
        <line num="104" count="51" type="stmt"/>
        <line num="115" count="51" type="stmt"/>
        <line num="118" count="51" type="stmt"/>
        <line num="124" count="51" type="stmt"/>
        <line num="137" count="51" type="stmt"/>
        <line num="141" count="51" type="stmt"/>
        <line num="142" count="51" type="stmt"/>
        <line num="143" count="51" type="stmt"/>
        <line num="144" count="51" type="cond" truecount="2" falsecount="0"/>
        <line num="147" count="51" type="stmt"/>
        <line num="150" count="51" type="stmt"/>
        <line num="153" count="51" type="cond" truecount="1" falsecount="0"/>
        <line num="154" count="1" type="stmt"/>
        <line num="163" count="1" type="stmt"/>
        <line num="164" count="1" type="stmt"/>
        <line num="172" count="2" type="stmt"/>
        <line num="180" count="51" type="cond" truecount="3" falsecount="0"/>
        <line num="182" count="2" type="stmt"/>
        <line num="189" count="49" type="stmt"/>
        <line num="203" count="5" type="stmt"/>
        <line num="207" count="5" type="cond" truecount="1" falsecount="0"/>
        <line num="208" count="1" type="stmt"/>
        <line num="211" count="1" type="stmt"/>
        <line num="215" count="4" type="stmt"/>
        <line num="216" count="4" type="stmt"/>
        <line num="220" count="4" type="cond" truecount="1" falsecount="0"/>
        <line num="222" count="4" type="stmt"/>
        <line num="223" count="4" type="stmt"/>
        <line num="228" count="4" type="stmt"/>
        <line num="229" count="9" type="cond" truecount="2" falsecount="0"/>
        <line num="231" count="4" type="stmt"/>
        <line num="236" count="4" type="cond" truecount="3" falsecount="0"/>
        <line num="237" count="3" type="stmt"/>
        <line num="240" count="3" type="stmt"/>
        <line num="244" count="4" type="cond" truecount="3" falsecount="0"/>
        <line num="246" count="1" type="stmt"/>
        <line num="249" count="4" type="stmt"/>
        <line num="252" count="0" type="stmt"/>
        <line num="253" count="0" type="stmt"/>
        <line num="262" count="2" type="stmt"/>
        <line num="263" count="2" type="cond" truecount="2" falsecount="0"/>
        <line num="266" count="2" type="cond" truecount="1" falsecount="0"/>
        <line num="267" count="2" type="stmt"/>
        <line num="270" count="2" type="cond" truecount="3" falsecount="0"/>
        <line num="272" count="1" type="stmt"/>
        <line num="273" count="1" type="cond" truecount="1" falsecount="0"/>
        <line num="274" count="1" type="stmt"/>
        <line num="275" count="1" type="stmt"/>
        <line num="276" count="1" type="stmt"/>
        <line num="280" count="2" type="stmt"/>
        <line num="283" count="0" type="stmt"/>
        <line num="292" count="7" type="stmt"/>
        <line num="293" count="7" type="stmt"/>
        <line num="295" count="6" type="stmt"/>
        <line num="297" count="1" type="stmt"/>
        <line num="300" count="1" type="stmt"/>
        <line num="303" count="1" type="stmt"/>
        <line num="308" count="1" type="cond" truecount="1" falsecount="0"/>
        <line num="309" count="1" type="stmt"/>
        <line num="312" count="1" type="stmt"/>
        <line num="315" count="0" type="cond" truecount="0" falsecount="1"/>
        <line num="316" count="0" type="stmt"/>
        <line num="319" count="0" type="stmt"/>
        <line num="323" count="0" type="stmt"/>
        <line num="326" count="0" type="stmt"/>
        <line num="329" count="0" type="stmt"/>
        <line num="332" count="0" type="stmt"/>
        <line num="333" count="0" type="stmt"/>
        <line num="338" count="0" type="stmt"/>
        <line num="339" count="0" type="stmt"/>
        <line num="342" count="0" type="stmt"/>
        <line num="345" count="0" type="stmt"/>
        <line num="346" count="0" type="stmt"/>
        <line num="349" count="0" type="stmt"/>
        <line num="359" count="0" type="stmt"/>
        <line num="366" count="0" type="stmt"/>
        <line num="369" count="0" type="stmt"/>
        <line num="372" count="0" type="stmt"/>
        <line num="373" count="0" type="cond" truecount="0" falsecount="1"/>
        <line num="374" count="0" type="stmt"/>
        <line num="375" count="0" type="stmt"/>
        <line num="376" count="0" type="cond" truecount="0" falsecount="3"/>
        <line num="377" count="0" type="stmt"/>
        <line num="383" count="0" type="stmt"/>
        <line num="386" count="0" type="stmt"/>
        <line num="388" count="0" type="stmt"/>
        <line num="397" count="0" type="stmt"/>
        <line num="399" count="0" type="stmt"/>
        <line num="402" count="0" type="stmt"/>
        <line num="406" count="0" type="cond" truecount="0" falsecount="1"/>
        <line num="407" count="0" type="stmt"/>
        <line num="410" count="0" type="stmt"/>
        <line num="414" count="0" type="stmt"/>
        <line num="415" count="0" type="stmt"/>
        <line num="423" count="0" type="stmt"/>
        <line num="430" count="0" type="stmt"/>
        <line num="431" count="0" type="stmt"/>
        <line num="433" count="0" type="stmt"/>
        <line num="436" count="0" type="stmt"/>
        <line num="440" count="0" type="cond" truecount="0" falsecount="1"/>
        <line num="441" count="0" type="stmt"/>
        <line num="444" count="0" type="stmt"/>
        <line num="447" count="0" type="cond" truecount="0" falsecount="5"/>
        <line num="450" count="0" type="stmt"/>
        <line num="452" count="0" type="stmt"/>
        <line num="457" count="0" type="stmt"/>
        <line num="459" count="0" type="stmt"/>
        <line num="462" count="0" type="stmt"/>
        <line num="465" count="0" type="stmt"/>
        <line num="468" count="0" type="stmt"/>
        <line num="475" count="0" type="stmt"/>
        <line num="477" count="0" type="stmt"/>
        <line num="480" count="0" type="stmt"/>
        <line num="484" count="0" type="cond" truecount="0" falsecount="1"/>
        <line num="485" count="0" type="stmt"/>
        <line num="488" count="0" type="stmt"/>
        <line num="492" count="0" type="stmt"/>
        <line num="493" count="0" type="stmt"/>
        <line num="494" count="0" type="stmt"/>
        <line num="495" count="0" type="stmt"/>
        <line num="500" count="0" type="stmt"/>
        <line num="501" count="0" type="stmt"/>
        <line num="502" count="0" type="stmt"/>
        <line num="503" count="0" type="stmt"/>
        <line num="508" count="0" type="cond" truecount="0" falsecount="1"/>
        <line num="509" count="0" type="stmt"/>
        <line num="510" count="0" type="stmt"/>
        <line num="511" count="0" type="stmt"/>
        <line num="518" count="0" type="stmt"/>
        <line num="525" count="1" type="stmt"/>
        <line num="526" count="4" type="cond" truecount="3" falsecount="0"/>
        <line num="528" count="4" type="stmt"/>
        <line num="529" count="4" type="stmt"/>
        <line num="534" count="1" type="stmt"/>
        <line num="544" count="19" type="stmt"/>
        <line num="546" count="19" type="cond" truecount="1" falsecount="0"/>
        <line num="547" count="1" type="stmt"/>
        <line num="550" count="18" type="stmt"/>
        <line num="551" count="18" type="stmt"/>
        <line num="554" count="18" type="cond" truecount="1" falsecount="0"/>
        <line num="555" count="3" type="stmt"/>
        <line num="559" count="15" type="stmt"/>
        <line num="562" count="15" type="stmt"/>
        <line num="564" count="15" type="cond" truecount="6" falsecount="0"/>
        <line num="566" count="3" type="stmt"/>
        <line num="567" count="3" type="stmt"/>
        <line num="568" count="3" type="stmt"/>
        <line num="572" count="5" type="cond" truecount="1" falsecount="0"/>
        <line num="573" count="2" type="stmt"/>
        <line num="578" count="3" type="stmt"/>
        <line num="579" count="3" type="stmt"/>
        <line num="583" count="2" type="stmt"/>
        <line num="585" count="2" type="stmt"/>
        <line num="590" count="4" type="stmt"/>
        <line num="591" count="4" type="stmt"/>
        <line num="596" count="4" type="cond" truecount="0" falsecount="1"/>
        <line num="597" count="0" type="stmt"/>
        <line num="600" count="4" type="stmt"/>
        <line num="601" count="4" type="cond" truecount="1" falsecount="0"/>
        <line num="602" count="4" type="stmt"/>
        <line num="604" count="4" type="stmt"/>
        <line num="608" count="1" type="stmt"/>
        <line num="609" count="1" type="stmt"/>
        <line num="610" count="1" type="cond" truecount="1" falsecount="0"/>
        <line num="611" count="1" type="stmt"/>
        <line num="612" count="1" type="stmt"/>
        <line num="617" count="1" type="stmt"/>
        <line num="620" count="13" type="cond" truecount="0" falsecount="1"/>
        <line num="621" count="0" type="stmt"/>
        <line num="625" count="13" type="cond" truecount="1" falsecount="0"/>
        <line num="626" count="2" type="stmt"/>
        <line num="630" count="13" type="stmt"/>
        <line num="633" count="13" type="stmt"/>
        <line num="635" count="13" type="stmt"/>
        <line num="645" count="0" type="stmt"/>
        <line num="646" count="0" type="cond" truecount="0" falsecount="4"/>
        <line num="656" count="0" type="cond" truecount="0" falsecount="2"/>
        <line num="657" count="0" type="stmt"/>
        <line num="660" count="0" type="stmt"/>
        <line num="661" count="0" type="stmt"/>
        <line num="669" count="0" type="stmt"/>
        <line num="672" count="0" type="cond" truecount="0" falsecount="1"/>
        <line num="673" count="0" type="stmt"/>
        <line num="679" count="0" type="stmt"/>
        <line num="681" count="0" type="stmt"/>
        <line num="683" count="0" type="cond" truecount="0" falsecount="3"/>
        <line num="693" count="0" type="stmt"/>
        <line num="695" count="0" type="cond" truecount="0" falsecount="1"/>
        <line num="696" count="0" type="stmt"/>
        <line num="700" count="0" type="stmt"/>
        <line num="703" count="0" type="stmt"/>
        <line num="704" count="0" type="stmt"/>
        <line num="707" count="0" type="cond" truecount="0" falsecount="1"/>
        <line num="708" count="0" type="stmt"/>
        <line num="712" count="0" type="stmt"/>
        <line num="713" count="0" type="stmt"/>
        <line num="716" count="0" type="stmt"/>
        <line num="723" count="0" type="stmt"/>
        <line num="725" count="0" type="cond" truecount="0" falsecount="3"/>
        <line num="736" count="0" type="stmt"/>
        <line num="740" count="0" type="stmt"/>
        <line num="743" count="0" type="stmt"/>
        <line num="746" count="0" type="cond" truecount="0" falsecount="2"/>
        <line num="747" count="0" type="stmt"/>
        <line num="750" count="0" type="cond" truecount="0" falsecount="8"/>
        <line num="752" count="0" type="stmt"/>
        <line num="753" count="0" type="stmt"/>
        <line num="754" count="0" type="stmt"/>
        <line num="756" count="0" type="stmt"/>
        <line num="757" count="0" type="stmt"/>
        <line num="758" count="0" type="stmt"/>
        <line num="760" count="0" type="stmt"/>
        <line num="761" count="0" type="stmt"/>
        <line num="762" count="0" type="stmt"/>
        <line num="764" count="0" type="stmt"/>
        <line num="765" count="0" type="stmt"/>
        <line num="766" count="0" type="stmt"/>
        <line num="768" count="0" type="stmt"/>
        <line num="769" count="0" type="stmt"/>
        <line num="771" count="0" type="stmt"/>
        <line num="772" count="0" type="stmt"/>
        <line num="773" count="0" type="stmt"/>
        <line num="775" count="0" type="stmt"/>
        <line num="776" count="0" type="stmt"/>
        <line num="778" count="0" type="stmt"/>
        <line num="783" count="0" type="stmt"/>
        <line num="784" count="0" type="stmt"/>
        <line num="791" count="1" type="stmt"/>
        <line num="793" count="1" type="stmt"/>
        <line num="797" count="1" type="cond" truecount="0" falsecount="1"/>
        <line num="798" count="0" type="stmt"/>
        <line num="801" count="0" type="stmt"/>
        <line num="805" count="1" type="cond" truecount="1" falsecount="1"/>
        <line num="807" count="1" type="stmt"/>
        <line num="808" count="1" type="stmt"/>
        <line num="809" count="0" type="stmt"/>
        <line num="810" count="0" type="stmt"/>
        <line num="813" count="0" type="stmt"/>
        <line num="816" count="0" type="cond" truecount="0" falsecount="1"/>
        <line num="818" count="0" type="stmt"/>
        <line num="819" count="0" type="stmt"/>
        <line num="820" count="0" type="stmt"/>
        <line num="821" count="0" type="stmt"/>
        <line num="824" count="0" type="stmt"/>
        <line num="835" count="1" type="stmt"/>
        <line num="838" count="1" type="stmt"/>
        <line num="850" count="1" type="stmt"/>
        <line num="853" count="1" type="stmt"/>
        <line num="865" count="1" type="stmt"/>
        <line num="868" count="1" type="stmt"/>
        <line num="879" count="2" type="stmt"/>
        <line num="880" count="2" type="stmt"/>
        <line num="881" count="2" type="stmt"/>
        <line num="884" count="2" type="cond" truecount="1" falsecount="0"/>
        <line num="885" count="1" type="stmt"/>
        <line num="886" count="1" type="stmt"/>
        <line num="888" count="1" type="stmt"/>
        <line num="896" count="1" type="stmt"/>
        <line num="897" count="1" type="stmt"/>
        <line num="900" count="1" type="cond" truecount="1" falsecount="0"/>
        <line num="901" count="1" type="stmt"/>
        <line num="909" count="1" type="stmt"/>
        <line num="910" count="1" type="stmt"/>
        <line num="914" count="1" type="stmt"/>
        <line num="915" count="4" type="stmt"/>
        <line num="920" count="4" type="stmt"/>
        <line num="928" count="1" type="stmt"/>
        <line num="930" count="1" type="stmt"/>
        <line num="931" count="3" type="stmt"/>
        <line num="936" count="3" type="cond" truecount="1" falsecount="0"/>
        <line num="937" count="1" type="stmt"/>
        <line num="942" count="1" type="stmt"/>
        <line num="943" count="1" type="stmt"/>
        <line num="945" count="1" type="stmt"/>
        <line num="953" count="1" type="stmt"/>
        <line num="956" count="1" type="cond" truecount="1" falsecount="0"/>
        <line num="958" count="1" type="stmt"/>
        <line num="966" count="1" type="stmt"/>
        <line num="967" count="4" type="cond" truecount="1" falsecount="0"/>
        <line num="968" count="3" type="stmt"/>
        <line num="969" count="3" type="stmt"/>
        <line num="979" count="1" type="stmt"/>
        <line num="981" count="1" type="stmt"/>
        <line num="982" count="1" type="stmt"/>
        <line num="990" count="2" type="cond" truecount="1" falsecount="0"/>
        <line num="996" count="1" type="stmt"/>
        <line num="997" count="1" type="stmt"/>
        <line num="1001" count="2" type="stmt"/>
        <line num="1003" count="2" type="cond" truecount="1" falsecount="0"/>
        <line num="1005" count="1" type="stmt"/>
        <line num="1006" count="4" type="cond" truecount="1" falsecount="0"/>
        <line num="1007" count="4" type="cond" truecount="1" falsecount="0"/>
        <line num="1008" count="4" type="stmt"/>
        <line num="1010" count="4" type="stmt"/>
        <line num="1011" count="4" type="stmt"/>
        <line num="1015" count="1" type="stmt"/>
        <line num="1016" count="1" type="stmt"/>
        <line num="1024" count="0" type="stmt"/>
        <line num="1026" count="0" type="cond" truecount="0" falsecount="1"/>
        <line num="1030" count="0" type="stmt"/>
        <line num="1033" count="0" type="stmt"/>
        <line num="1034" count="0" type="stmt"/>
        <line num="1045" count="0" type="stmt"/>
        <line num="1048" count="0" type="stmt"/>
        <line num="1049" count="0" type="stmt"/>
        <line num="1051" count="0" type="cond" truecount="0" falsecount="1"/>
        <line num="1055" count="0" type="stmt"/>
        <line num="1058" count="0" type="stmt"/>
        <line num="1061" count="0" type="cond" truecount="0" falsecount="2"/>
        <line num="1062" count="0" type="stmt"/>
        <line num="1063" count="0" type="stmt"/>
        <line num="1066" count="0" type="stmt"/>
        <line num="1067" count="0" type="stmt"/>
        <line num="1076" count="14" type="cond" truecount="0" falsecount="1"/>
        <line num="1077" count="0" type="stmt"/>
        <line num="1078" count="0" type="stmt"/>
        <line num="1086" count="1" type="stmt"/>
        <line num="1093" count="22" type="stmt"/>
        <line num="1100" count="17" type="stmt"/>
        <line num="1107" count="5" type="stmt"/>
        <line num="1119" count="6" type="cond" truecount="1" falsecount="0"/>
        <line num="1120" count="6" type="stmt"/>
        <line num="1122" count="6" type="stmt"/>
        <line num="1134" count="3" type="stmt"/>
        <line num="1135" count="3" type="cond" truecount="1" falsecount="0"/>
        <line num="1136" count="3" type="stmt"/>
        <line num="1137" count="3" type="cond" truecount="1" falsecount="0"/>
        <line num="1138" count="3" type="stmt"/>
        <line num="1152" count="8" type="stmt"/>
        <line num="1153" count="8" type="cond" truecount="1" falsecount="0"/>
        <line num="1154" count="2" type="stmt"/>
        <line num="1155" count="1" type="stmt"/>
        <line num="1156" count="1" type="stmt"/>
        <line num="1158" count="0" type="stmt"/>
        <line num="1169" count="0" type="stmt"/>
        <line num="1177" count="0" type="stmt"/>
        <line num="1186" count="0" type="stmt"/>
        <line num="1187" count="0" type="cond" truecount="0" falsecount="2"/>
        <line num="1196" count="135" type="cond" truecount="2" falsecount="0"/>
      </file>
      <file name="PlayerManager.ts" path="C:\Users\fille\poker-engine\src\engine\PlayerManager.ts">
        <metrics statements="90" coveredstatements="83" conditionals="36" coveredconditionals="26" methods="17" coveredmethods="17"/>
        <line num="1" count="2" type="stmt"/>
        <line num="3" count="2" type="stmt"/>
        <line num="46" count="2" type="stmt"/>
        <line num="53" count="12" type="stmt"/>
        <line num="54" count="12" type="stmt"/>
        <line num="55" count="12" type="stmt"/>
        <line num="56" count="12" type="stmt"/>
        <line num="64" count="14" type="stmt"/>
        <line num="72" count="1" type="stmt"/>
        <line num="81" count="15" type="stmt"/>
        <line num="84" count="15" type="stmt"/>
        <line num="92" count="15" type="stmt"/>
        <line num="102" count="15" type="stmt"/>
        <line num="112" count="15" type="stmt"/>
        <line num="113" count="15" type="stmt"/>
        <line num="114" count="15" type="stmt"/>
        <line num="116" count="15" type="stmt"/>
        <line num="125" count="15" type="cond" truecount="1" falsecount="1"/>
        <line num="133" count="1" type="stmt"/>
        <line num="142" count="5" type="cond" truecount="1" falsecount="1"/>
        <line num="151" count="5" type="cond" truecount="1" falsecount="1"/>
        <line num="166" count="7" type="stmt"/>
        <line num="167" count="7" type="stmt"/>
        <line num="169" count="7" type="cond" truecount="2" falsecount="1"/>
        <line num="170" count="0" type="stmt"/>
        <line num="174" count="7" type="stmt"/>
        <line num="176" count="7" type="cond" truecount="1" falsecount="0"/>
        <line num="178" count="7" type="stmt"/>
        <line num="179" count="7" type="cond" truecount="1" falsecount="0"/>
        <line num="181" count="7" type="cond" truecount="1" falsecount="0"/>
        <line num="186" count="1" type="stmt"/>
        <line num="187" count="1" type="cond" truecount="1" falsecount="0"/>
        <line num="188" count="1" type="stmt"/>
        <line num="193" count="7" type="stmt"/>
        <line num="194" count="7" type="stmt"/>
        <line num="195" count="7" type="stmt"/>
        <line num="196" count="7" type="stmt"/>
        <line num="199" count="7" type="stmt"/>
        <line num="203" count="7" type="stmt"/>
        <line num="212" count="2" type="stmt"/>
        <line num="214" count="2" type="cond" truecount="3" falsecount="1"/>
        <line num="215" count="0" type="stmt"/>
        <line num="218" count="2" type="stmt"/>
        <line num="220" count="2" type="cond" truecount="0" falsecount="1"/>
        <line num="221" count="0" type="stmt"/>
        <line num="224" count="2" type="stmt"/>
        <line num="226" count="2" type="cond" truecount="1" falsecount="0"/>
        <line num="228" count="2" type="stmt"/>
        <line num="229" count="2" type="stmt"/>
        <line num="230" count="2" type="stmt"/>
        <line num="231" count="2" type="stmt"/>
        <line num="234" count="2" type="stmt"/>
        <line num="250" count="3" type="stmt"/>
        <line num="252" count="3" type="cond" truecount="0" falsecount="1"/>
        <line num="253" count="0" type="stmt"/>
        <line num="256" count="3" type="stmt"/>
        <line num="258" count="3" type="cond" truecount="2" falsecount="0"/>
        <line num="259" count="2" type="stmt"/>
        <line num="260" count="2" type="stmt"/>
        <line num="261" count="1" type="cond" truecount="1" falsecount="0"/>
        <line num="262" count="1" type="stmt"/>
        <line num="265" count="3" type="cond" truecount="1" falsecount="0"/>
        <line num="266" count="2" type="stmt"/>
        <line num="269" count="3" type="stmt"/>
        <line num="278" count="3" type="stmt"/>
        <line num="279" count="3" type="cond" truecount="3" falsecount="0"/>
        <line num="288" count="1" type="stmt"/>
        <line num="290" count="1" type="cond" truecount="0" falsecount="1"/>
        <line num="291" count="0" type="stmt"/>
        <line num="294" count="9" type="stmt"/>
        <line num="302" count="1" type="stmt"/>
        <line num="303" count="1" type="stmt"/>
        <line num="305" count="1" type="cond" truecount="1" falsecount="0"/>
        <line num="306" count="1" type="stmt"/>
        <line num="309" count="1" type="cond" truecount="1" falsecount="0"/>
        <line num="310" count="1" type="stmt"/>
        <line num="321" count="2" type="cond" truecount="1" falsecount="0"/>
        <line num="322" count="1" type="stmt"/>
        <line num="325" count="1" type="stmt"/>
        <line num="327" count="1" type="cond" truecount="0" falsecount="1"/>
        <line num="328" count="0" type="stmt"/>
        <line num="331" count="1" type="stmt"/>
        <line num="332" count="1" type="stmt"/>
        <line num="341" count="1" type="stmt"/>
        <line num="343" count="1" type="cond" truecount="0" falsecount="1"/>
        <line num="344" count="0" type="stmt"/>
        <line num="347" count="1" type="stmt"/>
        <line num="350" count="1" type="stmt"/>
        <line num="353" count="1" type="stmt"/>
        <line num="355" count="1" type="stmt"/>
      </file>
      <file name="StateMachine.ts" path="C:\Users\fille\poker-engine\src\engine\StateMachine.ts">
        <metrics statements="28" coveredstatements="28" conditionals="6" coveredconditionals="6" methods="13" coveredmethods="13"/>
        <line num="1" count="4" type="stmt"/>
        <line num="26" count="4" type="stmt"/>
        <line num="29" count="36" type="stmt"/>
        <line num="30" count="36" type="stmt"/>
        <line num="37" count="36" type="stmt"/>
        <line num="38" count="36" type="stmt"/>
        <line num="45" count="11" type="stmt"/>
        <line num="53" count="19" type="stmt"/>
        <line num="62" count="35" type="stmt"/>
        <line num="64" count="35" type="cond" truecount="1" falsecount="0"/>
        <line num="65" count="4" type="stmt"/>
        <line num="68" count="31" type="stmt"/>
        <line num="69" count="31" type="stmt"/>
        <line num="72" count="31" type="stmt"/>
        <line num="73" count="1" type="stmt"/>
        <line num="76" count="31" type="stmt"/>
        <line num="84" count="16" type="stmt"/>
        <line num="92" count="27" type="stmt"/>
        <line num="99" count="1" type="stmt"/>
        <line num="107" count="22" type="stmt"/>
        <line num="117" count="1" type="stmt"/>
        <line num="118" count="1" type="cond" truecount="1" falsecount="0"/>
        <line num="119" count="1" type="stmt"/>
        <line num="127" count="54" type="stmt"/>
        <line num="129" count="224" type="cond" truecount="4" falsecount="0"/>
        <line num="139" count="4" type="stmt"/>
        <line num="141" count="26" type="stmt"/>
        <line num="144" count="26" type="stmt"/>
      </file>
    </package>
    <package name="evaluator">
      <metrics statements="286" coveredstatements="279" conditionals="92" coveredconditionals="81" methods="47" coveredmethods="44"/>
      <file name="HandEvaluator.ts" path="C:\Users\fille\poker-engine\src\evaluator\HandEvaluator.ts">
        <metrics statements="15" coveredstatements="14" conditionals="4" coveredconditionals="4" methods="4" coveredmethods="3"/>
        <line num="81" count="11" type="stmt"/>
        <line num="85" count="64" type="stmt"/>
        <line num="106" count="1161" type="cond" truecount="1" falsecount="0"/>
        <line num="107" count="893" type="stmt"/>
        <line num="111" count="268" type="stmt"/>
        <line num="116" count="268" type="stmt"/>
        <line num="117" count="622" type="cond" truecount="1" falsecount="0"/>
        <line num="118" count="251" type="stmt"/>
        <line num="123" count="17" type="stmt"/>
        <line num="132" count="0" type="stmt"/>
        <line num="145" count="3" type="stmt"/>
        <line num="146" count="3" type="stmt"/>
        <line num="148" count="3" type="cond" truecount="1" falsecount="0"/>
        <line num="149" count="2" type="stmt"/>
        <line num="152" count="3" type="stmt"/>
      </file>
      <file name="HandUtils.ts" path="C:\Users\fille\poker-engine\src\evaluator\HandUtils.ts">
        <metrics statements="213" coveredstatements="209" conditionals="70" coveredconditionals="62" methods="36" coveredmethods="34"/>
        <line num="1" count="11" type="stmt"/>
        <line num="2" count="11" type="stmt"/>
        <line num="7" count="11" type="stmt"/>
        <line num="13" count="4331" type="stmt"/>
        <line num="15" count="4331" type="stmt"/>
        <line num="16" count="21268" type="stmt"/>
        <line num="17" count="21268" type="cond" truecount="1" falsecount="0"/>
        <line num="18" count="18670" type="stmt"/>
        <line num="20" count="21268" type="stmt"/>
        <line num="23" count="4331" type="stmt"/>
        <line num="31" count="3536" type="stmt"/>
        <line num="33" count="3536" type="stmt"/>
        <line num="34" count="17683" type="stmt"/>
        <line num="35" count="17683" type="cond" truecount="1" falsecount="0"/>
        <line num="36" count="8550" type="stmt"/>
        <line num="38" count="17683" type="stmt"/>
        <line num="41" count="3536" type="stmt"/>
        <line num="49" count="2428" type="stmt"/>
        <line num="50" count="12477" type="stmt"/>
        <line num="59" count="863" type="stmt"/>
        <line num="60" count="863" type="stmt"/>
        <line num="62" count="863" type="stmt"/>
        <line num="63" count="3886" type="cond" truecount="1" falsecount="0"/>
        <line num="65" count="424" type="stmt"/>
        <line num="66" count="424" type="stmt"/>
        <line num="67" count="424" type="stmt"/>
        <line num="73" count="863" type="stmt"/>
        <line num="81" count="955" type="stmt"/>
        <line num="82" count="955" type="stmt"/>
        <line num="84" count="955" type="stmt"/>
        <line num="85" count="4160" type="cond" truecount="1" falsecount="0"/>
        <line num="87" count="94" type="stmt"/>
        <line num="88" count="94" type="stmt"/>
        <line num="89" count="94" type="stmt"/>
        <line num="90" count="94" type="stmt"/>
        <line num="101" count="955" type="stmt"/>
        <line num="109" count="1193" type="stmt"/>
        <line num="110" count="1193" type="stmt"/>
        <line num="112" count="1193" type="stmt"/>
        <line num="113" count="5160" type="cond" truecount="1" falsecount="0"/>
        <line num="115" count="20" type="stmt"/>
        <line num="119" count="1193" type="stmt"/>
        <line num="128" count="1305" type="cond" truecount="1" falsecount="0"/>
        <line num="129" count="1" type="stmt"/>
        <line num="133" count="1304" type="stmt"/>
        <line num="137" count="1304" type="stmt"/>
        <line num="139" count="1304" type="stmt"/>
        <line num="140" count="6522" type="stmt"/>
        <line num="141" count="6522" type="cond" truecount="1" falsecount="0"/>
        <line num="145" count="5915" type="stmt"/>
        <line num="150" count="1304" type="cond" truecount="1" falsecount="0"/>
        <line num="158" count="8" type="stmt"/>
        <line num="168" count="4578" type="stmt"/>
        <line num="170" count="1296" type="stmt"/>
        <line num="171" count="873" type="cond" truecount="1" falsecount="0"/>
        <line num="172" count="45" type="stmt"/>
        <line num="182" count="1251" type="stmt"/>
        <line num="190" count="1130" type="cond" truecount="1" falsecount="0"/>
        <line num="191" count="1" type="stmt"/>
        <line num="194" count="1129" type="stmt"/>
        <line num="196" count="1129" type="stmt"/>
        <line num="197" count="2687" type="cond" truecount="1" falsecount="0"/>
        <line num="199" count="150" type="stmt"/>
        <line num="203" count="979" type="stmt"/>
        <line num="215" count="2408" type="cond" truecount="1" falsecount="0"/>
        <line num="216" count="2" type="stmt"/>
        <line num="219" count="2406" type="stmt"/>
        <line num="221" count="2406" type="stmt"/>
        <line num="222" count="5857" type="cond" truecount="1" falsecount="0"/>
        <line num="223" count="323" type="stmt"/>
        <line num="224" count="323" type="cond" truecount="1" falsecount="0"/>
        <line num="225" count="25" type="stmt"/>
        <line num="230" count="2381" type="stmt"/>
        <line num="238" count="1207" type="stmt"/>
        <line num="240" count="1207" type="cond" truecount="3" falsecount="0"/>
        <line num="241" count="7" type="stmt"/>
        <line num="244" count="1200" type="stmt"/>
        <line num="252" count="1174" type="stmt"/>
        <line num="253" count="1174" type="stmt"/>
        <line num="255" count="1174" type="stmt"/>
        <line num="256" count="5124" type="stmt"/>
        <line num="260" count="1174" type="stmt"/>
        <line num="261" count="5832" type="cond" truecount="1" falsecount="0"/>
        <line num="262" count="679" type="stmt"/>
        <line num="265" count="5153" type="stmt"/>
        <line num="266" count="5153" type="stmt"/>
        <line num="267" count="5153" type="stmt"/>
        <line num="271" count="4893" type="stmt"/>
        <line num="272" count="1174" type="cond" truecount="1" falsecount="0"/>
        <line num="273" count="1036" type="stmt"/>
        <line num="276" count="138" type="stmt"/>
        <line num="277" count="369" type="cond" truecount="2" falsecount="0"/>
        <line num="279" count="138" type="cond" truecount="1" falsecount="0"/>
        <line num="280" count="93" type="stmt"/>
        <line num="283" count="45" type="stmt"/>
        <line num="284" count="45" type="stmt"/>
        <line num="286" count="45" type="stmt"/>
        <line num="306" count="1205" type="stmt"/>
        <line num="307" count="1205" type="cond" truecount="1" falsecount="0"/>
        <line num="308" count="6" type="stmt"/>
        <line num="318" count="1199" type="stmt"/>
        <line num="319" count="1199" type="cond" truecount="1" falsecount="0"/>
        <line num="320" count="8" type="stmt"/>
        <line num="321" count="8" type="stmt"/>
        <line num="331" count="1191" type="stmt"/>
        <line num="332" count="1191" type="cond" truecount="1" falsecount="0"/>
        <line num="334" count="19" type="stmt"/>
        <line num="335" count="0" type="stmt"/>
        <line num="338" count="19" type="stmt"/>
        <line num="339" count="19" type="stmt"/>
        <line num="342" count="95" type="stmt"/>
        <line num="343" count="19" type="stmt"/>
        <line num="344" count="19" type="cond" truecount="1" falsecount="1"/>
        <line num="346" count="19" type="stmt"/>
        <line num="347" count="19" type="cond" truecount="1" falsecount="0"/>
        <line num="348" count="19" type="stmt"/>
        <line num="351" count="19" type="stmt"/>
        <line num="364" count="1172" type="stmt"/>
        <line num="365" count="1172" type="cond" truecount="1" falsecount="0"/>
        <line num="366" count="44" type="stmt"/>
        <line num="367" count="44" type="stmt"/>
        <line num="377" count="1128" type="stmt"/>
        <line num="378" count="1128" type="cond" truecount="1" falsecount="0"/>
        <line num="379" count="149" type="stmt"/>
        <line num="384" count="745" type="stmt"/>
        <line num="389" count="979" type="stmt"/>
        <line num="390" count="979" type="cond" truecount="1" falsecount="0"/>
        <line num="391" count="26" type="stmt"/>
        <line num="392" count="26" type="stmt"/>
        <line num="402" count="953" type="stmt"/>
        <line num="403" count="953" type="cond" truecount="1" falsecount="0"/>
        <line num="405" count="93" type="stmt"/>
        <line num="406" count="0" type="stmt"/>
        <line num="409" count="93" type="stmt"/>
        <line num="410" count="93" type="stmt"/>
        <line num="413" count="465" type="stmt"/>
        <line num="414" count="93" type="stmt"/>
        <line num="415" count="93" type="stmt"/>
        <line num="417" count="93" type="stmt"/>
        <line num="424" count="186" type="stmt"/>
        <line num="430" count="860" type="stmt"/>
        <line num="431" count="860" type="cond" truecount="1" falsecount="0"/>
        <line num="433" count="91" type="stmt"/>
        <line num="435" count="91" type="stmt"/>
        <line num="436" count="91" type="stmt"/>
        <line num="439" count="91" type="stmt"/>
        <line num="441" count="455" type="cond" truecount="2" falsecount="0"/>
        <line num="443" count="91" type="stmt"/>
        <line num="444" count="91" type="cond" truecount="1" falsecount="1"/>
        <line num="446" count="91" type="stmt"/>
        <line num="447" count="91" type="cond" truecount="1" falsecount="0"/>
        <line num="448" count="91" type="stmt"/>
        <line num="451" count="91" type="stmt"/>
        <line num="465" count="769" type="cond" truecount="1" falsecount="0"/>
        <line num="466" count="239" type="stmt"/>
        <line num="467" count="239" type="stmt"/>
        <line num="470" count="1195" type="stmt"/>
        <line num="471" count="239" type="stmt"/>
        <line num="472" count="239" type="stmt"/>
        <line num="474" count="239" type="stmt"/>
        <line num="481" count="717" type="stmt"/>
        <line num="487" count="530" type="stmt"/>
        <line num="488" count="530" type="stmt"/>
        <line num="490" count="530" type="stmt"/>
        <line num="495" count="2647" type="stmt"/>
        <line num="516" count="145" type="cond" truecount="0" falsecount="1"/>
        <line num="517" count="0" type="stmt"/>
        <line num="527" count="145" type="stmt"/>
        <line num="528" count="729" type="stmt"/>
        <line num="529" count="729" type="cond" truecount="2" falsecount="0"/>
        <line num="533" count="145" type="stmt"/>
        <line num="536" count="145" type="stmt"/>
        <line num="537" count="145" type="stmt"/>
        <line num="538" count="337" type="stmt"/>
        <line num="542" count="145" type="stmt"/>
        <line num="543" count="297" type="stmt"/>
        <line num="544" count="297" type="stmt"/>
        <line num="547" count="297" type="cond" truecount="1" falsecount="0"/>
        <line num="548" count="297" type="cond" truecount="1" falsecount="0"/>
        <line num="550" count="297" type="stmt"/>
        <line num="554" count="145" type="cond" truecount="1" falsecount="0"/>
        <line num="555" count="126" type="stmt"/>
        <line num="565" count="19" type="stmt"/>
        <line num="568" count="19" type="stmt"/>
        <line num="569" count="95" type="stmt"/>
        <line num="570" count="95" type="cond" truecount="2" falsecount="0"/>
        <line num="573" count="19" type="cond" truecount="0" falsecount="1"/>
        <line num="574" count="0" type="stmt"/>
        <line num="585" count="19" type="stmt"/>
        <line num="587" count="19" type="stmt"/>
        <line num="588" count="95" type="stmt"/>
        <line num="589" count="95" type="cond" truecount="1" falsecount="0"/>
        <line num="592" count="95" type="stmt"/>
        <line num="595" count="19" type="stmt"/>
        <line num="601" count="95" type="stmt"/>
        <line num="602" count="95" type="cond" truecount="2" falsecount="0"/>
        <line num="613" count="60" type="stmt"/>
        <line num="616" count="4685" type="cond" truecount="1" falsecount="0"/>
        <line num="617" count="924" type="stmt"/>
        <line num="618" count="924" type="stmt"/>
        <line num="621" count="3761" type="stmt"/>
        <line num="622" count="4625" type="stmt"/>
        <line num="623" count="4625" type="stmt"/>
        <line num="624" count="4625" type="stmt"/>
        <line num="628" count="60" type="stmt"/>
        <line num="629" count="60" type="stmt"/>
        <line num="641" count="11" type="stmt"/>
        <line num="644" count="11" type="stmt"/>
        <line num="647" count="11" type="stmt"/>
        <line num="648" count="11" type="stmt"/>
        <line num="649" count="66" type="stmt"/>
        <line num="650" count="660" type="stmt"/>
        <line num="654" count="11" type="stmt"/>
      </file>
      <file name="OmahaEvaluator.ts" path="C:\Users\fille\poker-engine\src\evaluator\OmahaEvaluator.ts">
        <metrics statements="33" coveredstatements="32" conditionals="11" coveredconditionals="10" methods="4" coveredmethods="4"/>
        <line num="2" count="8" type="stmt"/>
        <line num="8" count="8" type="stmt"/>
        <line num="14" count="8" type="stmt"/>
        <line num="16" count="8" type="stmt"/>
        <line num="27" count="9" type="cond" truecount="1" falsecount="0"/>
        <line num="28" count="1" type="stmt"/>
        <line num="32" count="8" type="stmt"/>
        <line num="38" count="8" type="stmt"/>
        <line num="43" count="8" type="stmt"/>
        <line num="44" count="472" type="stmt"/>
        <line num="49" count="472" type="cond" truecount="1" falsecount="0"/>
        <line num="55" count="32" type="stmt"/>
        <line num="60" count="8" type="stmt"/>
        <line num="78" count="2" type="cond" truecount="0" falsecount="1"/>
        <line num="80" count="0" type="stmt"/>
        <line num="89" count="2" type="stmt"/>
        <line num="90" count="2" type="stmt"/>
        <line num="93" count="2" type="stmt"/>
        <line num="99" count="2" type="stmt"/>
        <line num="101" count="2" type="stmt"/>
        <line num="102" count="120" type="stmt"/>
        <line num="108" count="120" type="cond" truecount="1" falsecount="0"/>
        <line num="112" count="2" type="stmt"/>
        <line num="117" count="2" type="cond" truecount="1" falsecount="0"/>
        <line num="118" count="1" type="stmt"/>
        <line num="127" count="1" type="stmt"/>
        <line num="144" count="2" type="stmt"/>
        <line num="147" count="2" type="stmt"/>
        <line num="148" count="2" type="cond" truecount="1" falsecount="0"/>
        <line num="151" count="2" type="stmt"/>
        <line num="153" count="2" type="cond" truecount="1" falsecount="0"/>
        <line num="154" count="1" type="stmt"/>
        <line num="158" count="2" type="stmt"/>
      </file>
      <file name="TexasHoldemEvaluator.ts" path="C:\Users\fille\poker-engine\src\evaluator\TexasHoldemEvaluator.ts">
        <metrics statements="21" coveredstatements="20" conditionals="7" coveredconditionals="5" methods="3" coveredmethods="3"/>
        <line num="2" count="9" type="stmt"/>
        <line num="8" count="9" type="stmt"/>
        <line num="14" count="9" type="stmt"/>
        <line num="16" count="49" type="stmt"/>
        <line num="27" count="35" type="stmt"/>
        <line num="30" count="35" type="stmt"/>
        <line num="36" count="35" type="stmt"/>
        <line num="41" count="35" type="stmt"/>
        <line num="42" count="680" type="stmt"/>
        <line num="47" count="680" type="cond" truecount="1" falsecount="0"/>
        <line num="53" count="34" type="stmt"/>
        <line num="58" count="35" type="stmt"/>
        <line num="75" count="1" type="stmt"/>
        <line num="81" count="1" type="stmt"/>
        <line num="83" count="1" type="stmt"/>
        <line num="84" count="21" type="stmt"/>
        <line num="90" count="21" type="cond" truecount="1" falsecount="0"/>
        <line num="94" count="1" type="stmt"/>
        <line num="99" count="1" type="cond" truecount="0" falsecount="1"/>
        <line num="100" count="0" type="stmt"/>
        <line num="109" count="1" type="stmt"/>
      </file>
      <file name="index.ts" path="C:\Users\fille\poker-engine\src\evaluator\index.ts">
        <metrics statements="4" coveredstatements="4" conditionals="0" coveredconditionals="0" methods="0" coveredmethods="0"/>
        <line num="1" count="4" type="stmt"/>
        <line num="2" count="4" type="stmt"/>
        <line num="3" count="4" type="stmt"/>
        <line num="4" count="4" type="stmt"/>
      </file>
    </package>
    <package name="models">
      <metrics statements="318" coveredstatements="238" conditionals="62" coveredconditionals="38" methods="140" coveredmethods="99"/>
      <file name="Action.ts" path="C:\Users\fille\poker-engine\src\models\Action.ts">
        <metrics statements="27" coveredstatements="26" conditionals="14" coveredconditionals="13" methods="12" coveredmethods="12"/>
        <line num="1" count="15" type="stmt"/>
        <line num="4" count="15" type="stmt"/>
        <line num="11" count="44" type="cond" truecount="3" falsecount="0"/>
        <line num="12" count="17" type="cond" truecount="3" falsecount="0"/>
        <line num="13" count="6" type="stmt"/>
        <line num="17" count="38" type="stmt"/>
        <line num="18" count="38" type="stmt"/>
        <line num="19" count="38" type="stmt"/>
        <line num="20" count="38" type="stmt"/>
        <line num="24" count="1" type="stmt"/>
        <line num="28" count="16" type="stmt"/>
        <line num="32" count="5" type="stmt"/>
        <line num="36" count="1" type="stmt"/>
        <line num="43" count="6" type="stmt"/>
        <line num="50" count="6" type="stmt"/>
        <line num="57" count="6" type="stmt"/>
        <line num="64" count="6" type="stmt"/>
        <line num="71" count="6" type="stmt"/>
        <line num="78" count="6" type="stmt"/>
        <line num="85" count="14" type="cond" truecount="6" falsecount="1"/>
        <line num="87" count="2" type="stmt"/>
        <line num="89" count="2" type="stmt"/>
        <line num="91" count="2" type="stmt"/>
        <line num="93" count="3" type="stmt"/>
        <line num="95" count="3" type="stmt"/>
        <line num="97" count="2" type="stmt"/>
        <line num="99" count="0" type="stmt"/>
      </file>
      <file name="Card.ts" path="C:\Users\fille\poker-engine\src\models\Card.ts">
        <metrics statements="11" coveredstatements="8" conditionals="5" coveredconditionals="3" methods="6" coveredmethods="4"/>
        <line num="1" count="15" type="stmt"/>
        <line num="3" count="15" type="stmt"/>
        <line num="8" count="14078" type="stmt"/>
        <line num="9" count="14078" type="stmt"/>
        <line num="13" count="18461" type="stmt"/>
        <line num="17" count="26342" type="stmt"/>
        <line num="24" count="0" type="stmt"/>
        <line num="31" count="0" type="stmt"/>
        <line num="39" count="49862" type="stmt"/>
        <line num="55" count="49862" type="stmt"/>
        <line num="62" count="0" type="cond" truecount="0" falsecount="2"/>
      </file>
      <file name="Deck.ts" path="C:\Users\fille\poker-engine\src\models\Deck.ts">
        <metrics statements="25" coveredstatements="25" conditionals="2" coveredconditionals="2" methods="8" coveredmethods="8"/>
        <line num="1" count="12" type="stmt"/>
        <line num="2" count="12" type="stmt"/>
        <line num="4" count="12" type="stmt"/>
        <line num="8" count="67" type="stmt"/>
        <line num="9" count="67" type="stmt"/>
        <line num="16" count="68" type="stmt"/>
        <line num="18" count="68" type="stmt"/>
        <line num="19" count="68" type="stmt"/>
        <line num="21" count="68" type="stmt"/>
        <line num="22" count="272" type="stmt"/>
        <line num="23" count="3536" type="stmt"/>
        <line num="32" count="31" type="stmt"/>
        <line num="34" count="1581" type="stmt"/>
        <line num="36" count="1581" type="stmt"/>
        <line num="45" count="167" type="stmt"/>
        <line num="54" count="9" type="stmt"/>
        <line num="55" count="9" type="stmt"/>
        <line num="56" count="85" type="stmt"/>
        <line num="57" count="85" type="cond" truecount="2" falsecount="0"/>
        <line num="58" count="84" type="stmt"/>
        <line num="60" count="1" type="stmt"/>
        <line num="63" count="9" type="stmt"/>
        <line num="70" count="20" type="stmt"/>
        <line num="77" count="1" type="stmt"/>
        <line num="84" count="4" type="stmt"/>
      </file>
      <file name="Hand.ts" path="C:\Users\fille\poker-engine\src\models\Hand.ts">
        <metrics statements="26" coveredstatements="19" conditionals="1" coveredconditionals="1" methods="14" coveredmethods="6"/>
        <line num="4" count="19" type="stmt"/>
        <line num="6" count="221" type="stmt"/>
        <line num="7" count="221" type="stmt"/>
        <line num="8" count="221" type="stmt"/>
        <line num="11" count="221" type="stmt"/>
        <line num="18" count="16" type="stmt"/>
        <line num="20" count="16" type="stmt"/>
        <line num="21" count="16" type="stmt"/>
        <line num="22" count="16" type="stmt"/>
        <line num="29" count="30" type="stmt"/>
        <line num="31" count="30" type="stmt"/>
        <line num="32" count="30" type="stmt"/>
        <line num="33" count="30" type="stmt"/>
        <line num="40" count="60" type="stmt"/>
        <line num="47" count="9" type="stmt"/>
        <line num="54" count="14" type="stmt"/>
        <line num="55" count="14" type="stmt"/>
        <line num="56" count="14" type="stmt"/>
        <line num="57" count="14" type="stmt"/>
        <line num="64" count="0" type="stmt"/>
        <line num="71" count="0" type="stmt"/>
        <line num="78" count="0" type="stmt"/>
        <line num="85" count="0" type="stmt"/>
        <line num="92" count="0" type="stmt"/>
        <line num="99" count="0" type="stmt"/>
        <line num="106" count="0" type="stmt"/>
      </file>
      <file name="Player.ts" path="C:\Users\fille\poker-engine\src\models\Player.ts">
        <metrics statements="44" coveredstatements="44" conditionals="2" coveredconditionals="2" methods="28" coveredmethods="28"/>
        <line num="1" count="15" type="stmt"/>
        <line num="3" count="15" type="stmt"/>
        <line num="12" count="15" type="stmt"/>
        <line num="24" count="169" type="stmt"/>
        <line num="25" count="169" type="stmt"/>
        <line num="26" count="169" type="stmt"/>
        <line num="27" count="169" type="stmt"/>
        <line num="28" count="169" type="stmt"/>
        <line num="29" count="169" type="stmt"/>
        <line num="30" count="169" type="stmt"/>
        <line num="31" count="169" type="stmt"/>
        <line num="32" count="169" type="stmt"/>
        <line num="33" count="169" type="stmt"/>
        <line num="39" count="166" type="stmt"/>
        <line num="43" count="40" type="stmt"/>
        <line num="47" count="20" type="stmt"/>
        <line num="52" count="8" type="stmt"/>
        <line num="56" count="49" type="stmt"/>
        <line num="60" count="2" type="stmt"/>
        <line num="67" count="2" type="stmt"/>
        <line num="74" count="5" type="stmt"/>
        <line num="78" count="5" type="stmt"/>
        <line num="82" count="3" type="stmt"/>
        <line num="86" count="14" type="stmt"/>
        <line num="90" count="102" type="stmt"/>
        <line num="93" count="102" type="stmt"/>
        <line num="97" count="25" type="stmt"/>
        <line num="101" count="13" type="stmt"/>
        <line num="105" count="12" type="stmt"/>
        <line num="109" count="1" type="stmt"/>
        <line num="116" count="2" type="stmt"/>
        <line num="128" count="1" type="stmt"/>
        <line num="136" count="4" type="stmt"/>
        <line num="137" count="4" type="stmt"/>
        <line num="138" count="4" type="stmt"/>
        <line num="139" count="4" type="stmt"/>
        <line num="146" count="2" type="stmt"/>
        <line num="153" count="1" type="stmt"/>
        <line num="160" count="23" type="stmt"/>
        <line num="167" count="4" type="stmt"/>
        <line num="174" count="4" type="stmt"/>
        <line num="181" count="4" type="stmt"/>
        <line num="188" count="3" type="stmt"/>
        <line num="197" count="271" type="cond" truecount="2" falsecount="0"/>
      </file>
      <file name="Pot.ts" path="C:\Users\fille\poker-engine\src\models\Pot.ts">
        <metrics statements="63" coveredstatements="52" conditionals="13" coveredconditionals="6" methods="25" coveredmethods="23"/>
        <line num="8" count="12" type="stmt"/>
        <line num="14" count="82" type="stmt"/>
        <line num="15" count="82" type="stmt"/>
        <line num="16" count="82" type="stmt"/>
        <line num="20" count="19" type="stmt"/>
        <line num="27" count="20" type="stmt"/>
        <line num="29" count="20" type="stmt"/>
        <line num="30" count="20" type="stmt"/>
        <line num="32" count="20" type="cond" truecount="2" falsecount="0"/>
        <line num="33" count="1" type="stmt"/>
        <line num="35" count="19" type="stmt"/>
        <line num="39" count="20" type="stmt"/>
        <line num="46" count="8" type="stmt"/>
        <line num="53" count="7" type="stmt"/>
        <line num="54" count="7" type="stmt"/>
        <line num="55" count="7" type="stmt"/>
        <line num="62" count="9" type="stmt"/>
        <line num="69" count="4" type="stmt"/>
        <line num="76" count="2" type="stmt"/>
        <line num="77" count="2" type="stmt"/>
        <line num="78" count="2" type="stmt"/>
        <line num="82" count="12" type="stmt"/>
        <line num="88" count="69" type="stmt"/>
        <line num="89" count="69" type="stmt"/>
        <line num="90" count="69" type="stmt"/>
        <line num="94" count="6" type="stmt"/>
        <line num="98" count="5" type="stmt"/>
        <line num="102" count="9" type="stmt"/>
        <line num="103" count="9" type="stmt"/>
        <line num="104" count="9" type="stmt"/>
        <line num="105" count="10" type="stmt"/>
        <line num="109" count="9" type="stmt"/>
        <line num="116" count="8" type="cond" truecount="2" falsecount="0"/>
        <line num="117" count="8" type="stmt"/>
        <line num="126" count="2" type="cond" truecount="1" falsecount="0"/>
        <line num="127" count="1" type="stmt"/>
        <line num="131" count="1" type="stmt"/>
        <line num="132" count="1" type="stmt"/>
        <line num="136" count="0" type="stmt"/>
        <line num="139" count="1" type="stmt"/>
        <line num="140" count="1" type="stmt"/>
        <line num="141" count="1" type="stmt"/>
        <line num="144" count="1" type="cond" truecount="0" falsecount="1"/>
        <line num="147" count="1" type="stmt"/>
        <line num="148" count="1" type="cond" truecount="1" falsecount="0"/>
        <line num="151" count="0" type="stmt"/>
        <line num="153" count="0" type="cond" truecount="0" falsecount="1"/>
        <line num="155" count="0" type="cond" truecount="0" falsecount="4"/>
        <line num="156" count="0" type="stmt"/>
        <line num="159" count="0" type="stmt"/>
        <line num="162" count="0" type="cond" truecount="0" falsecount="1"/>
        <line num="163" count="0" type="stmt"/>
        <line num="167" count="0" type="stmt"/>
        <line num="172" count="0" type="stmt"/>
        <line num="176" count="1" type="stmt"/>
        <line num="183" count="2" type="stmt"/>
        <line num="184" count="2" type="stmt"/>
        <line num="191" count="1" type="stmt"/>
        <line num="192" count="1" type="stmt"/>
        <line num="193" count="1" type="stmt"/>
        <line num="203" count="1" type="stmt"/>
        <line num="205" count="0" type="stmt"/>
        <line num="206" count="1" type="stmt"/>
      </file>
      <file name="Table.ts" path="C:\Users\fille\poker-engine\src\models\Table.ts">
        <metrics statements="115" coveredstatements="57" conditionals="25" coveredconditionals="11" methods="47" coveredmethods="18"/>
        <line num="1" count="11" type="stmt"/>
        <line num="4" count="11" type="stmt"/>
        <line num="33" count="11" type="stmt"/>
        <line num="54" count="40" type="stmt"/>
        <line num="55" count="40" type="stmt"/>
        <line num="56" count="40" type="stmt"/>
        <line num="57" count="40" type="stmt"/>
        <line num="58" count="40" type="stmt"/>
        <line num="59" count="40" type="stmt"/>
        <line num="60" count="40" type="stmt"/>
        <line num="61" count="40" type="stmt"/>
        <line num="62" count="40" type="stmt"/>
        <line num="65" count="40" type="stmt"/>
        <line num="66" count="40" type="stmt"/>
        <line num="70" count="40" type="stmt"/>
        <line num="71" count="40" type="stmt"/>
        <line num="72" count="40" type="stmt"/>
        <line num="73" count="40" type="stmt"/>
        <line num="74" count="40" type="stmt"/>
        <line num="75" count="40" type="stmt"/>
        <line num="76" count="40" type="stmt"/>
        <line num="77" count="40" type="stmt"/>
        <line num="81" count="45" type="stmt"/>
        <line num="85" count="0" type="stmt"/>
        <line num="89" count="20" type="stmt"/>
        <line num="93" count="0" type="stmt"/>
        <line num="97" count="0" type="stmt"/>
        <line num="101" count="0" type="stmt"/>
        <line num="105" count="0" type="stmt"/>
        <line num="109" count="0" type="stmt"/>
        <line num="113" count="0" type="stmt"/>
        <line num="117" count="14" type="stmt"/>
        <line num="121" count="1" type="stmt"/>
        <line num="123" count="6" type="cond" truecount="2" falsecount="1"/>
        <line num="125" count="1" type="stmt"/>
        <line num="129" count="6" type="stmt"/>
        <line num="132" count="1" type="stmt"/>
        <line num="136" count="3" type="stmt"/>
        <line num="140" count="0" type="stmt"/>
        <line num="144" count="0" type="stmt"/>
        <line num="148" count="0" type="stmt"/>
        <line num="152" count="0" type="stmt"/>
        <line num="156" count="0" type="stmt"/>
        <line num="160" count="0" type="stmt"/>
        <line num="164" count="0" type="stmt"/>
        <line num="168" count="0" type="cond" truecount="0" falsecount="1"/>
        <line num="172" count="0" type="stmt"/>
        <line num="174" count="0" type="stmt"/>
        <line num="178" count="1" type="stmt"/>
        <line num="182" count="0" type="stmt"/>
        <line num="186" count="0" type="stmt"/>
        <line num="190" count="0" type="stmt"/>
        <line num="194" count="0" type="stmt"/>
        <line num="201" count="0" type="stmt"/>
        <line num="208" count="7" type="stmt"/>
        <line num="215" count="0" type="stmt"/>
        <line num="223" count="7" type="stmt"/>
        <line num="226" count="7" type="stmt"/>
        <line num="230" count="7" type="cond" truecount="2" falsecount="1"/>
        <line num="231" count="0" type="stmt"/>
        <line num="234" count="0" type="stmt"/>
        <line num="237" count="7" type="cond" truecount="0" falsecount="1"/>
        <line num="238" count="0" type="stmt"/>
        <line num="241" count="0" type="stmt"/>
        <line num="245" count="7" type="stmt"/>
        <line num="248" count="7" type="cond" truecount="1" falsecount="1"/>
        <line num="249" count="7" type="stmt"/>
        <line num="253" count="0" type="stmt"/>
        <line num="256" count="0" type="stmt"/>
        <line num="261" count="7" type="stmt"/>
        <line num="263" count="57" type="stmt"/>
        <line num="266" count="7" type="stmt"/>
        <line num="273" count="3" type="stmt"/>
        <line num="274" count="10" type="cond" truecount="2" falsecount="0"/>
        <line num="277" count="3" type="cond" truecount="0" falsecount="1"/>
        <line num="278" count="0" type="stmt"/>
        <line num="281" count="3" type="stmt"/>
        <line num="282" count="3" type="stmt"/>
        <line num="289" count="0" type="stmt"/>
        <line num="291" count="0" type="cond" truecount="0" falsecount="1"/>
        <line num="292" count="0" type="stmt"/>
        <line num="295" count="0" type="stmt"/>
        <line num="298" count="0" type="stmt"/>
        <line num="299" count="0" type="stmt"/>
        <line num="302" count="0" type="stmt"/>
        <line num="309" count="0" type="stmt"/>
        <line num="310" count="0" type="stmt"/>
        <line num="311" count="0" type="stmt"/>
        <line num="312" count="0" type="stmt"/>
        <line num="313" count="0" type="stmt"/>
        <line num="320" count="0" type="stmt"/>
        <line num="322" count="0" type="stmt"/>
        <line num="342" count="0" type="stmt"/>
        <line num="343" count="0" type="stmt"/>
        <line num="344" count="0" type="stmt"/>
        <line num="345" count="0" type="stmt"/>
        <line num="352" count="1" type="stmt"/>
        <line num="356" count="1" type="stmt"/>
        <line num="357" count="6" type="cond" truecount="2" falsecount="0"/>
        <line num="358" count="5" type="stmt"/>
        <line num="360" count="1" type="stmt"/>
        <line num="366" count="1" type="stmt"/>
        <line num="367" count="1" type="stmt"/>
        <line num="369" count="6" type="stmt"/>
        <line num="378" count="0" type="stmt"/>
        <line num="382" count="0" type="cond" truecount="0" falsecount="3"/>
        <line num="383" count="0" type="stmt"/>
        <line num="386" count="0" type="stmt"/>
        <line num="390" count="0" type="stmt"/>
        <line num="393" count="0" type="cond" truecount="0" falsecount="2"/>
        <line num="394" count="0" type="stmt"/>
        <line num="397" count="0" type="stmt"/>
        <line num="399" count="0" type="stmt"/>
        <line num="402" count="0" type="stmt"/>
        <line num="412" count="78" type="cond" truecount="2" falsecount="0"/>
      </file>
      <file name="index.ts" path="C:\Users\fille\poker-engine\src\models\index.ts">
        <metrics statements="7" coveredstatements="7" conditionals="0" coveredconditionals="0" methods="0" coveredmethods="0"/>
        <line num="1" count="12" type="stmt"/>
        <line num="2" count="12" type="stmt"/>
        <line num="3" count="12" type="stmt"/>
        <line num="4" count="12" type="stmt"/>
        <line num="5" count="12" type="stmt"/>
        <line num="6" count="12" type="stmt"/>
        <line num="7" count="12" type="stmt"/>
      </file>
    </package>
    <package name="rules">
      <metrics statements="55" coveredstatements="54" conditionals="23" coveredconditionals="23" methods="2" coveredmethods="2"/>
      <file name="GameVariantConfig.ts" path="C:\Users\fille\poker-engine\src\rules\GameVariantConfig.ts">
        <metrics statements="54" coveredstatements="54" conditionals="23" coveredconditionals="23" methods="2" coveredmethods="2"/>
        <line num="1" count="1" type="stmt"/>
        <line num="6" count="1" type="stmt"/>
        <line num="29" count="1" type="stmt"/>
        <line num="36" count="17" type="stmt"/>
        <line num="44" count="17" type="cond" truecount="4" falsecount="0"/>
        <line num="46" count="8" type="stmt"/>
        <line num="49" count="8" type="stmt"/>
        <line num="50" count="8" type="stmt"/>
        <line num="51" count="8" type="stmt"/>
        <line num="52" count="8" type="stmt"/>
        <line num="53" count="8" type="stmt"/>
        <line num="57" count="8" type="stmt"/>
        <line num="59" count="8" type="stmt"/>
        <line num="64" count="8" type="cond" truecount="1" falsecount="0"/>
        <line num="65" count="1" type="stmt"/>
        <line num="70" count="8" type="stmt"/>
        <line num="73" count="4" type="stmt"/>
        <line num="76" count="4" type="stmt"/>
        <line num="77" count="4" type="stmt"/>
        <line num="78" count="4" type="stmt"/>
        <line num="79" count="4" type="stmt"/>
        <line num="80" count="4" type="stmt"/>
        <line num="84" count="4" type="stmt"/>
        <line num="86" count="4" type="stmt"/>
        <line num="91" count="4" type="cond" truecount="1" falsecount="0"/>
        <line num="92" count="2" type="stmt"/>
        <line num="97" count="4" type="stmt"/>
        <line num="100" count="4" type="stmt"/>
        <line num="103" count="4" type="stmt"/>
        <line num="104" count="4" type="stmt"/>
        <line num="105" count="4" type="stmt"/>
        <line num="106" count="4" type="stmt"/>
        <line num="107" count="4" type="stmt"/>
        <line num="111" count="4" type="stmt"/>
        <line num="113" count="4" type="stmt"/>
        <line num="118" count="4" type="cond" truecount="1" falsecount="0"/>
        <line num="119" count="2" type="stmt"/>
        <line num="124" count="4" type="stmt"/>
        <line num="127" count="1" type="stmt"/>
        <line num="131" count="16" type="cond" truecount="4" falsecount="0"/>
        <line num="133" count="3" type="stmt"/>
        <line num="136" count="3" type="stmt"/>
        <line num="139" count="6" type="stmt"/>
        <line num="142" count="6" type="stmt"/>
        <line num="145" count="6" type="stmt"/>
        <line num="148" count="6" type="stmt"/>
        <line num="151" count="1" type="stmt"/>
        <line num="154" count="15" type="stmt"/>
        <line num="161" count="16" type="cond" truecount="4" falsecount="0"/>
        <line num="163" count="3" type="stmt"/>
        <line num="165" count="6" type="stmt"/>
        <line num="167" count="6" type="stmt"/>
        <line num="169" count="1" type="stmt"/>
        <line num="176" count="1" type="stmt"/>
      </file>
      <file name="index.ts" path="C:\Users\fille\poker-engine\src\rules\index.ts">
        <metrics statements="1" coveredstatements="0" conditionals="0" coveredconditionals="0" methods="0" coveredmethods="0"/>
        <line num="1" count="0" type="stmt"/>
      </file>
    </package>
    <package name="types">
      <metrics statements="74" coveredstatements="74" conditionals="20" coveredconditionals="20" methods="10" coveredmethods="10"/>
      <file name="index.ts" path="C:\Users\fille\poker-engine\src\types\index.ts">
        <metrics statements="74" coveredstatements="74" conditionals="20" coveredconditionals="20" methods="10" coveredmethods="10"/>
        <line num="2" count="28" type="cond" truecount="2" falsecount="0"/>
        <line num="3" count="28" type="stmt"/>
        <line num="4" count="28" type="stmt"/>
        <line num="5" count="28" type="stmt"/>
        <line num="6" count="28" type="stmt"/>
        <line num="9" count="28" type="cond" truecount="2" falsecount="0"/>
        <line num="10" count="28" type="stmt"/>
        <line num="11" count="28" type="stmt"/>
        <line num="12" count="28" type="stmt"/>
        <line num="13" count="28" type="stmt"/>
        <line num="14" count="28" type="stmt"/>
        <line num="15" count="28" type="stmt"/>
        <line num="16" count="28" type="stmt"/>
        <line num="17" count="28" type="stmt"/>
        <line num="18" count="28" type="stmt"/>
        <line num="19" count="28" type="stmt"/>
        <line num="20" count="28" type="stmt"/>
        <line num="21" count="28" type="stmt"/>
        <line num="22" count="28" type="stmt"/>
        <line num="26" count="28" type="cond" truecount="2" falsecount="0"/>
        <line num="27" count="28" type="stmt"/>
        <line num="28" count="28" type="stmt"/>
        <line num="29" count="28" type="stmt"/>
        <line num="30" count="28" type="stmt"/>
        <line num="33" count="28" type="cond" truecount="2" falsecount="0"/>
        <line num="34" count="28" type="stmt"/>
        <line num="35" count="28" type="stmt"/>
        <line num="36" count="28" type="stmt"/>
        <line num="37" count="28" type="stmt"/>
        <line num="38" count="28" type="stmt"/>
        <line num="39" count="28" type="stmt"/>
        <line num="43" count="28" type="cond" truecount="2" falsecount="0"/>
        <line num="44" count="28" type="stmt"/>
        <line num="45" count="28" type="stmt"/>
        <line num="46" count="28" type="stmt"/>
        <line num="47" count="28" type="stmt"/>
        <line num="48" count="28" type="stmt"/>
        <line num="49" count="28" type="stmt"/>
        <line num="50" count="28" type="stmt"/>
        <line num="51" count="28" type="stmt"/>
        <line num="55" count="28" type="cond" truecount="2" falsecount="0"/>
        <line num="56" count="28" type="stmt"/>
        <line num="57" count="28" type="stmt"/>
        <line num="58" count="28" type="stmt"/>
        <line num="59" count="28" type="stmt"/>
        <line num="60" count="28" type="stmt"/>
        <line num="61" count="28" type="stmt"/>
        <line num="65" count="28" type="cond" truecount="2" falsecount="0"/>
        <line num="66" count="28" type="stmt"/>
        <line num="67" count="28" type="stmt"/>
        <line num="68" count="28" type="stmt"/>
        <line num="69" count="28" type="stmt"/>
        <line num="70" count="28" type="stmt"/>
        <line num="71" count="28" type="stmt"/>
        <line num="72" count="28" type="stmt"/>
        <line num="73" count="28" type="stmt"/>
        <line num="74" count="28" type="stmt"/>
        <line num="75" count="28" type="stmt"/>
        <line num="79" count="28" type="cond" truecount="2" falsecount="0"/>
        <line num="80" count="28" type="stmt"/>
        <line num="81" count="28" type="stmt"/>
        <line num="82" count="28" type="stmt"/>
        <line num="86" count="28" type="cond" truecount="2" falsecount="0"/>
        <line num="87" count="28" type="stmt"/>
        <line num="88" count="28" type="stmt"/>
        <line num="89" count="28" type="stmt"/>
        <line num="93" count="28" type="cond" truecount="2" falsecount="0"/>
        <line num="94" count="28" type="stmt"/>
        <line num="95" count="28" type="stmt"/>
        <line num="96" count="28" type="stmt"/>
        <line num="97" count="28" type="stmt"/>
        <line num="98" count="28" type="stmt"/>
        <line num="99" count="28" type="stmt"/>
        <line num="100" count="28" type="stmt"/>
      </file>
    </package>
  </project>
</coverage>
