{"C:\\Users\\fille\\poker-engine\\src\\engine\\Dealer.ts": {"path":"C:\\Users\\fille\\poker-engine\\src\\engine\\Dealer.ts","statementMap":{"0":{"start":{"line":2,"column":0},"end":{"line":2,"column":38}},"1":{"start":{"line":15,"column":10},"end":{"line":15,"column":33}},"2":{"start":{"line":18,"column":4},"end":{"line":18,"column":27}},"3":{"start":{"line":19,"column":4},"end":{"line":19,"column":17}},"4":{"start":{"line":26,"column":4},"end":{"line":26,"column":27}},"5":{"start":{"line":27,"column":4},"end":{"line":27,"column":24}},"6":{"start":{"line":28,"column":4},"end":{"line":28,"column":24}},"7":{"start":{"line":41,"column":23},"end":{"line":41,"column":48}},"8":{"start":{"line":44,"column":4},"end":{"line":48,"column":7}},"9":{"start":{"line":45,"column":6},"end":{"line":47,"column":7}},"10":{"start":{"line":46,"column":8},"end":{"line":46,"column":28}},"11":{"start":{"line":51,"column":4},"end":{"line":69,"column":5}},"12":{"start":{"line":51,"column":21},"end":{"line":51,"column":22}},"13":{"start":{"line":52,"column":6},"end":{"line":68,"column":7}},"14":{"start":{"line":53,"column":8},"end":{"line":67,"column":9}},"15":{"start":{"line":54,"column":23},"end":{"line":54,"column":39}},"16":{"start":{"line":55,"column":10},"end":{"line":66,"column":11}},"17":{"start":{"line":56,"column":12},"end":{"line":56,"column":38}},"18":{"start":{"line":59,"column":12},"end":{"line":61,"column":13}},"19":{"start":{"line":60,"column":14},"end":{"line":60,"column":44}},"20":{"start":{"line":62,"column":32},"end":{"line":62,"column":57}},"21":{"start":{"line":63,"column":12},"end":{"line":65,"column":13}},"22":{"start":{"line":64,"column":14},"end":{"line":64,"column":37}},"23":{"start":{"line":71,"column":4},"end":{"line":71,"column":22}},"24":{"start":{"line":79,"column":21},"end":{"line":79,"column":37}},"25":{"start":{"line":80,"column":4},"end":{"line":82,"column":5}},"26":{"start":{"line":81,"column":6},"end":{"line":81,"column":36}},"27":{"start":{"line":83,"column":4},"end":{"line":83,"column":20}},"28":{"start":{"line":93,"column":4},"end":{"line":93,"column":20}},"29":{"start":{"line":96,"column":22},"end":{"line":96,"column":47}},"30":{"start":{"line":97,"column":4},"end":{"line":97,"column":39}},"31":{"start":{"line":99,"column":4},"end":{"line":99,"column":21}},"32":{"start":{"line":109,"column":4},"end":{"line":109,"column":20}},"33":{"start":{"line":112,"column":21},"end":{"line":112,"column":37}},"34":{"start":{"line":113,"column":4},"end":{"line":115,"column":5}},"35":{"start":{"line":114,"column":6},"end":{"line":114,"column":42}},"36":{"start":{"line":117,"column":4},"end":{"line":117,"column":20}},"37":{"start":{"line":127,"column":4},"end":{"line":127,"column":20}},"38":{"start":{"line":130,"column":22},"end":{"line":130,"column":38}},"39":{"start":{"line":131,"column":4},"end":{"line":133,"column":5}},"40":{"start":{"line":132,"column":6},"end":{"line":132,"column":43}},"41":{"start":{"line":135,"column":4},"end":{"line":135,"column":21}},"42":{"start":{"line":144,"column":4},"end":{"line":144,"column":35}},"43":{"start":{"line":151,"column":4},"end":{"line":151,"column":36}},"44":{"start":{"line":158,"column":4},"end":{"line":158,"column":31}},"45":{"start":{"line":167,"column":4},"end":{"line":167,"column":41}},"46":{"start":{"line":13,"column":0},"end":{"line":13,"column":13}}},"fnMap":{"0":{"name":"(anonymous_0)","decl":{"start":{"line":17,"column":2},"end":{"line":17,"column":null}},"loc":{"start":{"line":17,"column":2},"end":{"line":20,"column":3}}},"1":{"name":"(anonymous_1)","decl":{"start":{"line":25,"column":9},"end":{"line":25,"column":14}},"loc":{"start":{"line":25,"column":14},"end":{"line":29,"column":3}}},"2":{"name":"(anonymous_2)","decl":{"start":{"line":37,"column":9},"end":{"line":37,"column":22}},"loc":{"start":{"line":39,"column":30},"end":{"line":72,"column":3}}},"3":{"name":"(anonymous_3)","decl":{"start":{"line":44,"column":20},"end":{"line":44,"column":21}},"loc":{"start":{"line":44,"column":31},"end":{"line":48,"column":5}}},"4":{"name":"(anonymous_4)","decl":{"start":{"line":78,"column":9},"end":{"line":78,"column":17}},"loc":{"start":{"line":78,"column":17},"end":{"line":84,"column":3}}},"5":{"name":"(anonymous_5)","decl":{"start":{"line":91,"column":9},"end":{"line":91,"column":17}},"loc":{"start":{"line":91,"column":30},"end":{"line":100,"column":3}}},"6":{"name":"(anonymous_6)","decl":{"start":{"line":107,"column":9},"end":{"line":107,"column":17}},"loc":{"start":{"line":107,"column":30},"end":{"line":118,"column":3}}},"7":{"name":"(anonymous_7)","decl":{"start":{"line":125,"column":9},"end":{"line":125,"column":18}},"loc":{"start":{"line":125,"column":31},"end":{"line":136,"column":3}}},"8":{"name":"(anonymous_8)","decl":{"start":{"line":143,"column":9},"end":{"line":143,"column":35}},"loc":{"start":{"line":143,"column":63},"end":{"line":145,"column":3}}},"9":{"name":"(anonymous_9)","decl":{"start":{"line":150,"column":9},"end":{"line":150,"column":30}},"loc":{"start":{"line":150,"column":30},"end":{"line":152,"column":3}}},"10":{"name":"(anonymous_10)","decl":{"start":{"line":157,"column":9},"end":{"line":157,"column":23}},"loc":{"start":{"line":157,"column":23},"end":{"line":159,"column":3}}},"11":{"name":"(anonymous_11)","decl":{"start":{"line":166,"column":9},"end":{"line":166,"column":18}},"loc":{"start":{"line":166,"column":32},"end":{"line":168,"column":3}}}},"branchMap":{"0":{"loc":{"start":{"line":39,"column":4},"end":{"line":39,"column":30}},"type":"default-arg","locations":[{"start":{"line":39,"column":29},"end":{"line":39,"column":30}}]},"1":{"loc":{"start":{"line":45,"column":6},"end":{"line":47,"column":7}},"type":"if","locations":[{"start":{"line":45,"column":6},"end":{"line":47,"column":7}}]},"2":{"loc":{"start":{"line":53,"column":8},"end":{"line":67,"column":9}},"type":"if","locations":[{"start":{"line":53,"column":8},"end":{"line":67,"column":9}}]},"3":{"loc":{"start":{"line":53,"column":12},"end":{"line":53,"column":39}},"type":"binary-expr","locations":[{"start":{"line":53,"column":12},"end":{"line":53,"column":18}},{"start":{"line":53,"column":22},"end":{"line":53,"column":39}}]},"4":{"loc":{"start":{"line":55,"column":10},"end":{"line":66,"column":11}},"type":"if","locations":[{"start":{"line":55,"column":10},"end":{"line":66,"column":11}}]},"5":{"loc":{"start":{"line":59,"column":12},"end":{"line":61,"column":13}},"type":"if","locations":[{"start":{"line":59,"column":12},"end":{"line":61,"column":13}}]},"6":{"loc":{"start":{"line":63,"column":12},"end":{"line":65,"column":13}},"type":"if","locations":[{"start":{"line":63,"column":12},"end":{"line":65,"column":13}}]},"7":{"loc":{"start":{"line":80,"column":4},"end":{"line":82,"column":5}},"type":"if","locations":[{"start":{"line":80,"column":4},"end":{"line":82,"column":5}}]},"8":{"loc":{"start":{"line":113,"column":4},"end":{"line":115,"column":5}},"type":"if","locations":[{"start":{"line":113,"column":4},"end":{"line":115,"column":5}}]},"9":{"loc":{"start":{"line":131,"column":4},"end":{"line":133,"column":5}},"type":"if","locations":[{"start":{"line":131,"column":4},"end":{"line":133,"column":5}}]}},"s":{"0":5,"1":59,"2":59,"3":59,"4":60,"5":60,"6":60,"7":3,"8":3,"9":9,"10":9,"11":3,"12":3,"13":6,"14":18,"15":16,"16":16,"17":16,"18":16,"19":8,"20":16,"21":16,"22":16,"23":3,"24":8,"25":8,"26":8,"27":8,"28":4,"29":4,"30":4,"31":4,"32":2,"33":2,"34":2,"35":2,"36":2,"37":1,"38":1,"39":1,"40":1,"41":1,"42":0,"43":9,"44":7,"45":0,"46":5},"f":{"0":59,"1":60,"2":3,"3":9,"4":8,"5":4,"6":2,"7":1,"8":0,"9":9,"10":7,"11":0},"b":{"0":[3],"1":[9],"2":[16],"3":[18,18],"4":[16],"5":[8],"6":[16],"7":[8],"8":[2],"9":[1]}}
,"C:\\Users\\fille\\poker-engine\\src\\engine\\GameEngine.ts": {"path":"C:\\Users\\fille\\poker-engine\\src\\engine\\GameEngine.ts","statementMap":{"0":{"start":{"line":1,"column":0},"end":{"line":1,"column":40}},"1":{"start":{"line":5,"column":0},"end":{"line":5,"column":42}},"2":{"start":{"line":6,"column":0},"end":{"line":6,"column":43}},"3":{"start":{"line":7,"column":0},"end":{"line":7,"column":50}},"4":{"start":{"line":9,"column":0},"end":{"line":9,"column":34}},"5":{"start":{"line":10,"column":0},"end":{"line":10,"column":null}},"6":{"start":{"line":28,"column":0},"end":{"line":28,"column":73}},"7":{"start":{"line":29,"column":0},"end":{"line":29,"column":61}},"8":{"start":{"line":58,"column":13},"end":{"line":67,"column":2}},"9":{"start":{"line":99,"column":10},"end":{"line":99,"column":41}},"10":{"start":{"line":100,"column":10},"end":{"line":100,"column":38}},"11":{"start":{"line":101,"column":10},"end":{"line":102,"column":14}},"12":{"start":{"line":103,"column":10},"end":{"line":103,"column":56}},"13":{"start":{"line":104,"column":10},"end":{"line":104,"column":53}},"14":{"start":{"line":115,"column":4},"end":{"line":115,"column":56}},"15":{"start":{"line":118,"column":24},"end":{"line":121,"column":6}},"16":{"start":{"line":124,"column":4},"end":{"line":134,"column":7}},"17":{"start":{"line":137,"column":24},"end":{"line":139,"column":6}},"18":{"start":{"line":141,"column":4},"end":{"line":141,"column":47}},"19":{"start":{"line":142,"column":4},"end":{"line":142,"column":31}},"20":{"start":{"line":143,"column":4},"end":{"line":143,"column":39}},"21":{"start":{"line":144,"column":4},"end":{"line":144,"column":47}},"22":{"start":{"line":147,"column":4},"end":{"line":147,"column":80}},"23":{"start":{"line":150,"column":4},"end":{"line":150,"column":52}},"24":{"start":{"line":153,"column":4},"end":{"line":155,"column":5}},"25":{"start":{"line":154,"column":6},"end":{"line":154,"column":51}},"26":{"start":{"line":163,"column":4},"end":{"line":163,"column":39}},"27":{"start":{"line":164,"column":4},"end":{"line":164,"column":44}},"28":{"start":{"line":172,"column":4},"end":{"line":172,"column":30}},"29":{"start":{"line":180,"column":4},"end":{"line":194,"column":5}},"30":{"start":{"line":182,"column":8},"end":{"line":186,"column":11}},"31":{"start":{"line":189,"column":8},"end":{"line":193,"column":11}},"32":{"start":{"line":203,"column":24},"end":{"line":205,"column":6}},"33":{"start":{"line":207,"column":4},"end":{"line":212,"column":5}},"34":{"start":{"line":208,"column":26},"end":{"line":210,"column":8}},"35":{"start":{"line":211,"column":6},"end":{"line":211,"column":19}},"36":{"start":{"line":215,"column":27},"end":{"line":215,"column":74}},"37":{"start":{"line":215,"column":63},"end":{"line":215,"column":73}},"38":{"start":{"line":216,"column":24},"end":{"line":218,"column":6}},"39":{"start":{"line":220,"column":4},"end":{"line":250,"column":5}},"40":{"start":{"line":222,"column":20},"end":{"line":222,"column":65}},"41":{"start":{"line":223,"column":26},"end":{"line":225,"column":8}},"42":{"start":{"line":228,"column":26},"end":{"line":229,"column":null}},"43":{"start":{"line":229,"column":15},"end":{"line":229,"column":47}},"44":{"start":{"line":231,"column":26},"end":{"line":233,"column":8}},"45":{"start":{"line":236,"column":6},"end":{"line":241,"column":7}},"46":{"start":{"line":237,"column":28},"end":{"line":239,"column":10}},"47":{"start":{"line":240,"column":8},"end":{"line":240,"column":44}},"48":{"start":{"line":244,"column":6},"end":{"line":247,"column":7}},"49":{"start":{"line":246,"column":8},"end":{"line":246,"column":59}},"50":{"start":{"line":249,"column":6},"end":{"line":249,"column":19}},"51":{"start":{"line":252,"column":24},"end":{"line":252,"column":128}},"52":{"start":{"line":253,"column":4},"end":{"line":253,"column":17}},"53":{"start":{"line":262,"column":24},"end":{"line":263,"column":null}},"54":{"start":{"line":263,"column":13},"end":{"line":263,"column":44}},"55":{"start":{"line":266,"column":4},"end":{"line":281,"column":5}},"56":{"start":{"line":267,"column":22},"end":{"line":267,"column":55}},"57":{"start":{"line":270,"column":6},"end":{"line":278,"column":7}},"58":{"start":{"line":272,"column":24},"end":{"line":272,"column":69}},"59":{"start":{"line":273,"column":8},"end":{"line":277,"column":9}},"60":{"start":{"line":274,"column":10},"end":{"line":274,"column":40}},"61":{"start":{"line":275,"column":10},"end":{"line":275,"column":35}},"62":{"start":{"line":276,"column":10},"end":{"line":276,"column":35}},"63":{"start":{"line":280,"column":6},"end":{"line":280,"column":21}},"64":{"start":{"line":283,"column":4},"end":{"line":283,"column":17}},"65":{"start":{"line":292,"column":24},"end":{"line":292,"column":136}},"66":{"start":{"line":293,"column":4},"end":{"line":293,"column":34}},"67":{"start":{"line":295,"column":20},"end":{"line":295,"column":76}},"68":{"start":{"line":295,"column":53},"end":{"line":295,"column":63}},"69":{"start":{"line":297,"column":24},"end":{"line":299,"column":6}},"70":{"start":{"line":300,"column":24},"end":{"line":302,"column":6}},"71":{"start":{"line":303,"column":24},"end":{"line":305,"column":6}},"72":{"start":{"line":308,"column":4},"end":{"line":313,"column":5}},"73":{"start":{"line":309,"column":26},"end":{"line":311,"column":8}},"74":{"start":{"line":312,"column":6},"end":{"line":312,"column":19}},"75":{"start":{"line":315,"column":4},"end":{"line":320,"column":5}},"76":{"start":{"line":316,"column":26},"end":{"line":318,"column":8}},"77":{"start":{"line":319,"column":6},"end":{"line":319,"column":19}},"78":{"start":{"line":323,"column":4},"end":{"line":323,"column":22}},"79":{"start":{"line":326,"column":4},"end":{"line":326,"column":28}},"80":{"start":{"line":329,"column":4},"end":{"line":329,"column":30}},"81":{"start":{"line":332,"column":4},"end":{"line":332,"column":53}},"82":{"start":{"line":333,"column":24},"end":{"line":335,"column":6}},"83":{"start":{"line":338,"column":24},"end":{"line":338,"column":135}},"84":{"start":{"line":339,"column":4},"end":{"line":339,"column":34}},"85":{"start":{"line":342,"column":4},"end":{"line":342,"column":25}},"86":{"start":{"line":345,"column":4},"end":{"line":345,"column":52}},"87":{"start":{"line":346,"column":24},"end":{"line":346,"column":137}},"88":{"start":{"line":349,"column":4},"end":{"line":357,"column":7}},"89":{"start":{"line":359,"column":4},"end":{"line":359,"column":16}},"90":{"start":{"line":366,"column":24},"end":{"line":366,"column":137}},"91":{"start":{"line":369,"column":4},"end":{"line":369,"column":37}},"92":{"start":{"line":372,"column":4},"end":{"line":380,"column":7}},"93":{"start":{"line":373,"column":6},"end":{"line":379,"column":7}},"94":{"start":{"line":374,"column":8},"end":{"line":374,"column":28}},"95":{"start":{"line":375,"column":8},"end":{"line":375,"column":30}},"96":{"start":{"line":376,"column":8},"end":{"line":378,"column":9}},"97":{"start":{"line":377,"column":10},"end":{"line":377,"column":46}},"98":{"start":{"line":383,"column":4},"end":{"line":383,"column":28}},"99":{"start":{"line":386,"column":4},"end":{"line":386,"column":24}},"100":{"start":{"line":388,"column":24},"end":{"line":390,"column":6}},"101":{"start":{"line":397,"column":20},"end":{"line":397,"column":44}},"102":{"start":{"line":399,"column":24},"end":{"line":401,"column":6}},"103":{"start":{"line":402,"column":24},"end":{"line":404,"column":6}},"104":{"start":{"line":406,"column":4},"end":{"line":411,"column":5}},"105":{"start":{"line":407,"column":26},"end":{"line":409,"column":8}},"106":{"start":{"line":410,"column":6},"end":{"line":410,"column":13}},"107":{"start":{"line":414,"column":4},"end":{"line":414,"column":69}},"108":{"start":{"line":415,"column":24},"end":{"line":417,"column":6}},"109":{"start":{"line":423,"column":4},"end":{"line":423,"column":31}},"110":{"start":{"line":430,"column":26},"end":{"line":430,"column":50}},"111":{"start":{"line":431,"column":25},"end":{"line":431,"column":60}},"112":{"start":{"line":433,"column":24},"end":{"line":435,"column":6}},"113":{"start":{"line":436,"column":24},"end":{"line":438,"column":6}},"114":{"start":{"line":440,"column":4},"end":{"line":445,"column":5}},"115":{"start":{"line":441,"column":26},"end":{"line":443,"column":8}},"116":{"start":{"line":444,"column":6},"end":{"line":444,"column":13}},"117":{"start":{"line":447,"column":4},"end":{"line":463,"column":5}},"118":{"start":{"line":450,"column":8},"end":{"line":451,"column":59}},"119":{"start":{"line":452,"column":8},"end":{"line":452,"column":14}},"120":{"start":{"line":457,"column":8},"end":{"line":458,"column":59}},"121":{"start":{"line":459,"column":8},"end":{"line":459,"column":14}},"122":{"start":{"line":462,"column":8},"end":{"line":462,"column":36}},"123":{"start":{"line":465,"column":24},"end":{"line":467,"column":6}},"124":{"start":{"line":468,"column":4},"end":{"line":468,"column":28}},"125":{"start":{"line":475,"column":26},"end":{"line":475,"column":50}},"126":{"start":{"line":477,"column":24},"end":{"line":479,"column":6}},"127":{"start":{"line":480,"column":24},"end":{"line":482,"column":6}},"128":{"start":{"line":484,"column":4},"end":{"line":489,"column":5}},"129":{"start":{"line":485,"column":26},"end":{"line":487,"column":8}},"130":{"start":{"line":488,"column":6},"end":{"line":488,"column":13}},"131":{"start":{"line":492,"column":26},"end":{"line":492,"column":74}},"132":{"start":{"line":493,"column":29},"end":{"line":493,"column":57}},"133":{"start":{"line":494,"column":4},"end":{"line":494,"column":54}},"134":{"start":{"line":495,"column":24},"end":{"line":497,"column":6}},"135":{"start":{"line":500,"column":24},"end":{"line":500,"column":72}},"136":{"start":{"line":501,"column":27},"end":{"line":501,"column":53}},"137":{"start":{"line":502,"column":4},"end":{"line":502,"column":50}},"138":{"start":{"line":503,"column":24},"end":{"line":505,"column":6}},"139":{"start":{"line":508,"column":4},"end":{"line":515,"column":5}},"140":{"start":{"line":509,"column":6},"end":{"line":514,"column":9}},"141":{"start":{"line":510,"column":8},"end":{"line":510,"column":42}},"142":{"start":{"line":511,"column":28},"end":{"line":513,"column":10}},"143":{"start":{"line":518,"column":4},"end":{"line":518,"column":23}},"144":{"start":{"line":525,"column":4},"end":{"line":531,"column":7}},"145":{"start":{"line":526,"column":6},"end":{"line":530,"column":7}},"146":{"start":{"line":528,"column":8},"end":{"line":528,"column":58}},"147":{"start":{"line":529,"column":8},"end":{"line":529,"column":30}},"148":{"start":{"line":534,"column":4},"end":{"line":534,"column":34}},"149":{"start":{"line":544,"column":19},"end":{"line":544,"column":47}},"150":{"start":{"line":546,"column":4},"end":{"line":548,"column":5}},"151":{"start":{"line":547,"column":6},"end":{"line":547,"column":61}},"152":{"start":{"line":550,"column":26},"end":{"line":550,"column":50}},"153":{"start":{"line":551,"column":26},"end":{"line":551,"column":64}},"154":{"start":{"line":554,"column":4},"end":{"line":556,"column":5}},"155":{"start":{"line":555,"column":6},"end":{"line":555,"column":58}},"156":{"start":{"line":559,"column":4},"end":{"line":559,"column":30}},"157":{"start":{"line":562,"column":24},"end":{"line":562,"column":29}},"158":{"start":{"line":564,"column":4},"end":{"line":618,"column":5}},"159":{"start":{"line":566,"column":8},"end":{"line":566,"column":44}},"160":{"start":{"line":567,"column":8},"end":{"line":567,"column":29}},"161":{"start":{"line":568,"column":8},"end":{"line":568,"column":14}},"162":{"start":{"line":572,"column":8},"end":{"line":577,"column":9}},"163":{"start":{"line":573,"column":10},"end":{"line":576,"column":12}},"164":{"start":{"line":578,"column":8},"end":{"line":578,"column":29}},"165":{"start":{"line":579,"column":8},"end":{"line":579,"column":14}},"166":{"start":{"line":583,"column":8},"end":{"line":584,"column":73}},"167":{"start":{"line":585,"column":8},"end":{"line":585,"column":14}},"168":{"start":{"line":590,"column":23},"end":{"line":590,"column":36}},"169":{"start":{"line":591,"column":23},"end":{"line":593,"column":null}},"170":{"start":{"line":596,"column":8},"end":{"line":598,"column":9}},"171":{"start":{"line":597,"column":10},"end":{"line":597,"column":79}},"172":{"start":{"line":600,"column":8},"end":{"line":600,"column":52}},"173":{"start":{"line":601,"column":8},"end":{"line":603,"column":9}},"174":{"start":{"line":602,"column":10},"end":{"line":602,"column":52}},"175":{"start":{"line":604,"column":8},"end":{"line":604,"column":14}},"176":{"start":{"line":608,"column":28},"end":{"line":608,"column":40}},"177":{"start":{"line":609,"column":8},"end":{"line":609,"column":57}},"178":{"start":{"line":610,"column":8},"end":{"line":616,"column":9}},"179":{"start":{"line":611,"column":10},"end":{"line":611,"column":46}},"180":{"start":{"line":612,"column":10},"end":{"line":615,"column":12}},"181":{"start":{"line":617,"column":8},"end":{"line":617,"column":14}},"182":{"start":{"line":620,"column":4},"end":{"line":622,"column":5}},"183":{"start":{"line":621,"column":6},"end":{"line":621,"column":74}},"184":{"start":{"line":625,"column":4},"end":{"line":627,"column":5}},"185":{"start":{"line":626,"column":6},"end":{"line":626,"column":56}},"186":{"start":{"line":630,"column":4},"end":{"line":630,"column":69}},"187":{"start":{"line":633,"column":22},"end":{"line":633,"column":40}},"188":{"start":{"line":635,"column":4},"end":{"line":638,"column":6}},"189":{"start":{"line":645,"column":4},"end":{"line":647,"column":6}},"190":{"start":{"line":646,"column":37},"end":{"line":646,"column":68}},"191":{"start":{"line":656,"column":4},"end":{"line":662,"column":5}},"192":{"start":{"line":657,"column":6},"end":{"line":657,"column":39}},"193":{"start":{"line":660,"column":6},"end":{"line":660,"column":30}},"194":{"start":{"line":661,"column":6},"end":{"line":661,"column":23}},"195":{"start":{"line":669,"column":26},"end":{"line":669,"column":50}},"196":{"start":{"line":672,"column":4},"end":{"line":674,"column":5}},"197":{"start":{"line":673,"column":6},"end":{"line":673,"column":18}},"198":{"start":{"line":679,"column":23},"end":{"line":679,"column":44}},"199":{"start":{"line":681,"column":4},"end":{"line":686,"column":6}},"200":{"start":{"line":683,"column":8},"end":{"line":685,"column":41}},"201":{"start":{"line":693,"column":26},"end":{"line":693,"column":55}},"202":{"start":{"line":695,"column":4},"end":{"line":697,"column":5}},"203":{"start":{"line":696,"column":6},"end":{"line":696,"column":13}},"204":{"start":{"line":700,"column":26},"end":{"line":700,"column":78}},"205":{"start":{"line":703,"column":4},"end":{"line":710,"column":5}},"206":{"start":{"line":704,"column":6},"end":{"line":704,"column":69}},"207":{"start":{"line":707,"column":6},"end":{"line":709,"column":7}},"208":{"start":{"line":708,"column":8},"end":{"line":708,"column":14}},"209":{"start":{"line":712,"column":4},"end":{"line":712,"column":46}},"210":{"start":{"line":713,"column":4},"end":{"line":713,"column":28}},"211":{"start":{"line":716,"column":4},"end":{"line":716,"column":28}},"212":{"start":{"line":723,"column":4},"end":{"line":728,"column":18}},"213":{"start":{"line":725,"column":8},"end":{"line":727,"column":45}},"214":{"start":{"line":736,"column":25},"end":{"line":736,"column":60}},"215":{"start":{"line":740,"column":4},"end":{"line":740,"column":23}},"216":{"start":{"line":743,"column":26},"end":{"line":743,"column":55}},"217":{"start":{"line":746,"column":4},"end":{"line":780,"column":5}},"218":{"start":{"line":747,"column":6},"end":{"line":747,"column":37}},"219":{"start":{"line":750,"column":6},"end":{"line":779,"column":7}},"220":{"start":{"line":752,"column":10},"end":{"line":752,"column":40}},"221":{"start":{"line":753,"column":10},"end":{"line":753,"column":31}},"222":{"start":{"line":754,"column":10},"end":{"line":754,"column":16}},"223":{"start":{"line":756,"column":10},"end":{"line":756,"column":37}},"224":{"start":{"line":757,"column":10},"end":{"line":757,"column":26}},"225":{"start":{"line":758,"column":10},"end":{"line":758,"column":16}},"226":{"start":{"line":760,"column":10},"end":{"line":760,"column":37}},"227":{"start":{"line":761,"column":10},"end":{"line":761,"column":26}},"228":{"start":{"line":762,"column":10},"end":{"line":762,"column":16}},"229":{"start":{"line":764,"column":10},"end":{"line":764,"column":38}},"230":{"start":{"line":765,"column":10},"end":{"line":765,"column":27}},"231":{"start":{"line":766,"column":10},"end":{"line":766,"column":16}},"232":{"start":{"line":768,"column":10},"end":{"line":768,"column":41}},"233":{"start":{"line":769,"column":10},"end":{"line":769,"column":16}},"234":{"start":{"line":771,"column":10},"end":{"line":771,"column":41}},"235":{"start":{"line":772,"column":10},"end":{"line":772,"column":29}},"236":{"start":{"line":773,"column":10},"end":{"line":773,"column":16}},"237":{"start":{"line":775,"column":10},"end":{"line":775,"column":40}},"238":{"start":{"line":776,"column":10},"end":{"line":776,"column":16}},"239":{"start":{"line":778,"column":10},"end":{"line":778,"column":40}},"240":{"start":{"line":783,"column":4},"end":{"line":783,"column":44}},"241":{"start":{"line":784,"column":4},"end":{"line":784,"column":21}},"242":{"start":{"line":791,"column":26},"end":{"line":791,"column":50}},"243":{"start":{"line":793,"column":24},"end":{"line":795,"column":6}},"244":{"start":{"line":797,"column":4},"end":{"line":802,"column":5}},"245":{"start":{"line":798,"column":26},"end":{"line":800,"column":8}},"246":{"start":{"line":801,"column":6},"end":{"line":801,"column":13}},"247":{"start":{"line":805,"column":4},"end":{"line":827,"column":5}},"248":{"start":{"line":807,"column":6},"end":{"line":815,"column":9}},"249":{"start":{"line":808,"column":22},"end":{"line":808,"column":46}},"250":{"start":{"line":809,"column":8},"end":{"line":809,"column":36}},"251":{"start":{"line":810,"column":28},"end":{"line":814,"column":10}},"252":{"start":{"line":813,"column":38},"end":{"line":813,"column":58}},"253":{"start":{"line":816,"column":11},"end":{"line":827,"column":5}},"254":{"start":{"line":818,"column":6},"end":{"line":826,"column":9}},"255":{"start":{"line":819,"column":22},"end":{"line":819,"column":46}},"256":{"start":{"line":820,"column":8},"end":{"line":820,"column":36}},"257":{"start":{"line":821,"column":28},"end":{"line":825,"column":10}},"258":{"start":{"line":824,"column":38},"end":{"line":824,"column":58}},"259":{"start":{"line":835,"column":22},"end":{"line":835,"column":54}},"260":{"start":{"line":838,"column":4},"end":{"line":842,"column":7}},"261":{"start":{"line":850,"column":21},"end":{"line":850,"column":53}},"262":{"start":{"line":853,"column":4},"end":{"line":857,"column":7}},"263":{"start":{"line":865,"column":22},"end":{"line":865,"column":55}},"264":{"start":{"line":868,"column":4},"end":{"line":872,"column":7}},"265":{"start":{"line":879,"column":26},"end":{"line":879,"column":55}},"266":{"start":{"line":880,"column":27},"end":{"line":880,"column":52}},"267":{"start":{"line":881,"column":34},"end":{"line":881,"column":36}},"268":{"start":{"line":884,"column":4},"end":{"line":911,"column":5}},"269":{"start":{"line":885,"column":21},"end":{"line":885,"column":37}},"270":{"start":{"line":886,"column":24},"end":{"line":886,"column":43}},"271":{"start":{"line":888,"column":6},"end":{"line":894,"column":9}},"272":{"start":{"line":896,"column":6},"end":{"line":896,"column":36}},"273":{"start":{"line":897,"column":6},"end":{"line":897,"column":30}},"274":{"start":{"line":900,"column":6},"end":{"line":907,"column":7}},"275":{"start":{"line":901,"column":8},"end":{"line":906,"column":10}},"276":{"start":{"line":909,"column":6},"end":{"line":909,"column":64}},"277":{"start":{"line":910,"column":6},"end":{"line":910,"column":21}},"278":{"start":{"line":914,"column":30},"end":{"line":924,"column":6}},"279":{"start":{"line":915,"column":25},"end":{"line":917,"column":null}},"280":{"start":{"line":920,"column":6},"end":{"line":923,"column":8}},"281":{"start":{"line":928,"column":21},"end":{"line":928,"column":41}},"282":{"start":{"line":930,"column":4},"end":{"line":939,"column":5}},"283":{"start":{"line":930,"column":17},"end":{"line":930,"column":18}},"284":{"start":{"line":931,"column":31},"end":{"line":933,"column":null}},"285":{"start":{"line":936,"column":6},"end":{"line":938,"column":7}},"286":{"start":{"line":937,"column":8},"end":{"line":937,"column":42}},"287":{"start":{"line":942,"column":26},"end":{"line":942,"column":43}},"288":{"start":{"line":943,"column":22},"end":{"line":943,"column":41}},"289":{"start":{"line":945,"column":4},"end":{"line":951,"column":7}},"290":{"start":{"line":953,"column":4},"end":{"line":953,"column":41}},"291":{"start":{"line":956,"column":4},"end":{"line":977,"column":5}},"292":{"start":{"line":958,"column":6},"end":{"line":963,"column":8}},"293":{"start":{"line":966,"column":6},"end":{"line":976,"column":9}},"294":{"start":{"line":967,"column":8},"end":{"line":975,"column":9}},"295":{"start":{"line":968,"column":29},"end":{"line":968,"column":47}},"296":{"start":{"line":969,"column":10},"end":{"line":974,"column":12}},"297":{"start":{"line":979,"column":4},"end":{"line":979,"column":28}},"298":{"start":{"line":981,"column":4},"end":{"line":981,"column":62}},"299":{"start":{"line":982,"column":4},"end":{"line":982,"column":19}},"300":{"start":{"line":990,"column":4},"end":{"line":998,"column":5}},"301":{"start":{"line":996,"column":6},"end":{"line":996,"column":32}},"302":{"start":{"line":997,"column":6},"end":{"line":997,"column":33}},"303":{"start":{"line":1001,"column":4},"end":{"line":1001,"column":73}},"304":{"start":{"line":1003,"column":4},"end":{"line":1017,"column":5}},"305":{"start":{"line":1005,"column":6},"end":{"line":1013,"column":9}},"306":{"start":{"line":1006,"column":8},"end":{"line":1012,"column":9}},"307":{"start":{"line":1007,"column":10},"end":{"line":1009,"column":11}},"308":{"start":{"line":1008,"column":12},"end":{"line":1008,"column":48}},"309":{"start":{"line":1010,"column":10},"end":{"line":1010,"column":29}},"310":{"start":{"line":1011,"column":10},"end":{"line":1011,"column":32}},"311":{"start":{"line":1015,"column":6},"end":{"line":1015,"column":39}},"312":{"start":{"line":1016,"column":6},"end":{"line":1016,"column":30}},"313":{"start":{"line":1024,"column":26},"end":{"line":1024,"column":55}},"314":{"start":{"line":1026,"column":4},"end":{"line":1031,"column":5}},"315":{"start":{"line":1030,"column":6},"end":{"line":1030,"column":13}},"316":{"start":{"line":1033,"column":26},"end":{"line":1033,"column":64}},"317":{"start":{"line":1034,"column":4},"end":{"line":1037,"column":7}},"318":{"start":{"line":1045,"column":4},"end":{"line":1045,"column":30}},"319":{"start":{"line":1048,"column":4},"end":{"line":1069,"column":44}},"320":{"start":{"line":1049,"column":28},"end":{"line":1049,"column":57}},"321":{"start":{"line":1051,"column":6},"end":{"line":1056,"column":7}},"322":{"start":{"line":1055,"column":8},"end":{"line":1055,"column":15}},"323":{"start":{"line":1058,"column":28},"end":{"line":1058,"column":66}},"324":{"start":{"line":1061,"column":6},"end":{"line":1068,"column":7}},"325":{"start":{"line":1062,"column":27},"end":{"line":1062,"column":69}},"326":{"start":{"line":1063,"column":8},"end":{"line":1063,"column":56}},"327":{"start":{"line":1066,"column":28},"end":{"line":1066,"column":71}},"328":{"start":{"line":1067,"column":8},"end":{"line":1067,"column":57}},"329":{"start":{"line":1076,"column":4},"end":{"line":1079,"column":5}},"330":{"start":{"line":1077,"column":6},"end":{"line":1077,"column":41}},"331":{"start":{"line":1078,"column":6},"end":{"line":1078,"column":34}},"332":{"start":{"line":1086,"column":4},"end":{"line":1086,"column":47}},"333":{"start":{"line":1093,"column":4},"end":{"line":1093,"column":22}},"334":{"start":{"line":1100,"column":4},"end":{"line":1100,"column":27}},"335":{"start":{"line":1107,"column":4},"end":{"line":1107,"column":30}},"336":{"start":{"line":1119,"column":4},"end":{"line":1121,"column":5}},"337":{"start":{"line":1120,"column":6},"end":{"line":1120,"column":41}},"338":{"start":{"line":1122,"column":4},"end":{"line":1122,"column":58}},"339":{"start":{"line":1134,"column":22},"end":{"line":1134,"column":52}},"340":{"start":{"line":1135,"column":4},"end":{"line":1140,"column":5}},"341":{"start":{"line":1136,"column":20},"end":{"line":1136,"column":54}},"342":{"start":{"line":1137,"column":6},"end":{"line":1139,"column":7}},"343":{"start":{"line":1138,"column":8},"end":{"line":1138,"column":35}},"344":{"start":{"line":1152,"column":22},"end":{"line":1152,"column":52}},"345":{"start":{"line":1153,"column":4},"end":{"line":1161,"column":5}},"346":{"start":{"line":1154,"column":6},"end":{"line":1160,"column":9}},"347":{"start":{"line":1155,"column":8},"end":{"line":1159,"column":9}},"348":{"start":{"line":1156,"column":11},"end":{"line":1156,"column":75}},"349":{"start":{"line":1158,"column":30},"end":{"line":1158,"column":134}},"350":{"start":{"line":1169,"column":4},"end":{"line":1169,"column":31}},"351":{"start":{"line":1177,"column":4},"end":{"line":1177,"column":35}},"352":{"start":{"line":1186,"column":26},"end":{"line":1186,"column":69}},"353":{"start":{"line":1187,"column":4},"end":{"line":1187,"column":67}},"354":{"start":{"line":92,"column":0},"end":{"line":92,"column":13}},"355":{"start":{"line":1196,"column":85},"end":{"line":1196,"column":40321}},"356":{"start":{"line":1196,"column":89},"end":{"line":1196,"column":40310}},"357":{"start":{"line":1196,"column":40436},"end":{"line":1196,"column":40442}},"358":{"start":{"line":1196,"column":40557},"end":{"line":1196,"column":40563}},"359":{"start":{"line":1196,"column":40678},"end":{"line":1196,"column":40684}},"360":{"start":{"line":1196,"column":40803},"end":{"line":1196,"column":40809}},"361":{"start":{"line":1196,"column":40953},"end":{"line":1196,"column":40959}}},"fnMap":{"0":{"name":"(anonymous_0)","decl":{"start":{"line":111,"column":2},"end":{"line":111,"column":null}},"loc":{"start":{"line":113,"column":33},"end":{"line":156,"column":3}}},"1":{"name":"(anonymous_1)","decl":{"start":{"line":162,"column":9},"end":{"line":162,"column":25}},"loc":{"start":{"line":162,"column":54},"end":{"line":165,"column":3}}},"2":{"name":"(anonymous_2)","decl":{"start":{"line":171,"column":9},"end":{"line":171,"column":25}},"loc":{"start":{"line":171,"column":25},"end":{"line":173,"column":3}}},"3":{"name":"(anonymous_3)","decl":{"start":{"line":178,"column":10},"end":{"line":178,"column":29}},"loc":{"start":{"line":178,"column":29},"end":{"line":195,"column":3}}},"4":{"name":"(anonymous_4)","decl":{"start":{"line":202,"column":9},"end":{"line":202,"column":18}},"loc":{"start":{"line":202,"column":33},"end":{"line":254,"column":3}}},"5":{"name":"(anonymous_5)","decl":{"start":{"line":215,"column":56},"end":{"line":215,"column":57}},"loc":{"start":{"line":215,"column":63},"end":{"line":215,"column":73}}},"6":{"name":"(anonymous_6)","decl":{"start":{"line":229,"column":8},"end":{"line":229,"column":9}},"loc":{"start":{"line":229,"column":15},"end":{"line":229,"column":47}}},"7":{"name":"(anonymous_7)","decl":{"start":{"line":261,"column":9},"end":{"line":261,"column":21}},"loc":{"start":{"line":261,"column":38},"end":{"line":284,"column":3}}},"8":{"name":"(anonymous_8)","decl":{"start":{"line":263,"column":6},"end":{"line":263,"column":7}},"loc":{"start":{"line":263,"column":13},"end":{"line":263,"column":44}}},"9":{"name":"(anonymous_9)","decl":{"start":{"line":290,"column":9},"end":{"line":290,"column":18}},"loc":{"start":{"line":290,"column":18},"end":{"line":360,"column":3}}},"10":{"name":"(anonymous_10)","decl":{"start":{"line":295,"column":46},"end":{"line":295,"column":47}},"loc":{"start":{"line":295,"column":53},"end":{"line":295,"column":63}}},"11":{"name":"(anonymous_11)","decl":{"start":{"line":365,"column":10},"end":{"line":365,"column":20}},"loc":{"start":{"line":365,"column":20},"end":{"line":391,"column":3}}},"12":{"name":"(anonymous_12)","decl":{"start":{"line":372,"column":31},"end":{"line":372,"column":32}},"loc":{"start":{"line":372,"column":42},"end":{"line":380,"column":5}}},"13":{"name":"(anonymous_13)","decl":{"start":{"line":396,"column":10},"end":{"line":396,"column":26}},"loc":{"start":{"line":396,"column":26},"end":{"line":424,"column":3}}},"14":{"name":"(anonymous_14)","decl":{"start":{"line":429,"column":10},"end":{"line":429,"column":29}},"loc":{"start":{"line":429,"column":29},"end":{"line":469,"column":3}}},"15":{"name":"(anonymous_15)","decl":{"start":{"line":474,"column":10},"end":{"line":474,"column":28}},"loc":{"start":{"line":474,"column":28},"end":{"line":519,"column":3}}},"16":{"name":"(anonymous_16)","decl":{"start":{"line":509,"column":28},"end":{"line":509,"column":29}},"loc":{"start":{"line":509,"column":39},"end":{"line":514,"column":7}}},"17":{"name":"(anonymous_17)","decl":{"start":{"line":524,"column":10},"end":{"line":524,"column":21}},"loc":{"start":{"line":524,"column":21},"end":{"line":535,"column":3}}},"18":{"name":"(anonymous_18)","decl":{"start":{"line":525,"column":31},"end":{"line":525,"column":32}},"loc":{"start":{"line":525,"column":42},"end":{"line":531,"column":5}}},"19":{"name":"(anonymous_19)","decl":{"start":{"line":543,"column":9},"end":{"line":543,"column":21}},"loc":{"start":{"line":543,"column":54},"end":{"line":639,"column":3}}},"20":{"name":"(anonymous_20)","decl":{"start":{"line":644,"column":10},"end":{"line":644,"column":23}},"loc":{"start":{"line":644,"column":40},"end":{"line":648,"column":3}}},"21":{"name":"(anonymous_21)","decl":{"start":{"line":646,"column":30},"end":{"line":646,"column":31}},"loc":{"start":{"line":646,"column":37},"end":{"line":646,"column":68}}},"22":{"name":"(anonymous_22)","decl":{"start":{"line":654,"column":10},"end":{"line":654,"column":21}},"loc":{"start":{"line":654,"column":21},"end":{"line":663,"column":3}}},"23":{"name":"(anonymous_23)","decl":{"start":{"line":668,"column":10},"end":{"line":668,"column":25}},"loc":{"start":{"line":668,"column":25},"end":{"line":687,"column":3}}},"24":{"name":"(anonymous_24)","decl":{"start":{"line":682,"column":6},"end":{"line":682,"column":7}},"loc":{"start":{"line":683,"column":8},"end":{"line":685,"column":41}}},"25":{"name":"(anonymous_25)","decl":{"start":{"line":692,"column":10},"end":{"line":692,"column":26}},"loc":{"start":{"line":692,"column":26},"end":{"line":717,"column":3}}},"26":{"name":"(anonymous_26)","decl":{"start":{"line":722,"column":10},"end":{"line":722,"column":32}},"loc":{"start":{"line":722,"column":32},"end":{"line":729,"column":3}}},"27":{"name":"(anonymous_27)","decl":{"start":{"line":724,"column":6},"end":{"line":724,"column":7}},"loc":{"start":{"line":725,"column":8},"end":{"line":727,"column":45}}},"28":{"name":"(anonymous_28)","decl":{"start":{"line":735,"column":10},"end":{"line":735,"column":28}},"loc":{"start":{"line":735,"column":28},"end":{"line":785,"column":3}}},"29":{"name":"(anonymous_29)","decl":{"start":{"line":790,"column":10},"end":{"line":790,"column":23}},"loc":{"start":{"line":790,"column":23},"end":{"line":828,"column":3}}},"30":{"name":"(anonymous_30)","decl":{"start":{"line":807,"column":28},"end":{"line":807,"column":29}},"loc":{"start":{"line":807,"column":39},"end":{"line":815,"column":7}}},"31":{"name":"(anonymous_31)","decl":{"start":{"line":813,"column":25},"end":{"line":813,"column":26}},"loc":{"start":{"line":813,"column":38},"end":{"line":813,"column":58}}},"32":{"name":"(anonymous_32)","decl":{"start":{"line":818,"column":28},"end":{"line":818,"column":29}},"loc":{"start":{"line":818,"column":39},"end":{"line":826,"column":7}}},"33":{"name":"(anonymous_33)","decl":{"start":{"line":824,"column":25},"end":{"line":824,"column":26}},"loc":{"start":{"line":824,"column":38},"end":{"line":824,"column":58}}},"34":{"name":"(anonymous_34)","decl":{"start":{"line":833,"column":10},"end":{"line":833,"column":18}},"loc":{"start":{"line":833,"column":18},"end":{"line":843,"column":3}}},"35":{"name":"(anonymous_35)","decl":{"start":{"line":848,"column":10},"end":{"line":848,"column":18}},"loc":{"start":{"line":848,"column":18},"end":{"line":858,"column":3}}},"36":{"name":"(anonymous_36)","decl":{"start":{"line":863,"column":10},"end":{"line":863,"column":19}},"loc":{"start":{"line":863,"column":19},"end":{"line":873,"column":3}}},"37":{"name":"(anonymous_37)","decl":{"start":{"line":878,"column":10},"end":{"line":878,"column":21}},"loc":{"start":{"line":878,"column":21},"end":{"line":983,"column":3}}},"38":{"name":"(anonymous_38)","decl":{"start":{"line":914,"column":48},"end":{"line":914,"column":49}},"loc":{"start":{"line":914,"column":59},"end":{"line":924,"column":5}}},"39":{"name":"(anonymous_39)","decl":{"start":{"line":966,"column":28},"end":{"line":966,"column":29}},"loc":{"start":{"line":966,"column":39},"end":{"line":976,"column":7}}},"40":{"name":"(anonymous_40)","decl":{"start":{"line":988,"column":10},"end":{"line":988,"column":27}},"loc":{"start":{"line":988,"column":68},"end":{"line":1018,"column":3}}},"41":{"name":"(anonymous_41)","decl":{"start":{"line":1005,"column":33},"end":{"line":1005,"column":34}},"loc":{"start":{"line":1005,"column":44},"end":{"line":1013,"column":7}}},"42":{"name":"(anonymous_42)","decl":{"start":{"line":1023,"column":10},"end":{"line":1023,"column":26}},"loc":{"start":{"line":1023,"column":26},"end":{"line":1038,"column":3}}},"43":{"name":"(anonymous_43)","decl":{"start":{"line":1043,"column":10},"end":{"line":1043,"column":26}},"loc":{"start":{"line":1043,"column":26},"end":{"line":1070,"column":3}}},"44":{"name":"(anonymous_44)","decl":{"start":{"line":1048,"column":38},"end":{"line":1048,"column":41}},"loc":{"start":{"line":1048,"column":43},"end":{"line":1069,"column":5}}},"45":{"name":"(anonymous_45)","decl":{"start":{"line":1075,"column":10},"end":{"line":1075,"column":28}},"loc":{"start":{"line":1075,"column":28},"end":{"line":1080,"column":3}}},"46":{"name":"(anonymous_46)","decl":{"start":{"line":1085,"column":9},"end":{"line":1085,"column":21}},"loc":{"start":{"line":1085,"column":21},"end":{"line":1087,"column":3}}},"47":{"name":"(anonymous_47)","decl":{"start":{"line":1092,"column":9},"end":{"line":1092,"column":17}},"loc":{"start":{"line":1092,"column":17},"end":{"line":1094,"column":3}}},"48":{"name":"(anonymous_48)","decl":{"start":{"line":1099,"column":9},"end":{"line":1099,"column":22}},"loc":{"start":{"line":1099,"column":22},"end":{"line":1101,"column":3}}},"49":{"name":"(anonymous_49)","decl":{"start":{"line":1106,"column":9},"end":{"line":1106,"column":18}},"loc":{"start":{"line":1106,"column":18},"end":{"line":1108,"column":3}}},"50":{"name":"(anonymous_50)","decl":{"start":{"line":1115,"column":9},"end":{"line":1115,"column":11}},"loc":{"start":{"line":1117,"column":58},"end":{"line":1123,"column":3}}},"51":{"name":"(anonymous_51)","decl":{"start":{"line":1130,"column":9},"end":{"line":1130,"column":12}},"loc":{"start":{"line":1132,"column":58},"end":{"line":1141,"column":3}}},"52":{"name":"(anonymous_52)","decl":{"start":{"line":1148,"column":10},"end":{"line":1148,"column":14}},"loc":{"start":{"line":1150,"column":38},"end":{"line":1162,"column":3}}},"53":{"name":"(anonymous_53)","decl":{"start":{"line":1154,"column":24},"end":{"line":1154,"column":25}},"loc":{"start":{"line":1154,"column":37},"end":{"line":1160,"column":7}}},"54":{"name":"(anonymous_54)","decl":{"start":{"line":1168,"column":9},"end":{"line":1168,"column":26}},"loc":{"start":{"line":1168,"column":26},"end":{"line":1170,"column":3}}},"55":{"name":"(anonymous_55)","decl":{"start":{"line":1176,"column":9},"end":{"line":1176,"column":30}},"loc":{"start":{"line":1176,"column":30},"end":{"line":1178,"column":3}}},"56":{"name":"(anonymous_56)","decl":{"start":{"line":1185,"column":9},"end":{"line":1185,"column":22}},"loc":{"start":{"line":1185,"column":39},"end":{"line":1188,"column":3}}},"57":{"name":"oo_cm","decl":{"start":{"line":1196,"column":77},"end":{"line":1196,"column":82}},"loc":{"start":{"line":1196,"column":82},"end":{"line":1196,"column":40322}}}},"branchMap":{"0":{"loc":{"start":{"line":112,"column":4},"end":{"line":112,"column":50}},"type":"default-arg","locations":[{"start":{"line":112,"column":31},"end":{"line":112,"column":50}}]},"1":{"loc":{"start":{"line":144,"column":25},"end":{"line":144,"column":46}},"type":"binary-expr","locations":[{"start":{"line":144,"column":25},"end":{"line":144,"column":38}},{"start":{"line":144,"column":42},"end":{"line":144,"column":46}}]},"2":{"loc":{"start":{"line":153,"column":4},"end":{"line":155,"column":5}},"type":"if","locations":[{"start":{"line":153,"column":4},"end":{"line":155,"column":5}}]},"3":{"loc":{"start":{"line":180,"column":4},"end":{"line":194,"column":5}},"type":"switch","locations":[{"start":{"line":181,"column":6},"end":{"line":186,"column":11}},{"start":{"line":187,"column":6},"end":{"line":187,"column":36}},{"start":{"line":188,"column":6},"end":{"line":193,"column":11}}]},"4":{"loc":{"start":{"line":207,"column":4},"end":{"line":212,"column":5}},"type":"if","locations":[{"start":{"line":207,"column":4},"end":{"line":212,"column":5}}]},"5":{"loc":{"start":{"line":220,"column":4},"end":{"line":250,"column":5}},"type":"if","locations":[{"start":{"line":220,"column":4},"end":{"line":250,"column":5}}]},"6":{"loc":{"start":{"line":229,"column":15},"end":{"line":229,"column":47}},"type":"binary-expr","locations":[{"start":{"line":229,"column":15},"end":{"line":229,"column":25}},{"start":{"line":229,"column":29},"end":{"line":229,"column":47}}]},"7":{"loc":{"start":{"line":236,"column":6},"end":{"line":241,"column":7}},"type":"if","locations":[{"start":{"line":236,"column":6},"end":{"line":241,"column":7}}]},"8":{"loc":{"start":{"line":236,"column":10},"end":{"line":236,"column":56}},"type":"binary-expr","locations":[{"start":{"line":236,"column":10},"end":{"line":236,"column":15}},{"start":{"line":236,"column":19},"end":{"line":236,"column":56}}]},"9":{"loc":{"start":{"line":244,"column":6},"end":{"line":247,"column":7}},"type":"if","locations":[{"start":{"line":244,"column":6},"end":{"line":247,"column":7}}]},"10":{"loc":{"start":{"line":244,"column":10},"end":{"line":244,"column":37}},"type":"binary-expr","locations":[{"start":{"line":244,"column":10},"end":{"line":244,"column":15}},{"start":{"line":244,"column":19},"end":{"line":244,"column":37}}]},"11":{"loc":{"start":{"line":263,"column":13},"end":{"line":263,"column":44}},"type":"binary-expr","locations":[{"start":{"line":263,"column":13},"end":{"line":263,"column":23}},{"start":{"line":263,"column":27},"end":{"line":263,"column":44}}]},"12":{"loc":{"start":{"line":266,"column":4},"end":{"line":281,"column":5}},"type":"if","locations":[{"start":{"line":266,"column":4},"end":{"line":281,"column":5}}]},"13":{"loc":{"start":{"line":270,"column":6},"end":{"line":278,"column":7}},"type":"if","locations":[{"start":{"line":270,"column":6},"end":{"line":278,"column":7}}]},"14":{"loc":{"start":{"line":270,"column":10},"end":{"line":270,"column":39}},"type":"binary-expr","locations":[{"start":{"line":270,"column":10},"end":{"line":270,"column":17}},{"start":{"line":270,"column":21},"end":{"line":270,"column":39}}]},"15":{"loc":{"start":{"line":273,"column":8},"end":{"line":277,"column":9}},"type":"if","locations":[{"start":{"line":273,"column":8},"end":{"line":277,"column":9}}]},"16":{"loc":{"start":{"line":308,"column":4},"end":{"line":313,"column":5}},"type":"if","locations":[{"start":{"line":308,"column":4},"end":{"line":313,"column":5}}]},"17":{"loc":{"start":{"line":315,"column":4},"end":{"line":320,"column":5}},"type":"if","locations":[{"start":{"line":315,"column":4},"end":{"line":320,"column":5}}]},"18":{"loc":{"start":{"line":373,"column":6},"end":{"line":379,"column":7}},"type":"if","locations":[{"start":{"line":373,"column":6},"end":{"line":379,"column":7}}]},"19":{"loc":{"start":{"line":376,"column":8},"end":{"line":378,"column":9}},"type":"if","locations":[{"start":{"line":376,"column":8},"end":{"line":378,"column":9}}]},"20":{"loc":{"start":{"line":376,"column":12},"end":{"line":376,"column":74}},"type":"binary-expr","locations":[{"start":{"line":376,"column":12},"end":{"line":376,"column":54}},{"start":{"line":376,"column":58},"end":{"line":376,"column":74}}]},"21":{"loc":{"start":{"line":406,"column":4},"end":{"line":411,"column":5}},"type":"if","locations":[{"start":{"line":406,"column":4},"end":{"line":411,"column":5}}]},"22":{"loc":{"start":{"line":440,"column":4},"end":{"line":445,"column":5}},"type":"if","locations":[{"start":{"line":440,"column":4},"end":{"line":445,"column":5}}]},"23":{"loc":{"start":{"line":447,"column":4},"end":{"line":463,"column":5}},"type":"switch","locations":[{"start":{"line":448,"column":6},"end":{"line":452,"column":14}},{"start":{"line":453,"column":6},"end":{"line":453,"column":26}},{"start":{"line":454,"column":6},"end":{"line":454,"column":26}},{"start":{"line":455,"column":6},"end":{"line":459,"column":14}},{"start":{"line":460,"column":6},"end":{"line":462,"column":36}}]},"24":{"loc":{"start":{"line":484,"column":4},"end":{"line":489,"column":5}},"type":"if","locations":[{"start":{"line":484,"column":4},"end":{"line":489,"column":5}}]},"25":{"loc":{"start":{"line":508,"column":4},"end":{"line":515,"column":5}},"type":"if","locations":[{"start":{"line":508,"column":4},"end":{"line":515,"column":5}}]},"26":{"loc":{"start":{"line":526,"column":6},"end":{"line":530,"column":7}},"type":"if","locations":[{"start":{"line":526,"column":6},"end":{"line":530,"column":7}}]},"27":{"loc":{"start":{"line":526,"column":10},"end":{"line":526,"column":41}},"type":"binary-expr","locations":[{"start":{"line":526,"column":10},"end":{"line":526,"column":16}},{"start":{"line":526,"column":20},"end":{"line":526,"column":41}}]},"28":{"loc":{"start":{"line":546,"column":4},"end":{"line":548,"column":5}},"type":"if","locations":[{"start":{"line":546,"column":4},"end":{"line":548,"column":5}}]},"29":{"loc":{"start":{"line":554,"column":4},"end":{"line":556,"column":5}},"type":"if","locations":[{"start":{"line":554,"column":4},"end":{"line":556,"column":5}}]},"30":{"loc":{"start":{"line":564,"column":4},"end":{"line":618,"column":5}},"type":"switch","locations":[{"start":{"line":565,"column":6},"end":{"line":568,"column":14}},{"start":{"line":570,"column":6},"end":{"line":579,"column":14}},{"start":{"line":581,"column":6},"end":{"line":585,"column":14}},{"start":{"line":587,"column":6},"end":{"line":587,"column":26}},{"start":{"line":588,"column":6},"end":{"line":604,"column":14}},{"start":{"line":606,"column":6},"end":{"line":617,"column":14}}]},"31":{"loc":{"start":{"line":572,"column":8},"end":{"line":577,"column":9}},"type":"if","locations":[{"start":{"line":572,"column":8},"end":{"line":577,"column":9}}]},"32":{"loc":{"start":{"line":596,"column":8},"end":{"line":598,"column":9}},"type":"if","locations":[{"start":{"line":596,"column":8},"end":{"line":598,"column":9}}]},"33":{"loc":{"start":{"line":601,"column":8},"end":{"line":603,"column":9}},"type":"if","locations":[{"start":{"line":601,"column":8},"end":{"line":603,"column":9}}]},"34":{"loc":{"start":{"line":610,"column":8},"end":{"line":616,"column":9}},"type":"if","locations":[{"start":{"line":610,"column":8},"end":{"line":616,"column":9}}]},"35":{"loc":{"start":{"line":620,"column":4},"end":{"line":622,"column":5}},"type":"if","locations":[{"start":{"line":620,"column":4},"end":{"line":622,"column":5}}]},"36":{"loc":{"start":{"line":625,"column":4},"end":{"line":627,"column":5}},"type":"if","locations":[{"start":{"line":625,"column":4},"end":{"line":627,"column":5}}]},"37":{"loc":{"start":{"line":646,"column":6},"end":{"line":646,"column":77}},"type":"binary-expr","locations":[{"start":{"line":646,"column":6},"end":{"line":646,"column":69}},{"start":{"line":646,"column":73},"end":{"line":646,"column":77}}]},"38":{"loc":{"start":{"line":646,"column":37},"end":{"line":646,"column":68}},"type":"binary-expr","locations":[{"start":{"line":646,"column":37},"end":{"line":646,"column":47}},{"start":{"line":646,"column":51},"end":{"line":646,"column":68}}]},"39":{"loc":{"start":{"line":656,"column":4},"end":{"line":662,"column":5}},"type":"if","locations":[{"start":{"line":656,"column":4},"end":{"line":662,"column":5}},{"start":{"line":658,"column":11},"end":{"line":662,"column":5}}]},"40":{"loc":{"start":{"line":672,"column":4},"end":{"line":674,"column":5}},"type":"if","locations":[{"start":{"line":672,"column":4},"end":{"line":674,"column":5}}]},"41":{"loc":{"start":{"line":683,"column":8},"end":{"line":685,"column":41}},"type":"binary-expr","locations":[{"start":{"line":683,"column":8},"end":{"line":683,"column":40}},{"start":{"line":684,"column":9},"end":{"line":684,"column":46}},{"start":{"line":685,"column":10},"end":{"line":685,"column":40}}]},"42":{"loc":{"start":{"line":695,"column":4},"end":{"line":697,"column":5}},"type":"if","locations":[{"start":{"line":695,"column":4},"end":{"line":697,"column":5}}]},"43":{"loc":{"start":{"line":707,"column":6},"end":{"line":709,"column":7}},"type":"if","locations":[{"start":{"line":707,"column":6},"end":{"line":709,"column":7}}]},"44":{"loc":{"start":{"line":725,"column":8},"end":{"line":727,"column":45}},"type":"binary-expr","locations":[{"start":{"line":725,"column":8},"end":{"line":725,"column":18}},{"start":{"line":726,"column":8},"end":{"line":726,"column":40}},{"start":{"line":727,"column":8},"end":{"line":727,"column":45}}]},"45":{"loc":{"start":{"line":746,"column":4},"end":{"line":780,"column":5}},"type":"if","locations":[{"start":{"line":746,"column":4},"end":{"line":780,"column":5}},{"start":{"line":748,"column":11},"end":{"line":780,"column":5}}]},"46":{"loc":{"start":{"line":750,"column":6},"end":{"line":779,"column":7}},"type":"switch","locations":[{"start":{"line":751,"column":8},"end":{"line":754,"column":16}},{"start":{"line":755,"column":8},"end":{"line":758,"column":16}},{"start":{"line":759,"column":8},"end":{"line":762,"column":16}},{"start":{"line":763,"column":8},"end":{"line":766,"column":16}},{"start":{"line":767,"column":8},"end":{"line":769,"column":16}},{"start":{"line":770,"column":8},"end":{"line":773,"column":16}},{"start":{"line":774,"column":8},"end":{"line":776,"column":16}},{"start":{"line":777,"column":8},"end":{"line":778,"column":40}}]},"47":{"loc":{"start":{"line":797,"column":4},"end":{"line":802,"column":5}},"type":"if","locations":[{"start":{"line":797,"column":4},"end":{"line":802,"column":5}}]},"48":{"loc":{"start":{"line":805,"column":4},"end":{"line":827,"column":5}},"type":"if","locations":[{"start":{"line":805,"column":4},"end":{"line":827,"column":5}},{"start":{"line":816,"column":11},"end":{"line":827,"column":5}}]},"49":{"loc":{"start":{"line":816,"column":11},"end":{"line":827,"column":5}},"type":"if","locations":[{"start":{"line":816,"column":11},"end":{"line":827,"column":5}}]},"50":{"loc":{"start":{"line":856,"column":13},"end":{"line":856,"column":39}},"type":"cond-expr","locations":[{"start":{"line":856,"column":24},"end":{"line":856,"column":34}},{"start":{"line":856,"column":37},"end":{"line":856,"column":39}}]},"51":{"loc":{"start":{"line":871,"column":13},"end":{"line":871,"column":41}},"type":"cond-expr","locations":[{"start":{"line":871,"column":25},"end":{"line":871,"column":36}},{"start":{"line":871,"column":39},"end":{"line":871,"column":41}}]},"52":{"loc":{"start":{"line":884,"column":4},"end":{"line":911,"column":5}},"type":"if","locations":[{"start":{"line":884,"column":4},"end":{"line":911,"column":5}}]},"53":{"loc":{"start":{"line":900,"column":6},"end":{"line":907,"column":7}},"type":"if","locations":[{"start":{"line":900,"column":6},"end":{"line":907,"column":7}}]},"54":{"loc":{"start":{"line":936,"column":6},"end":{"line":938,"column":7}},"type":"if","locations":[{"start":{"line":936,"column":6},"end":{"line":938,"column":7}}]},"55":{"loc":{"start":{"line":947,"column":16},"end":{"line":947,"column":67}},"type":"binary-expr","locations":[{"start":{"line":947,"column":16},"end":{"line":947,"column":54}},{"start":{"line":947,"column":58},"end":{"line":947,"column":67}}]},"56":{"loc":{"start":{"line":956,"column":4},"end":{"line":977,"column":5}},"type":"if","locations":[{"start":{"line":956,"column":4},"end":{"line":977,"column":5}}]},"57":{"loc":{"start":{"line":967,"column":8},"end":{"line":975,"column":9}},"type":"if","locations":[{"start":{"line":967,"column":8},"end":{"line":975,"column":9}}]},"58":{"loc":{"start":{"line":990,"column":4},"end":{"line":998,"column":5}},"type":"if","locations":[{"start":{"line":990,"column":4},"end":{"line":998,"column":5}}]},"59":{"loc":{"start":{"line":991,"column":6},"end":{"line":994,"column":34}},"type":"binary-expr","locations":[{"start":{"line":991,"column":6},"end":{"line":991,"column":36}},{"start":{"line":992,"column":6},"end":{"line":992,"column":33}},{"start":{"line":993,"column":6},"end":{"line":993,"column":33}},{"start":{"line":994,"column":6},"end":{"line":994,"column":34}}]},"60":{"loc":{"start":{"line":1003,"column":4},"end":{"line":1017,"column":5}},"type":"if","locations":[{"start":{"line":1003,"column":4},"end":{"line":1017,"column":5}}]},"61":{"loc":{"start":{"line":1006,"column":8},"end":{"line":1012,"column":9}},"type":"if","locations":[{"start":{"line":1006,"column":8},"end":{"line":1012,"column":9}}]},"62":{"loc":{"start":{"line":1007,"column":10},"end":{"line":1009,"column":11}},"type":"if","locations":[{"start":{"line":1007,"column":10},"end":{"line":1009,"column":11}}]},"63":{"loc":{"start":{"line":1026,"column":4},"end":{"line":1031,"column":5}},"type":"if","locations":[{"start":{"line":1026,"column":4},"end":{"line":1031,"column":5}}]},"64":{"loc":{"start":{"line":1027,"column":6},"end":{"line":1028,"column":53}},"type":"binary-expr","locations":[{"start":{"line":1027,"column":6},"end":{"line":1027,"column":31}},{"start":{"line":1028,"column":6},"end":{"line":1028,"column":53}}]},"65":{"loc":{"start":{"line":1051,"column":6},"end":{"line":1056,"column":7}},"type":"if","locations":[{"start":{"line":1051,"column":6},"end":{"line":1056,"column":7}}]},"66":{"loc":{"start":{"line":1052,"column":8},"end":{"line":1053,"column":55}},"type":"binary-expr","locations":[{"start":{"line":1052,"column":8},"end":{"line":1052,"column":33}},{"start":{"line":1053,"column":8},"end":{"line":1053,"column":55}}]},"67":{"loc":{"start":{"line":1061,"column":6},"end":{"line":1068,"column":7}},"type":"if","locations":[{"start":{"line":1061,"column":6},"end":{"line":1068,"column":7}},{"start":{"line":1064,"column":13},"end":{"line":1068,"column":7}}]},"68":{"loc":{"start":{"line":1076,"column":4},"end":{"line":1079,"column":5}},"type":"if","locations":[{"start":{"line":1076,"column":4},"end":{"line":1079,"column":5}}]},"69":{"loc":{"start":{"line":1119,"column":4},"end":{"line":1121,"column":5}},"type":"if","locations":[{"start":{"line":1119,"column":4},"end":{"line":1121,"column":5}}]},"70":{"loc":{"start":{"line":1135,"column":4},"end":{"line":1140,"column":5}},"type":"if","locations":[{"start":{"line":1135,"column":4},"end":{"line":1140,"column":5}}]},"71":{"loc":{"start":{"line":1137,"column":6},"end":{"line":1139,"column":7}},"type":"if","locations":[{"start":{"line":1137,"column":6},"end":{"line":1139,"column":7}}]},"72":{"loc":{"start":{"line":1153,"column":4},"end":{"line":1161,"column":5}},"type":"if","locations":[{"start":{"line":1153,"column":4},"end":{"line":1161,"column":5}}]},"73":{"loc":{"start":{"line":1187,"column":11},"end":{"line":1187,"column":66}},"type":"binary-expr","locations":[{"start":{"line":1187,"column":11},"end":{"line":1187,"column":33}},{"start":{"line":1187,"column":37},"end":{"line":1187,"column":66}}]},"74":{"loc":{"start":{"line":1196,"column":96},"end":{"line":1196,"column":40309}},"type":"binary-expr","locations":[{"start":{"line":1196,"column":96},"end":{"line":1196,"column":133}},{"start":{"line":1196,"column":137},"end":{"line":1196,"column":40309}}]}},"s":{"0":4,"1":4,"2":4,"3":4,"4":4,"5":4,"6":4,"7":4,"8":4,"9":51,"10":51,"11":51,"12":51,"13":51,"14":51,"15":51,"16":51,"17":51,"18":51,"19":51,"20":51,"21":51,"22":51,"23":51,"24":51,"25":1,"26":1,"27":1,"28":2,"29":51,"30":2,"31":49,"32":5,"33":5,"34":1,"35":1,"36":4,"37":4,"38":4,"39":4,"40":4,"41":4,"42":4,"43":9,"44":4,"45":4,"46":3,"47":3,"48":4,"49":1,"50":4,"51":0,"52":0,"53":2,"54":2,"55":2,"56":2,"57":2,"58":1,"59":1,"60":1,"61":1,"62":1,"63":2,"64":0,"65":7,"66":7,"67":1,"68":6,"69":1,"70":1,"71":1,"72":1,"73":1,"74":1,"75":0,"76":0,"77":0,"78":0,"79":0,"80":0,"81":0,"82":0,"83":0,"84":0,"85":0,"86":0,"87":0,"88":0,"89":0,"90":0,"91":0,"92":0,"93":0,"94":0,"95":0,"96":0,"97":0,"98":0,"99":0,"100":0,"101":0,"102":0,"103":0,"104":0,"105":0,"106":0,"107":0,"108":0,"109":0,"110":0,"111":0,"112":0,"113":0,"114":0,"115":0,"116":0,"117":0,"118":0,"119":0,"120":0,"121":0,"122":0,"123":0,"124":0,"125":0,"126":0,"127":0,"128":0,"129":0,"130":0,"131":0,"132":0,"133":0,"134":0,"135":0,"136":0,"137":0,"138":0,"139":0,"140":0,"141":0,"142":0,"143":0,"144":1,"145":4,"146":4,"147":4,"148":1,"149":19,"150":19,"151":1,"152":18,"153":18,"154":18,"155":3,"156":15,"157":15,"158":15,"159":3,"160":3,"161":3,"162":5,"163":2,"164":3,"165":3,"166":2,"167":2,"168":4,"169":4,"170":4,"171":0,"172":4,"173":4,"174":4,"175":4,"176":1,"177":1,"178":1,"179":1,"180":1,"181":1,"182":13,"183":0,"184":13,"185":2,"186":13,"187":13,"188":13,"189":0,"190":0,"191":0,"192":0,"193":0,"194":0,"195":0,"196":0,"197":0,"198":0,"199":0,"200":0,"201":0,"202":0,"203":0,"204":0,"205":0,"206":0,"207":0,"208":0,"209":0,"210":0,"211":0,"212":0,"213":0,"214":0,"215":0,"216":0,"217":0,"218":0,"219":0,"220":0,"221":0,"222":0,"223":0,"224":0,"225":0,"226":0,"227":0,"228":0,"229":0,"230":0,"231":0,"232":0,"233":0,"234":0,"235":0,"236":0,"237":0,"238":0,"239":0,"240":0,"241":0,"242":1,"243":1,"244":1,"245":0,"246":0,"247":1,"248":1,"249":1,"250":0,"251":0,"252":0,"253":0,"254":0,"255":0,"256":0,"257":0,"258":0,"259":1,"260":1,"261":1,"262":1,"263":1,"264":1,"265":2,"266":2,"267":2,"268":2,"269":1,"270":1,"271":1,"272":1,"273":1,"274":1,"275":1,"276":1,"277":1,"278":1,"279":4,"280":4,"281":1,"282":1,"283":1,"284":3,"285":3,"286":1,"287":1,"288":1,"289":1,"290":1,"291":1,"292":1,"293":1,"294":4,"295":3,"296":3,"297":1,"298":1,"299":1,"300":2,"301":1,"302":1,"303":2,"304":2,"305":1,"306":4,"307":4,"308":4,"309":4,"310":4,"311":1,"312":1,"313":0,"314":0,"315":0,"316":0,"317":0,"318":0,"319":0,"320":0,"321":0,"322":0,"323":0,"324":0,"325":0,"326":0,"327":0,"328":0,"329":14,"330":0,"331":0,"332":1,"333":22,"334":17,"335":5,"336":6,"337":6,"338":6,"339":3,"340":3,"341":3,"342":3,"343":3,"344":8,"345":8,"346":2,"347":1,"348":1,"349":0,"350":0,"351":0,"352":0,"353":0,"354":4,"355":135,"356":135,"357":4,"358":4,"359":4,"360":4,"361":4},"f":{"0":51,"1":1,"2":2,"3":51,"4":5,"5":4,"6":9,"7":2,"8":2,"9":7,"10":6,"11":0,"12":0,"13":0,"14":0,"15":0,"16":0,"17":1,"18":4,"19":19,"20":0,"21":0,"22":0,"23":0,"24":0,"25":0,"26":0,"27":0,"28":0,"29":1,"30":1,"31":0,"32":0,"33":0,"34":1,"35":1,"36":1,"37":2,"38":4,"39":4,"40":2,"41":4,"42":0,"43":0,"44":0,"45":14,"46":1,"47":22,"48":17,"49":5,"50":6,"51":3,"52":8,"53":1,"54":0,"55":0,"56":0,"57":135},"b":{"0":[44],"1":[51,50],"2":[1],"3":[2,49,49],"4":[1],"5":[4],"6":[9,3],"7":[3],"8":[4,4],"9":[1],"10":[4,4],"11":[2,2],"12":[2],"13":[1],"14":[2,2],"15":[1],"16":[1],"17":[0],"18":[0],"19":[0],"20":[0,0],"21":[0],"22":[0],"23":[0,0,0,0,0],"24":[0],"25":[0],"26":[4],"27":[4,4],"28":[1],"29":[3],"30":[3,5,2,3,4,1],"31":[2],"32":[0],"33":[4],"34":[1],"35":[0],"36":[2],"37":[0,0],"38":[0,0],"39":[0,0],"40":[0],"41":[0,0,0],"42":[0],"43":[0],"44":[0,0,0],"45":[0,0],"46":[0,0,0,0,0,0,0,0],"47":[0],"48":[1,0],"49":[0],"50":[1,0],"51":[1,0],"52":[1],"53":[1],"54":[1],"55":[1,0],"56":[1],"57":[3],"58":[1],"59":[2,2,1,1],"60":[1],"61":[4],"62":[4],"63":[0],"64":[0,0],"65":[0],"66":[0,0],"67":[0,0],"68":[0],"69":[6],"70":[3],"71":[3],"72":[2],"73":[0,0],"74":[135,3]}}
,"C:\\Users\\fille\\poker-engine\\src\\engine\\PlayerManager.ts": {"path":"C:\\Users\\fille\\poker-engine\\src\\engine\\PlayerManager.ts","statementMap":{"0":{"start":{"line":1,"column":0},"end":{"line":1,"column":42}},"1":{"start":{"line":3,"column":0},"end":{"line":3,"column":40}},"2":{"start":{"line":53,"column":4},"end":{"line":53,"column":45}},"3":{"start":{"line":54,"column":4},"end":{"line":54,"column":54}},"4":{"start":{"line":55,"column":4},"end":{"line":55,"column":59}},"5":{"start":{"line":56,"column":4},"end":{"line":56,"column":43}},"6":{"start":{"line":64,"column":4},"end":{"line":64,"column":37}},"7":{"start":{"line":72,"column":4},"end":{"line":72,"column":32}},"8":{"start":{"line":81,"column":21},"end":{"line":81,"column":79}},"9":{"start":{"line":84,"column":19},"end":{"line":89,"column":6}},"10":{"start":{"line":92,"column":31},"end":{"line":99,"column":6}},"11":{"start":{"line":102,"column":35},"end":{"line":109,"column":6}},"12":{"start":{"line":112,"column":4},"end":{"line":112,"column":39}},"13":{"start":{"line":113,"column":4},"end":{"line":113,"column":42}},"14":{"start":{"line":114,"column":4},"end":{"line":114,"column":47}},"15":{"start":{"line":116,"column":4},"end":{"line":116,"column":18}},"16":{"start":{"line":125,"column":4},"end":{"line":125,"column":46}},"17":{"start":{"line":133,"column":4},"end":{"line":133,"column":45}},"18":{"start":{"line":142,"column":4},"end":{"line":142,"column":50}},"19":{"start":{"line":151,"column":4},"end":{"line":151,"column":53}},"20":{"start":{"line":166,"column":19},"end":{"line":166,"column":43}},"21":{"start":{"line":167,"column":18},"end":{"line":167,"column":42}},"22":{"start":{"line":169,"column":4},"end":{"line":171,"column":5}},"23":{"start":{"line":170,"column":6},"end":{"line":170,"column":19}},"24":{"start":{"line":174,"column":20},"end":{"line":174,"column":55}},"25":{"start":{"line":176,"column":4},"end":{"line":201,"column":5}},"26":{"start":{"line":178,"column":22},"end":{"line":178,"column":55}},"27":{"start":{"line":179,"column":6},"end":{"line":200,"column":7}},"28":{"start":{"line":181,"column":8},"end":{"line":190,"column":9}},"29":{"start":{"line":186,"column":32},"end":{"line":186,"column":71}},"30":{"start":{"line":187,"column":10},"end":{"line":189,"column":11}},"31":{"start":{"line":188,"column":12},"end":{"line":188,"column":49}},"32":{"start":{"line":193,"column":8},"end":{"line":193,"column":41}},"33":{"start":{"line":194,"column":8},"end":{"line":194,"column":38}},"34":{"start":{"line":195,"column":8},"end":{"line":195,"column":32}},"35":{"start":{"line":196,"column":8},"end":{"line":196,"column":40}},"36":{"start":{"line":199,"column":8},"end":{"line":199,"column":49}},"37":{"start":{"line":203,"column":4},"end":{"line":203,"column":19}},"38":{"start":{"line":212,"column":20},"end":{"line":212,"column":53}},"39":{"start":{"line":214,"column":4},"end":{"line":216,"column":5}},"40":{"start":{"line":215,"column":6},"end":{"line":215,"column":19}},"41":{"start":{"line":218,"column":18},"end":{"line":218,"column":57}},"42":{"start":{"line":220,"column":4},"end":{"line":222,"column":5}},"43":{"start":{"line":221,"column":6},"end":{"line":221,"column":19}},"44":{"start":{"line":224,"column":20},"end":{"line":224,"column":48}},"45":{"start":{"line":226,"column":4},"end":{"line":232,"column":5}},"46":{"start":{"line":228,"column":6},"end":{"line":228,"column":36}},"47":{"start":{"line":229,"column":6},"end":{"line":229,"column":31}},"48":{"start":{"line":230,"column":6},"end":{"line":230,"column":31}},"49":{"start":{"line":231,"column":6},"end":{"line":231,"column":38}},"50":{"start":{"line":234,"column":4},"end":{"line":234,"column":19}},"51":{"start":{"line":250,"column":18},"end":{"line":250,"column":48}},"52":{"start":{"line":252,"column":4},"end":{"line":254,"column":5}},"53":{"start":{"line":253,"column":6},"end":{"line":253,"column":13}},"54":{"start":{"line":256,"column":4},"end":{"line":256,"column":24}},"55":{"start":{"line":258,"column":4},"end":{"line":263,"column":5}},"56":{"start":{"line":259,"column":6},"end":{"line":259,"column":23}},"57":{"start":{"line":260,"column":6},"end":{"line":260,"column":36}},"58":{"start":{"line":261,"column":11},"end":{"line":263,"column":5}},"59":{"start":{"line":262,"column":6},"end":{"line":262,"column":44}},"60":{"start":{"line":265,"column":4},"end":{"line":267,"column":5}},"61":{"start":{"line":266,"column":6},"end":{"line":266,"column":33}},"62":{"start":{"line":269,"column":4},"end":{"line":269,"column":34}},"63":{"start":{"line":278,"column":20},"end":{"line":278,"column":53}},"64":{"start":{"line":279,"column":4},"end":{"line":279,"column":79}},"65":{"start":{"line":288,"column":18},"end":{"line":288,"column":42}},"66":{"start":{"line":290,"column":4},"end":{"line":292,"column":5}},"67":{"start":{"line":291,"column":6},"end":{"line":291,"column":16}},"68":{"start":{"line":294,"column":4},"end":{"line":294,"column":64}},"69":{"start":{"line":294,"column":52},"end":{"line":294,"column":62}},"70":{"start":{"line":302,"column":20},"end":{"line":302,"column":53}},"71":{"start":{"line":303,"column":18},"end":{"line":303,"column":48}},"72":{"start":{"line":305,"column":4},"end":{"line":307,"column":5}},"73":{"start":{"line":306,"column":6},"end":{"line":306,"column":38}},"74":{"start":{"line":309,"column":4},"end":{"line":311,"column":5}},"75":{"start":{"line":310,"column":6},"end":{"line":310,"column":36}},"76":{"start":{"line":321,"column":4},"end":{"line":323,"column":5}},"77":{"start":{"line":322,"column":6},"end":{"line":322,"column":19}},"78":{"start":{"line":325,"column":19},"end":{"line":325,"column":43}},"79":{"start":{"line":327,"column":4},"end":{"line":329,"column":5}},"80":{"start":{"line":328,"column":6},"end":{"line":328,"column":19}},"81":{"start":{"line":331,"column":4},"end":{"line":331,"column":27}},"82":{"start":{"line":332,"column":4},"end":{"line":332,"column":16}},"83":{"start":{"line":341,"column":19},"end":{"line":341,"column":43}},"84":{"start":{"line":343,"column":4},"end":{"line":345,"column":5}},"85":{"start":{"line":344,"column":6},"end":{"line":344,"column":16}},"86":{"start":{"line":347,"column":25},"end":{"line":347,"column":37}},"87":{"start":{"line":350,"column":4},"end":{"line":350,"column":41}},"88":{"start":{"line":353,"column":4},"end":{"line":353,"column":21}},"89":{"start":{"line":355,"column":4},"end":{"line":355,"column":24}},"90":{"start":{"line":46,"column":0},"end":{"line":46,"column":13}}},"fnMap":{"0":{"name":"(anonymous_0)","decl":{"start":{"line":52,"column":2},"end":{"line":52,"column":null}},"loc":{"start":{"line":52,"column":2},"end":{"line":57,"column":3}}},"1":{"name":"(anonymous_1)","decl":{"start":{"line":63,"column":9},"end":{"line":63,"column":22}},"loc":{"start":{"line":63,"column":35},"end":{"line":65,"column":3}}},"2":{"name":"(anonymous_2)","decl":{"start":{"line":71,"column":9},"end":{"line":71,"column":24}},"loc":{"start":{"line":71,"column":40},"end":{"line":73,"column":3}}},"3":{"name":"(anonymous_3)","decl":{"start":{"line":80,"column":9},"end":{"line":80,"column":23}},"loc":{"start":{"line":80,"column":58},"end":{"line":117,"column":3}}},"4":{"name":"(anonymous_4)","decl":{"start":{"line":124,"column":9},"end":{"line":124,"column":18}},"loc":{"start":{"line":124,"column":35},"end":{"line":126,"column":3}}},"5":{"name":"(anonymous_5)","decl":{"start":{"line":132,"column":9},"end":{"line":132,"column":22}},"loc":{"start":{"line":132,"column":22},"end":{"line":134,"column":3}}},"6":{"name":"(anonymous_6)","decl":{"start":{"line":141,"column":9},"end":{"line":141,"column":23}},"loc":{"start":{"line":141,"column":40},"end":{"line":143,"column":3}}},"7":{"name":"(anonymous_7)","decl":{"start":{"line":150,"column":9},"end":{"line":150,"column":25}},"loc":{"start":{"line":150,"column":42},"end":{"line":152,"column":3}}},"8":{"name":"(anonymous_8)","decl":{"start":{"line":161,"column":9},"end":{"line":161,"column":26}},"loc":{"start":{"line":164,"column":21},"end":{"line":204,"column":3}}},"9":{"name":"(anonymous_9)","decl":{"start":{"line":211,"column":9},"end":{"line":211,"column":30}},"loc":{"start":{"line":211,"column":47},"end":{"line":235,"column":3}}},"10":{"name":"(anonymous_10)","decl":{"start":{"line":244,"column":9},"end":{"line":244,"column":26}},"loc":{"start":{"line":248,"column":19},"end":{"line":270,"column":3}}},"11":{"name":"(anonymous_11)","decl":{"start":{"line":277,"column":9},"end":{"line":277,"column":23}},"loc":{"start":{"line":277,"column":40},"end":{"line":280,"column":3}}},"12":{"name":"(anonymous_12)","decl":{"start":{"line":287,"column":9},"end":{"line":287,"column":26}},"loc":{"start":{"line":287,"column":42},"end":{"line":295,"column":3}}},"13":{"name":"(anonymous_13)","decl":{"start":{"line":294,"column":32},"end":{"line":294,"column":33}},"loc":{"start":{"line":294,"column":52},"end":{"line":294,"column":62}}},"14":{"name":"(anonymous_14)","decl":{"start":{"line":301,"column":9},"end":{"line":301,"column":29}},"loc":{"start":{"line":301,"column":46},"end":{"line":312,"column":3}}},"15":{"name":"(anonymous_15)","decl":{"start":{"line":320,"column":9},"end":{"line":320,"column":20}},"loc":{"start":{"line":320,"column":53},"end":{"line":333,"column":3}}},"16":{"name":"(anonymous_16)","decl":{"start":{"line":340,"column":9},"end":{"line":340,"column":22}},"loc":{"start":{"line":340,"column":39},"end":{"line":356,"column":3}}}},"branchMap":{"0":{"loc":{"start":{"line":125,"column":11},"end":{"line":125,"column":45}},"type":"binary-expr","locations":[{"start":{"line":125,"column":11},"end":{"line":125,"column":37}},{"start":{"line":125,"column":41},"end":{"line":125,"column":45}}]},"1":{"loc":{"start":{"line":142,"column":11},"end":{"line":142,"column":49}},"type":"binary-expr","locations":[{"start":{"line":142,"column":11},"end":{"line":142,"column":41}},{"start":{"line":142,"column":45},"end":{"line":142,"column":49}}]},"2":{"loc":{"start":{"line":151,"column":11},"end":{"line":151,"column":52}},"type":"binary-expr","locations":[{"start":{"line":151,"column":11},"end":{"line":151,"column":44}},{"start":{"line":151,"column":48},"end":{"line":151,"column":52}}]},"3":{"loc":{"start":{"line":169,"column":4},"end":{"line":171,"column":5}},"type":"if","locations":[{"start":{"line":169,"column":4},"end":{"line":171,"column":5}}]},"4":{"loc":{"start":{"line":169,"column":8},"end":{"line":169,"column":25}},"type":"binary-expr","locations":[{"start":{"line":169,"column":8},"end":{"line":169,"column":15}},{"start":{"line":169,"column":19},"end":{"line":169,"column":25}}]},"5":{"loc":{"start":{"line":176,"column":4},"end":{"line":201,"column":5}},"type":"if","locations":[{"start":{"line":176,"column":4},"end":{"line":201,"column":5}}]},"6":{"loc":{"start":{"line":179,"column":6},"end":{"line":200,"column":7}},"type":"if","locations":[{"start":{"line":179,"column":6},"end":{"line":200,"column":7}}]},"7":{"loc":{"start":{"line":181,"column":8},"end":{"line":190,"column":9}},"type":"if","locations":[{"start":{"line":181,"column":8},"end":{"line":190,"column":9}}]},"8":{"loc":{"start":{"line":182,"column":10},"end":{"line":184,"column":36}},"type":"binary-expr","locations":[{"start":{"line":182,"column":10},"end":{"line":182,"column":32}},{"start":{"line":183,"column":10},"end":{"line":183,"column":44}},{"start":{"line":184,"column":10},"end":{"line":184,"column":36}}]},"9":{"loc":{"start":{"line":187,"column":10},"end":{"line":189,"column":11}},"type":"if","locations":[{"start":{"line":187,"column":10},"end":{"line":189,"column":11}}]},"10":{"loc":{"start":{"line":214,"column":4},"end":{"line":216,"column":5}},"type":"if","locations":[{"start":{"line":214,"column":4},"end":{"line":216,"column":5}}]},"11":{"loc":{"start":{"line":214,"column":8},"end":{"line":214,"column":73}},"type":"binary-expr","locations":[{"start":{"line":214,"column":8},"end":{"line":214,"column":16}},{"start":{"line":214,"column":20},"end":{"line":214,"column":43}},{"start":{"line":214,"column":47},"end":{"line":214,"column":73}}]},"12":{"loc":{"start":{"line":220,"column":4},"end":{"line":222,"column":5}},"type":"if","locations":[{"start":{"line":220,"column":4},"end":{"line":222,"column":5}}]},"13":{"loc":{"start":{"line":226,"column":4},"end":{"line":232,"column":5}},"type":"if","locations":[{"start":{"line":226,"column":4},"end":{"line":232,"column":5}}]},"14":{"loc":{"start":{"line":252,"column":4},"end":{"line":254,"column":5}},"type":"if","locations":[{"start":{"line":252,"column":4},"end":{"line":254,"column":5}}]},"15":{"loc":{"start":{"line":258,"column":4},"end":{"line":263,"column":5}},"type":"if","locations":[{"start":{"line":258,"column":4},"end":{"line":263,"column":5}},{"start":{"line":261,"column":11},"end":{"line":263,"column":5}}]},"16":{"loc":{"start":{"line":261,"column":11},"end":{"line":263,"column":5}},"type":"if","locations":[{"start":{"line":261,"column":11},"end":{"line":263,"column":5}}]},"17":{"loc":{"start":{"line":265,"column":4},"end":{"line":267,"column":5}},"type":"if","locations":[{"start":{"line":265,"column":4},"end":{"line":267,"column":5}}]},"18":{"loc":{"start":{"line":279,"column":14},"end":{"line":279,"column":77}},"type":"binary-expr","locations":[{"start":{"line":279,"column":14},"end":{"line":279,"column":21}},{"start":{"line":279,"column":25},"end":{"line":279,"column":47}},{"start":{"line":279,"column":51},"end":{"line":279,"column":77}}]},"19":{"loc":{"start":{"line":290,"column":4},"end":{"line":292,"column":5}},"type":"if","locations":[{"start":{"line":290,"column":4},"end":{"line":292,"column":5}}]},"20":{"loc":{"start":{"line":305,"column":4},"end":{"line":307,"column":5}},"type":"if","locations":[{"start":{"line":305,"column":4},"end":{"line":307,"column":5}}]},"21":{"loc":{"start":{"line":309,"column":4},"end":{"line":311,"column":5}},"type":"if","locations":[{"start":{"line":309,"column":4},"end":{"line":311,"column":5}}]},"22":{"loc":{"start":{"line":321,"column":4},"end":{"line":323,"column":5}},"type":"if","locations":[{"start":{"line":321,"column":4},"end":{"line":323,"column":5}}]},"23":{"loc":{"start":{"line":327,"column":4},"end":{"line":329,"column":5}},"type":"if","locations":[{"start":{"line":327,"column":4},"end":{"line":329,"column":5}}]},"24":{"loc":{"start":{"line":343,"column":4},"end":{"line":345,"column":5}},"type":"if","locations":[{"start":{"line":343,"column":4},"end":{"line":345,"column":5}}]}},"s":{"0":2,"1":2,"2":12,"3":12,"4":12,"5":12,"6":14,"7":1,"8":15,"9":15,"10":15,"11":15,"12":15,"13":15,"14":15,"15":15,"16":15,"17":1,"18":5,"19":5,"20":7,"21":7,"22":7,"23":0,"24":7,"25":7,"26":7,"27":7,"28":7,"29":1,"30":1,"31":1,"32":7,"33":7,"34":7,"35":7,"36":7,"37":7,"38":2,"39":2,"40":0,"41":2,"42":2,"43":0,"44":2,"45":2,"46":2,"47":2,"48":2,"49":2,"50":2,"51":3,"52":3,"53":0,"54":3,"55":3,"56":2,"57":2,"58":1,"59":1,"60":3,"61":2,"62":3,"63":3,"64":3,"65":1,"66":1,"67":0,"68":1,"69":9,"70":1,"71":1,"72":1,"73":1,"74":1,"75":1,"76":2,"77":1,"78":1,"79":1,"80":0,"81":1,"82":1,"83":1,"84":1,"85":0,"86":1,"87":1,"88":1,"89":1,"90":2},"f":{"0":12,"1":14,"2":1,"3":15,"4":15,"5":1,"6":5,"7":5,"8":7,"9":2,"10":3,"11":3,"12":1,"13":9,"14":1,"15":2,"16":1},"b":{"0":[15,0],"1":[5,0],"2":[5,0],"3":[0],"4":[7,7],"5":[7],"6":[7],"7":[1],"8":[7,1,1],"9":[1],"10":[0],"11":[2,2,2],"12":[0],"13":[2],"14":[0],"15":[2,1],"16":[1],"17":[2],"18":[3,3,1],"19":[0],"20":[1],"21":[1],"22":[1],"23":[0],"24":[0]}}
[...]
,"C:\\Users\\fille\\poker-engine\\src\\models\\index.ts": {"path":"C:\\Users\\fille\\poker-engine\\src\\models\\index.ts","statementMap":{"0":{"start":{"line":1,"column":0},"end":{"line":1,"column":25}},"1":{"start":{"line":2,"column":0},"end":{"line":2,"column":23}},"2":{"start":{"line":3,"column":0},"end":{"line":3,"column":23}},"3":{"start":{"line":4,"column":0},"end":{"line":4,"column":23}},"4":{"start":{"line":5,"column":0},"end":{"line":5,"column":25}},"5":{"start":{"line":6,"column":0},"end":{"line":6,"column":22}},"6":{"start":{"line":7,"column":0},"end":{"line":7,"column":24}}},"fnMap":{},"branchMap":{},"s":{"0":12,"1":12,"2":12,"3":12,"4":12,"5":12,"6":12},"f":{},"b":{}}
,"C:\\Users\\fille\\poker-engine\\src\\rules\\GameVariantConfig.ts": {"path":"C:\\Users\\fille\\poker-engine\\src\\rules\\GameVariantConfig.ts","statementMap":{"0":{"start":{"line":29,"column":0},"end":{"line":29,"column":16}},"1":{"start":{"line":1,"column":0},"end":{"line":1,"column":null}},"2":{"start":{"line":6,"column":0},"end":{"line":6,"column":57}},"3":{"start":{"line":36,"column":45},"end":{"line":41,"column":4}},"4":{"start":{"line":44,"column":2},"end":{"line":128,"column":3}},"5":{"start":{"line":46,"column":6},"end":{"line":48,"column":55}},"6":{"start":{"line":49,"column":6},"end":{"line":49,"column":32}},"7":{"start":{"line":50,"column":6},"end":{"line":50,"column":32}},"8":{"start":{"line":51,"column":6},"end":{"line":51,"column":28}},"9":{"start":{"line":52,"column":6},"end":{"line":52,"column":29}},"10":{"start":{"line":53,"column":6},"end":{"line":56,"column":9}},"11":{"start":{"line":57,"column":6},"end":{"line":58,"column":114}},"12":{"start":{"line":59,"column":6},"end":{"line":63,"column":8}},"13":{"start":{"line":64,"column":6},"end":{"line":69,"column":7}},"14":{"start":{"line":65,"column":8},"end":{"line":68,"column":10}},"15":{"start":{"line":70,"column":6},"end":{"line":70,"column":12}},"16":{"start":{"line":73,"column":6},"end":{"line":75,"column":9}},"17":{"start":{"line":76,"column":6},"end":{"line":76,"column":32}},"18":{"start":{"line":77,"column":6},"end":{"line":77,"column":32}},"19":{"start":{"line":78,"column":6},"end":{"line":78,"column":28}},"20":{"start":{"line":79,"column":6},"end":{"line":79,"column":29}},"21":{"start":{"line":80,"column":6},"end":{"line":83,"column":9}},"22":{"start":{"line":84,"column":6},"end":{"line":85,"column":107}},"23":{"start":{"line":86,"column":6},"end":{"line":90,"column":8}},"24":{"start":{"line":91,"column":6},"end":{"line":96,"column":7}},"25":{"start":{"line":92,"column":8},"end":{"line":95,"column":10}},"26":{"start":{"line":97,"column":6},"end":{"line":97,"column":12}},"27":{"start":{"line":100,"column":6},"end":{"line":102,"column":9}},"28":{"start":{"line":103,"column":6},"end":{"line":103,"column":32}},"29":{"start":{"line":104,"column":6},"end":{"line":104,"column":32}},"30":{"start":{"line":105,"column":6},"end":{"line":105,"column":28}},"31":{"start":{"line":106,"column":6},"end":{"line":106,"column":28}},"32":{"start":{"line":107,"column":6},"end":{"line":110,"column":9}},"33":{"start":{"line":111,"column":6},"end":{"line":112,"column":103}},"34":{"start":{"line":113,"column":6},"end":{"line":117,"column":8}},"35":{"start":{"line":118,"column":6},"end":{"line":123,"column":7}},"36":{"start":{"line":119,"column":8},"end":{"line":122,"column":10}},"37":{"start":{"line":124,"column":6},"end":{"line":124,"column":12}},"38":{"start":{"line":127,"column":6},"end":{"line":127,"column":62}},"39":{"start":{"line":131,"column":2},"end":{"line":152,"column":3}},"40":{"start":{"line":133,"column":6},"end":{"line":135,"column":8}},"41":{"start":{"line":136,"column":6},"end":{"line":136,"column":12}},"42":{"start":{"line":139,"column":6},"end":{"line":141,"column":8}},"43":{"start":{"line":142,"column":6},"end":{"line":142,"column":12}},"44":{"start":{"line":145,"column":6},"end":{"line":147,"column":8}},"45":{"start":{"line":148,"column":6},"end":{"line":148,"column":12}},"46":{"start":{"line":151,"column":6},"end":{"line":151,"column":76}},"47":{"start":{"line":154,"column":2},"end":{"line":154,"column":37}},"48":{"start":{"line":161,"column":2},"end":{"line":170,"column":3}},"49":{"start":{"line":163,"column":6},"end":{"line":163,"column":24}},"50":{"start":{"line":165,"column":6},"end":{"line":165,"column":25}},"51":{"start":{"line":167,"column":6},"end":{"line":167,"column":27}},"52":{"start":{"line":169,"column":6},"end":{"line":169,"column":16}},"53":{"start":{"line":176,"column":13},"end":{"line":215,"column":2}}},"fnMap":{"0":{"name":"createGameVariantConfig","decl":{"start":{"line":29,"column":16},"end":{"line":29,"column":39}},"loc":{"start":{"line":33,"column":30},"end":{"line":155,"column":1}}},"1":{"name":"getBettingStructureName","decl":{"start":{"line":160,"column":9},"end":{"line":160,"column":32}},"loc":{"start":{"line":160,"column":67},"end":{"line":171,"column":1}}}},"branchMap":{"0":{"loc":{"start":{"line":32,"column":2},"end":{"line":32,"column":31}},"type":"default-arg","locations":[{"start":{"line":32,"column":26},"end":{"line":32,"column":31}}]},"1":{"loc":{"start":{"line":33,"column":2},"end":{"line":33,"column":30}},"type":"default-arg","locations":[{"start":{"line":33,"column":29},"end":{"line":33,"column":30}}]},"2":{"loc":{"start":{"line":44,"column":2},"end":{"line":128,"column":3}},"type":"switch","locations":[{"start":{"line":45,"column":4},"end":{"line":70,"column":12}},{"start":{"line":72,"column":4},"end":{"line":97,"column":12}},{"start":{"line":99,"column":4},"end":{"line":124,"column":12}},{"start":{"line":126,"column":4},"end":{"line":127,"column":62}}]},"3":{"loc":{"start":{"line":48,"column":24},"end":{"line":48,"column":52}},"type":"cond-expr","locations":[{"start":{"line":48,"column":39},"end":{"line":48,"column":47}},{"start":{"line":48,"column":50},"end":{"line":48,"column":52}}]},"4":{"loc":{"start":{"line":64,"column":6},"end":{"line":69,"column":7}},"type":"if","locations":[{"start":{"line":64,"column":6},"end":{"line":69,"column":7}}]},"5":{"loc":{"start":{"line":74,"column":8},"end":{"line":74,"column":null}},"type":"cond-expr","locations":[{"start":{"line":74,"column":23},"end":{"line":74,"column":31}},{"start":{"line":74,"column":34},"end":{"line":74,"column":null}}]},"6":{"loc":{"start":{"line":91,"column":6},"end":{"line":96,"column":7}},"type":"if","locations":[{"start":{"line":91,"column":6},"end":{"line":96,"column":7}}]},"7":{"loc":{"start":{"line":101,"column":8},"end":{"line":101,"column":null}},"type":"cond-expr","locations":[{"start":{"line":101,"column":23},"end":{"line":101,"column":31}},{"start":{"line":101,"column":34},"end":{"line":101,"column":null}}]},"8":{"loc":{"start":{"line":118,"column":6},"end":{"line":123,"column":7}},"type":"if","locations":[{"start":{"line":118,"column":6},"end":{"line":123,"column":7}}]},"9":{"loc":{"start":{"line":131,"column":2},"end":{"line":152,"column":3}},"type":"switch","locations":[{"start":{"line":132,"column":4},"end":{"line":136,"column":12}},{"start":{"line":138,"column":4},"end":{"line":142,"column":12}},{"start":{"line":144,"column":4},"end":{"line":148,"column":12}},{"start":{"line":150,"column":4},"end":{"line":151,"column":76}}]},"10":{"loc":{"start":{"line":161,"column":2},"end":{"line":170,"column":3}},"type":"switch","locations":[{"start":{"line":162,"column":4},"end":{"line":163,"column":24}},{"start":{"line":164,"column":4},"end":{"line":165,"column":25}},{"start":{"line":166,"column":4},"end":{"line":167,"column":27}},{"start":{"line":168,"column":4},"end":{"line":169,"column":16}}]}},"s":{"0":1,"1":1,"2":1,"3":17,"4":17,"5":8,"6":8,"7":8,"8":8,"9":8,"10":8,"11":8,"12":8,"13":8,"14":1,"15":8,"16":4,"17":4,"18":4,"19":4,"20":4,"21":4,"22":4,"23":4,"24":4,"25":2,"26":4,"27":4,"28":4,"29":4,"30":4,"31":4,"32":4,"33":4,"34":4,"35":4,"36":2,"37":4,"38":1,"39":16,"40":3,"41":3,"42":6,"43":6,"44":6,"45":6,"46":1,"47":15,"48":16,"49":3,"50":6,"51":6,"52":1,"53":1},"f":{"0":17,"1":16},"b":{"0":[12],"1":[12],"2":[8,4,4,1],"3":[1,7],"4":[1],"5":[2,2],"6":[2],"7":[2,2],"8":[2],"9":[3,6,6,1],"10":[3,6,6,1]}}
,"C:\\Users\\fille\\poker-engine\\src\\rules\\index.ts": {"path":"C:\\Users\\fille\\poker-engine\\src\\rules\\index.ts","statementMap":{"0":{"start":{"line":1,"column":0},"end":{"line":1,"column":36}}},"fnMap":{},"branchMap":{},"s":{"0":0},"f":{},"b":{}}
,"C:\\Users\\fille\\poker-engine\\src\\types\\index.ts": {"path":"C:\\Users\\fille\\poker-engine\\src\\types\\index.ts","statementMap":{"0":{"start":{"line":2,"column":0},"end":{"line":2,"column":null}},"1":{"start":{"line":3,"column":2},"end":{"line":3,"column":null}},"2":{"start":{"line":4,"column":2},"end":{"line":4,"column":null}},"3":{"start":{"line":5,"column":2},"end":{"line":5,"column":null}},"4":{"start":{"line":6,"column":2},"end":{"line":6,"column":null}},"5":{"start":{"line":9,"column":0},"end":{"line":9,"column":null}},"6":{"start":{"line":10,"column":2},"end":{"line":10,"column":null}},"7":{"start":{"line":11,"column":2},"end":{"line":11,"column":null}},"8":{"start":{"line":12,"column":2},"end":{"line":12,"column":null}},"9":{"start":{"line":13,"column":2},"end":{"line":13,"column":null}},"10":{"start":{"line":14,"column":2},"end":{"line":14,"column":null}},"11":{"start":{"line":15,"column":2},"end":{"line":15,"column":null}},"12":{"start":{"line":16,"column":2},"end":{"line":16,"column":null}},"13":{"start":{"line":17,"column":2},"end":{"line":17,"column":null}},"14":{"start":{"line":18,"column":2},"end":{"line":18,"column":null}},"15":{"start":{"line":19,"column":2},"end":{"line":19,"column":null}},"16":{"start":{"line":20,"column":2},"end":{"line":20,"column":null}},"17":{"start":{"line":21,"column":2},"end":{"line":21,"column":null}},"18":{"start":{"line":22,"column":2},"end":{"line":22,"column":null}},"19":{"start":{"line":26,"column":0},"end":{"line":26,"column":null}},"20":{"start":{"line":27,"column":2},"end":{"line":27,"column":null}},"21":{"start":{"line":28,"column":2},"end":{"line":28,"column":null}},"22":{"start":{"line":29,"column":2},"end":{"line":29,"column":null}},"23":{"start":{"line":30,"column":2},"end":{"line":30,"column":null}},"24":{"start":{"line":33,"column":0},"end":{"line":33,"column":null}},"25":{"start":{"line":34,"column":2},"end":{"line":34,"column":null}},"26":{"start":{"line":35,"column":2},"end":{"line":35,"column":null}},"27":{"start":{"line":36,"column":2},"end":{"line":36,"column":null}},"28":{"start":{"line":37,"column":2},"end":{"line":37,"column":null}},"29":{"start":{"line":38,"column":2},"end":{"line":38,"column":null}},"30":{"start":{"line":39,"column":2},"end":{"line":39,"column":null}},"31":{"start":{"line":43,"column":0},"end":{"line":43,"column":null}},"32":{"start":{"line":44,"column":2},"end":{"line":44,"column":null}},"33":{"start":{"line":45,"column":2},"end":{"line":45,"column":null}},"34":{"start":{"line":46,"column":2},"end":{"line":46,"column":null}},"35":{"start":{"line":47,"column":2},"end":{"line":47,"column":null}},"36":{"start":{"line":48,"column":2},"end":{"line":48,"column":null}},"37":{"start":{"line":49,"column":2},"end":{"line":49,"column":null}},"38":{"start":{"line":50,"column":2},"end":{"line":50,"column":null}},"39":{"start":{"line":51,"column":2},"end":{"line":51,"column":null}},"40":{"start":{"line":55,"column":0},"end":{"line":55,"column":null}},"41":{"start":{"line":56,"column":2},"end":{"line":56,"column":null}},"42":{"start":{"line":57,"column":2},"end":{"line":57,"column":null}},"43":{"start":{"line":58,"column":2},"end":{"line":58,"column":null}},"44":{"start":{"line":59,"column":2},"end":{"line":59,"column":null}},"45":{"start":{"line":60,"column":2},"end":{"line":60,"column":null}},"46":{"start":{"line":61,"column":2},"end":{"line":61,"column":null}},"47":{"start":{"line":65,"column":0},"end":{"line":65,"column":null}},"48":{"start":{"line":66,"column":2},"end":{"line":66,"column":null}},"49":{"start":{"line":67,"column":2},"end":{"line":67,"column":null}},"50":{"start":{"line":68,"column":2},"end":{"line":68,"column":null}},"51":{"start":{"line":69,"column":2},"end":{"line":69,"column":null}},"52":{"start":{"line":70,"column":2},"end":{"line":70,"column":null}},"53":{"start":{"line":71,"column":2},"end":{"line":71,"column":null}},"54":{"start":{"line":72,"column":2},"end":{"line":72,"column":null}},"55":{"start":{"line":73,"column":2},"end":{"line":73,"column":null}},"56":{"start":{"line":74,"column":2},"end":{"line":74,"column":null}},"57":{"start":{"line":75,"column":2},"end":{"line":75,"column":null}},"58":{"start":{"line":79,"column":0},"end":{"line":79,"column":null}},"59":{"start":{"line":80,"column":2},"end":{"line":80,"column":null}},"60":{"start":{"line":81,"column":2},"end":{"line":81,"column":null}},"61":{"start":{"line":82,"column":2},"end":{"line":82,"column":null}},"62":{"start":{"line":86,"column":0},"end":{"line":86,"column":null}},"63":{"start":{"line":87,"column":2},"end":{"line":87,"column":null}},"64":{"start":{"line":88,"column":2},"end":{"line":88,"column":null}},"65":{"start":{"line":89,"column":2},"end":{"line":89,"column":null}},"66":{"start":{"line":93,"column":0},"end":{"line":93,"column":null}},"67":{"start":{"line":94,"column":2},"end":{"line":94,"column":null}},"68":{"start":{"line":95,"column":2},"end":{"line":95,"column":null}},"69":{"start":{"line":96,"column":2},"end":{"line":96,"column":null}},"70":{"start":{"line":97,"column":2},"end":{"line":97,"column":null}},"71":{"start":{"line":98,"column":2},"end":{"line":98,"column":null}},"72":{"start":{"line":99,"column":2},"end":{"line":99,"column":null}},"73":{"start":{"line":100,"column":2},"end":{"line":100,"column":null}}},"fnMap":{"0":{"name":"(anonymous_0)","decl":{"start":{"line":2,"column":0},"end":{"line":2,"column":12}},"loc":{"start":{"line":2,"column":16},"end":{"line":7,"column":1}}},"1":{"name":"(anonymous_1)","decl":{"start":{"line":9,"column":0},"end":{"line":9,"column":12}},"loc":{"start":{"line":9,"column":16},"end":{"line":23,"column":1}}},"2":{"name":"(anonymous_2)","decl":{"start":{"line":26,"column":0},"end":{"line":26,"column":12}},"loc":{"start":{"line":26,"column":24},"end":{"line":31,"column":1}}},"3":{"name":"(anonymous_3)","decl":{"start":{"line":33,"column":0},"end":{"line":33,"column":12}},"loc":{"start":{"line":33,"column":26},"end":{"line":40,"column":1}}},"4":{"name":"(anonymous_4)","decl":{"start":{"line":43,"column":0},"end":{"line":43,"column":12}},"loc":{"start":{"line":43,"column":21},"end":{"line":52,"column":1}}},"5":{"name":"(anonymous_5)","decl":{"start":{"line":55,"column":0},"end":{"line":55,"column":12}},"loc":{"start":{"line":55,"column":22},"end":{"line":62,"column":1}}},"6":{"name":"(anonymous_6)","decl":{"start":{"line":65,"column":0},"end":{"line":65,"column":12}},"loc":{"start":{"line":65,"column":20},"end":{"line":76,"column":1}}},"7":{"name":"(anonymous_7)","decl":{"start":{"line":79,"column":0},"end":{"line":79,"column":12}},"loc":{"start":{"line":79,"column":23},"end":{"line":83,"column":1}}},"8":{"name":"(anonymous_8)","decl":{"start":{"line":86,"column":0},"end":{"line":86,"column":12}},"loc":{"start":{"line":86,"column":28},"end":{"line":90,"column":1}}},"9":{"name":"(anonymous_9)","decl":{"start":{"line":93,"column":0},"end":{"line":93,"column":12}},"loc":{"start":{"line":93,"column":31},"end":{"line":101,"column":1}}}},"branchMap":{"0":{"loc":{"start":{"line":2,"column":12},"end":{"line":2,"column":null}},"type":"binary-expr","locations":[{"start":{"line":2,"column":12},"end":{"line":2,"column":16}},{"start":{"line":2,"column":16},"end":{"line":2,"column":null}}]},"1":{"loc":{"start":{"line":9,"column":12},"end":{"line":9,"column":null}},"type":"binary-expr","locations":[{"start":{"line":9,"column":12},"end":{"line":9,"column":16}},{"start":{"line":9,"column":16},"end":{"line":9,"column":null}}]},"2":{"loc":{"start":{"line":26,"column":12},"end":{"line":26,"column":null}},"type":"binary-expr","locations":[{"start":{"line":26,"column":12},"end":{"line":26,"column":24}},{"start":{"line":26,"column":24},"end":{"line":26,"column":null}}]},"3":{"loc":{"start":{"line":33,"column":12},"end":{"line":33,"column":null}},"type":"binary-expr","locations":[{"start":{"line":33,"column":12},"end":{"line":33,"column":26}},{"start":{"line":33,"column":26},"end":{"line":33,"column":null}}]},"4":{"loc":{"start":{"line":43,"column":12},"end":{"line":43,"column":null}},"type":"binary-expr","locations":[{"start":{"line":43,"column":12},"end":{"line":43,"column":21}},{"start":{"line":43,"column":21},"end":{"line":43,"column":null}}]},"5":{"loc":{"start":{"line":55,"column":12},"end":{"line":55,"column":null}},"type":"binary-expr","locations":[{"start":{"line":55,"column":12},"end":{"line":55,"column":22}},{"start":{"line":55,"column":22},"end":{"line":55,"column":null}}]},"6":{"loc":{"start":{"line":65,"column":12},"end":{"line":65,"column":null}},"type":"binary-expr","locations":[{"start":{"line":65,"column":12},"end":{"line":65,"column":20}},{"start":{"line":65,"column":20},"end":{"line":65,"column":null}}]},"7":{"loc":{"start":{"line":79,"column":12},"end":{"line":79,"column":null}},"type":"binary-expr","locations":[{"start":{"line":79,"column":12},"end":{"line":79,"column":23}},{"start":{"line":79,"column":23},"end":{"line":79,"column":null}}]},"8":{"loc":{"start":{"line":86,"column":12},"end":{"line":86,"column":null}},"type":"binary-expr","locations":[{"start":{"line":86,"column":12},"end":{"line":86,"column":28}},{"start":{"line":86,"column":28},"end":{"line":86,"column":null}}]},"9":{"loc":{"start":{"line":93,"column":12},"end":{"line":93,"column":null}},"type":"binary-expr","locations":[{"start":{"line":93,"column":12},"end":{"line":93,"column":31}},{"start":{"line":93,"column":31},"end":{"line":93,"column":null}}]}},"s":{"0":28,"1":28,"2":28,"3":28,"4":28,"5":28,"6":28,"7":28,"8":28,"9":28,"10":28,"11":28,"12":28,"13":28,"14":28,"15":28,"16":28,"17":28,"18":28,"19":28,"20":28,"21":28,"22":28,"23":28,"24":28,"25":28,"26":28,"27":28,"28":28,"29":28,"30":28,"31":28,"32":28,"33":28,"34":28,"35":28,"36":28,"37":28,"38":28,"39":28,"40":28,"41":28,"42":28,"43":28,"44":28,"45":28,"46":28,"47":28,"48":28,"49":28,"50":28,"51":28,"52":28,"53":28,"54":28,"55":28,"56":28,"57":28,"58":28,"59":28,"60":28,"61":28,"62":28,"63":28,"64":28,"65":28,"66":28,"67":28,"68":28,"69":28,"70":28,"71":28,"72":28,"73":28},"f":{"0":28,"1":28,"2":28,"3":28,"4":28,"5":28,"6":28,"7":28,"8":28,"9":28},"b":{"0":[28,28],"1":[28,28],"2":[28,28],"3":[28,28],"4":[28,28],"5":[28,28],"6":[28,28],"7":[28,28],"8":[28,28],"9":[28,28]}}
}
