TN:
SF:src\engine\Dealer.ts
FN:17,(anonymous_0)
FN:25,(anonymous_1)
FN:37,(anonymous_2)
FN:44,(anonymous_3)
FN:78,(anonymous_4)
FN:91,(anonymous_5)
FN:107,(anonymous_6)
FN:125,(anonymous_7)
FN:143,(anonymous_8)
FN:150,(anonymous_9)
FN:157,(anonymous_10)
FN:166,(anonymous_11)
FNF:12
FNH:10
FNDA:59,(anonymous_0)
FNDA:60,(anonymous_1)
FNDA:3,(anonymous_2)
FNDA:9,(anonymous_3)
FNDA:8,(anonymous_4)
FNDA:4,(anonymous_5)
FNDA:2,(anonymous_6)
FNDA:1,(anonymous_7)
FNDA:0,(anonymous_8)
FNDA:9,(anonymous_9)
FNDA:7,(anonymous_10)
FNDA:0,(anonymous_11)
DA:2,5
DA:13,5
DA:15,59
DA:18,59
DA:19,59
DA:26,60
DA:27,60
DA:28,60
DA:41,3
DA:44,3
DA:45,9
DA:46,9
DA:51,3
DA:52,6
DA:53,18
DA:54,16
DA:55,16
DA:56,16
DA:59,16
DA:60,8
DA:62,16
DA:63,16
DA:64,16
DA:71,3
DA:79,8
DA:80,8
DA:81,8
DA:83,8
DA:93,4
DA:96,4
DA:97,4
DA:99,4
DA:109,2
DA:112,2
DA:113,2
DA:114,2
DA:117,2
DA:127,1
DA:130,1
DA:131,1
DA:132,1
DA:135,1
DA:144,0
DA:151,9
DA:158,7
DA:167,0
LF:46
LH:44
BRDA:39,0,0,3
BRDA:45,1,0,9
BRDA:53,2,0,16
BRDA:53,3,0,18
BRDA:53,3,1,18
BRDA:55,4,0,16
BRDA:59,5,0,8
BRDA:63,6,0,16
BRDA:80,7,0,8
BRDA:113,8,0,2
BRDA:131,9,0,1
BRF:11
BRH:11
end_of_record
TN:
SF:src\engine\GameEngine.ts
FN:111,(anonymous_0)
FN:162,(anonymous_1)
FN:171,(anonymous_2)
FN:178,(anonymous_3)
FN:202,(anonymous_4)
FN:215,(anonymous_5)
FN:229,(anonymous_6)
FN:261,(anonymous_7)
FN:263,(anonymous_8)
FN:290,(anonymous_9)
FN:295,(anonymous_10)
FN:365,(anonymous_11)
FN:372,(anonymous_12)
FN:396,(anonymous_13)
FN:429,(anonymous_14)
FN:474,(anonymous_15)
FN:509,(anonymous_16)
FN:524,(anonymous_17)
FN:525,(anonymous_18)
FN:543,(anonymous_19)
FN:644,(anonymous_20)
FN:646,(anonymous_21)
FN:654,(anonymous_22)
FN:668,(anonymous_23)
FN:682,(anonymous_24)
FN:692,(anonymous_25)
FN:722,(anonymous_26)
FN:724,(anonymous_27)
FN:735,(anonymous_28)
FN:790,(anonymous_29)
FN:807,(anonymous_30)
FN:813,(anonymous_31)
FN:818,(anonymous_32)
FN:824,(anonymous_33)
FN:833,(anonymous_34)
FN:848,(anonymous_35)
FN:863,(anonymous_36)
FN:878,(anonymous_37)
FN:914,(anonymous_38)
FN:966,(anonymous_39)
FN:988,(anonymous_40)
FN:1005,(anonymous_41)
FN:1023,(anonymous_42)
FN:1043,(anonymous_43)
FN:1048,(anonymous_44)
FN:1075,(anonymous_45)
FN:1085,(anonymous_46)
FN:1092,(anonymous_47)
FN:1099,(anonymous_48)
FN:1106,(anonymous_49)
FN:1115,(anonymous_50)
FN:1130,(anonymous_51)
FN:1148,(anonymous_52)
FN:1154,(anonymous_53)
FN:1168,(anonymous_54)
FN:1176,(anonymous_55)
FN:1185,(anonymous_56)
FN:1196,oo_cm
FNF:58
FNH:34
FNDA:51,(anonymous_0)
FNDA:1,(anonymous_1)
FNDA:2,(anonymous_2)
FNDA:51,(anonymous_3)
FNDA:5,(anonymous_4)
FNDA:4,(anonymous_5)
FNDA:9,(anonymous_6)
FNDA:2,(anonymous_7)
FNDA:2,(anonymous_8)
FNDA:7,(anonymous_9)
FNDA:6,(anonymous_10)
FNDA:0,(anonymous_11)
FNDA:0,(anonymous_12)
FNDA:0,(anonymous_13)
FNDA:0,(anonymous_14)
FNDA:0,(anonymous_15)
FNDA:0,(anonymous_16)
FNDA:1,(anonymous_17)
FNDA:4,(anonymous_18)
FNDA:19,(anonymous_19)
FNDA:0,(anonymous_20)
FNDA:0,(anonymous_21)
FNDA:0,(anonymous_22)
FNDA:0,(anonymous_23)
FNDA:0,(anonymous_24)
FNDA:0,(anonymous_25)
FNDA:0,(anonymous_26)
FNDA:0,(anonymous_27)
FNDA:0,(anonymous_28)
FNDA:1,(anonymous_29)
FNDA:1,(anonymous_30)
FNDA:0,(anonymous_31)
FNDA:0,(anonymous_32)
FNDA:0,(anonymous_33)
FNDA:1,(anonymous_34)
FNDA:1,(anonymous_35)
FNDA:1,(anonymous_36)
FNDA:2,(anonymous_37)
FNDA:4,(anonymous_38)
FNDA:4,(anonymous_39)
FNDA:2,(anonymous_40)
FNDA:4,(anonymous_41)
FNDA:0,(anonymous_42)
FNDA:0,(anonymous_43)
FNDA:0,(anonymous_44)
FNDA:14,(anonymous_45)
FNDA:1,(anonymous_46)
FNDA:22,(anonymous_47)
FNDA:17,(anonymous_48)
FNDA:5,(anonymous_49)
FNDA:6,(anonymous_50)
FNDA:3,(anonymous_51)
FNDA:8,(anonymous_52)
FNDA:1,(anonymous_53)
FNDA:0,(anonymous_54)
FNDA:0,(anonymous_55)
FNDA:0,(anonymous_56)
FNDA:135,oo_cm
DA:1,4
DA:5,4
DA:6,4
DA:7,4
DA:9,4
DA:10,4
DA:28,4
DA:29,4
DA:58,4
DA:92,4
DA:99,51
DA:100,51
DA:101,51
DA:103,51
DA:104,51
DA:115,51
DA:118,51
DA:124,51
DA:137,51
DA:141,51
DA:142,51
DA:143,51
DA:144,51
DA:147,51
DA:150,51
DA:153,51
DA:154,1
DA:163,1
DA:164,1
DA:172,2
DA:180,51
DA:182,2
DA:189,49
DA:203,5
DA:207,5
DA:208,1
DA:211,1
DA:215,4
DA:216,4
DA:220,4
DA:222,4
DA:223,4
DA:228,4
DA:229,9
DA:231,4
DA:236,4
DA:237,3
DA:240,3
DA:244,4
DA:246,1
DA:249,4
DA:252,0
DA:253,0
DA:262,2
DA:263,2
DA:266,2
DA:267,2
DA:270,2
DA:272,1
DA:273,1
DA:274,1
DA:275,1
DA:276,1
DA:280,2
DA:283,0
DA:292,7
DA:293,7
DA:295,6
DA:297,1
DA:300,1
DA:303,1
DA:308,1
DA:309,1
DA:312,1
DA:315,0
DA:316,0
DA:319,0
DA:323,0
DA:326,0
DA:329,0
DA:332,0
DA:333,0
DA:338,0
DA:339,0
DA:342,0
DA:345,0
DA:346,0
DA:349,0
DA:359,0
DA:366,0
DA:369,0
DA:372,0
DA:373,0
DA:374,0
DA:375,0
DA:376,0
DA:377,0
DA:383,0
DA:386,0
DA:388,0
DA:397,0
DA:399,0
DA:402,0
DA:406,0
DA:407,0
DA:410,0
DA:414,0
DA:415,0
DA:423,0
DA:430,0
DA:431,0
DA:433,0
DA:436,0
DA:440,0
DA:441,0
DA:444,0
DA:447,0
DA:450,0
DA:452,0
DA:457,0
DA:459,0
DA:462,0
DA:465,0
DA:468,0
DA:475,0
DA:477,0
DA:480,0
DA:484,0
DA:485,0
DA:488,0
DA:492,0
DA:493,0
DA:494,0
DA:495,0
DA:500,0
DA:501,0
DA:502,0
DA:503,0
DA:508,0
DA:509,0
DA:510,0
DA:511,0
DA:518,0
DA:525,1
DA:526,4
DA:528,4
DA:529,4
DA:534,1
DA:544,19
DA:546,19
DA:547,1
DA:550,18
DA:551,18
DA:554,18
DA:555,3
DA:559,15
DA:562,15
DA:564,15
DA:566,3
DA:567,3
DA:568,3
DA:572,5
DA:573,2
DA:578,3
DA:579,3
DA:583,2
DA:585,2
DA:590,4
DA:591,4
DA:596,4
DA:597,0
DA:600,4
DA:601,4
DA:602,4
DA:604,4
DA:608,1
DA:609,1
DA:610,1
DA:611,1
DA:612,1
DA:617,1
DA:620,13
DA:621,0
DA:625,13
DA:626,2
DA:630,13
DA:633,13
DA:635,13
DA:645,0
DA:646,0
DA:656,0
DA:657,0
DA:660,0
DA:661,0
DA:669,0
DA:672,0
DA:673,0
DA:679,0
DA:681,0
DA:683,0
DA:693,0
DA:695,0
DA:696,0
DA:700,0
DA:703,0
DA:704,0
DA:707,0
DA:708,0
DA:712,0
DA:713,0
DA:716,0
DA:723,0
DA:725,0
DA:736,0
DA:740,0
DA:743,0
DA:746,0
DA:747,0
DA:750,0
DA:752,0
DA:753,0
DA:754,0
DA:756,0
DA:757,0
DA:758,0
DA:760,0
DA:761,0
DA:762,0
DA:764,0
DA:765,0
DA:766,0
DA:768,0
DA:769,0
DA:771,0
DA:772,0
DA:773,0
DA:775,0
DA:776,0
DA:778,0
DA:783,0
DA:784,0
DA:791,1
DA:793,1
DA:797,1
DA:798,0
DA:801,0
DA:805,1
DA:807,1
DA:808,1
DA:809,0
DA:810,0
DA:813,0
DA:816,0
DA:818,0
DA:819,0
DA:820,0
DA:821,0
DA:824,0
DA:835,1
DA:838,1
DA:850,1
DA:853,1
DA:865,1
DA:868,1
DA:879,2
DA:880,2
DA:881,2
DA:884,2
DA:885,1
DA:886,1
DA:888,1
DA:896,1
DA:897,1
DA:900,1
DA:901,1
DA:909,1
DA:910,1
DA:914,1
DA:915,4
DA:920,4
DA:928,1
DA:930,1
DA:931,3
DA:936,3
DA:937,1
DA:942,1
DA:943,1
DA:945,1
DA:953,1
DA:956,1
DA:958,1
DA:966,1
DA:967,4
DA:968,3
DA:969,3
DA:979,1
DA:981,1
DA:982,1
DA:990,2
DA:996,1
DA:997,1
DA:1001,2
DA:1003,2
DA:1005,1
DA:1006,4
DA:1007,4
DA:1008,4
DA:1010,4
DA:1011,4
DA:1015,1
DA:1016,1
DA:1024,0
DA:1026,0
DA:1030,0
DA:1033,0
DA:1034,0
DA:1045,0
DA:1048,0
DA:1049,0
DA:1051,0
DA:1055,0
DA:1058,0
DA:1061,0
DA:1062,0
DA:1063,0
DA:1066,0
DA:1067,0
DA:1076,14
DA:1077,0
DA:1078,0
DA:1086,1
DA:1093,22
DA:1100,17
DA:1107,5
DA:1119,6
DA:1120,6
DA:1122,6
DA:1134,3
DA:1135,3
DA:1136,3
DA:1137,3
DA:1138,3
DA:1152,8
DA:1153,8
DA:1154,2
DA:1155,1
DA:1156,1
DA:1158,0
DA:1169,0
DA:1177,0
DA:1186,0
DA:1187,0
DA:1196,135
LF:353
LH:192
BRDA:112,0,0,44
BRDA:144,1,0,51
BRDA:144,1,1,50
BRDA:153,2,0,1
BRDA:180,3,0,2
BRDA:180,3,1,49
BRDA:180,3,2,49
BRDA:207,4,0,1
BRDA:220,5,0,4
BRDA:229,6,0,9
BRDA:229,6,1,3
BRDA:236,7,0,3
BRDA:236,8,0,4
BRDA:236,8,1,4
BRDA:244,9,0,1
BRDA:244,10,0,4
BRDA:244,10,1,4
BRDA:263,11,0,2
BRDA:263,11,1,2
BRDA:266,12,0,2
BRDA:270,13,0,1
BRDA:270,14,0,2
BRDA:270,14,1,2
BRDA:273,15,0,1
BRDA:308,16,0,1
BRDA:315,17,0,0
BRDA:373,18,0,0
BRDA:376,19,0,0
BRDA:376,20,0,0
BRDA:376,20,1,0
BRDA:406,21,0,0
BRDA:440,22,0,0
BRDA:447,23,0,0
BRDA:447,23,1,0
BRDA:447,23,2,0
BRDA:447,23,3,0
BRDA:447,23,4,0
BRDA:484,24,0,0
BRDA:508,25,0,0
BRDA:526,26,0,4
BRDA:526,27,0,4
BRDA:526,27,1,4
BRDA:546,28,0,1
BRDA:554,29,0,3
BRDA:564,30,0,3
BRDA:564,30,1,5
BRDA:564,30,2,2
BRDA:564,30,3,3
BRDA:564,30,4,4
BRDA:564,30,5,1
BRDA:572,31,0,2
BRDA:596,32,0,0
BRDA:601,33,0,4
BRDA:610,34,0,1
BRDA:620,35,0,0
BRDA:625,36,0,2
BRDA:646,37,0,0
BRDA:646,37,1,0
BRDA:646,38,0,0
BRDA:646,38,1,0
BRDA:656,39,0,0
BRDA:656,39,1,0
BRDA:672,40,0,0
BRDA:683,41,0,0
BRDA:683,41,1,0
BRDA:683,41,2,0
BRDA:695,42,0,0
BRDA:707,43,0,0
BRDA:725,44,0,0
BRDA:725,44,1,0
BRDA:725,44,2,0
BRDA:746,45,0,0
BRDA:746,45,1,0
BRDA:750,46,0,0
BRDA:750,46,1,0
BRDA:750,46,2,0
BRDA:750,46,3,0
BRDA:750,46,4,0
BRDA:750,46,5,0
BRDA:750,46,6,0
BRDA:750,46,7,0
BRDA:797,47,0,0
BRDA:805,48,0,1
BRDA:805,48,1,0
BRDA:816,49,0,0
BRDA:856,50,0,1
BRDA:856,50,1,0
BRDA:871,51,0,1
BRDA:871,51,1,0
BRDA:884,52,0,1
BRDA:900,53,0,1
BRDA:936,54,0,1
BRDA:947,55,0,1
BRDA:947,55,1,0
BRDA:956,56,0,1
BRDA:967,57,0,3
BRDA:990,58,0,1
BRDA:991,59,0,2
BRDA:991,59,1,2
BRDA:991,59,2,1
BRDA:991,59,3,1
BRDA:1003,60,0,1
BRDA:1006,61,0,4
BRDA:1007,62,0,4
BRDA:1026,63,0,0
BRDA:1027,64,0,0
BRDA:1027,64,1,0
BRDA:1051,65,0,0
BRDA:1052,66,0,0
BRDA:1052,66,1,0
BRDA:1061,67,0,0
BRDA:1061,67,1,0
BRDA:1076,68,0,0
BRDA:1119,69,0,6
BRDA:1135,70,0,3
BRDA:1137,71,0,3
BRDA:1153,72,0,2
BRDA:1187,73,0,0
BRDA:1187,73,1,0
BRDA:1196,74,0,135
BRDA:1196,74,1,3
BRF:121
BRH:63
end_of_record
TN:
SF:src\engine\PlayerManager.ts
FN:52,(anonymous_0)
FN:63,(anonymous_1)
FN:71,(anonymous_2)
FN:80,(anonymous_3)
FN:124,(anonymous_4)
FN:132,(anonymous_5)
FN:141,(anonymous_6)
FN:150,(anonymous_7)
FN:161,(anonymous_8)
FN:211,(anonymous_9)
FN:244,(anonymous_10)
FN:277,(anonymous_11)
FN:287,(anonymous_12)
FN:294,(anonymous_13)
FN:301,(anonymous_14)
FN:320,(anonymous_15)
FN:340,(anonymous_16)
FNF:17
FNH:17
FNDA:12,(anonymous_0)
FNDA:14,(anonymous_1)
FNDA:1,(anonymous_2)
FNDA:15,(anonymous_3)
FNDA:15,(anonymous_4)
FNDA:1,(anonymous_5)
FNDA:5,(anonymous_6)
FNDA:5,(anonymous_7)
FNDA:7,(anonymous_8)
FNDA:2,(anonymous_9)
FNDA:3,(anonymous_10)
FNDA:3,(anonymous_11)
FNDA:1,(anonymous_12)
FNDA:9,(anonymous_13)
FNDA:1,(anonymous_14)
FNDA:2,(anonymous_15)
FNDA:1,(anonymous_16)
DA:1,2
DA:3,2
DA:46,2
DA:53,12
DA:54,12
DA:55,12
DA:56,12
DA:64,14
DA:72,1
DA:81,15
DA:84,15
DA:92,15
DA:102,15
DA:112,15
DA:113,15
DA:114,15
DA:116,15
DA:125,15
DA:133,1
DA:142,5
DA:151,5
DA:166,7
DA:167,7
DA:169,7
DA:170,0
DA:174,7
DA:176,7
DA:178,7
DA:179,7
DA:181,7
DA:186,1
DA:187,1
DA:188,1
DA:193,7
DA:194,7
DA:195,7
DA:196,7
DA:199,7
DA:203,7
DA:212,2
DA:214,2
DA:215,0
DA:218,2
DA:220,2
DA:221,0
DA:224,2
DA:226,2
DA:228,2
DA:229,2
DA:230,2
DA:231,2
DA:234,2
DA:250,3
DA:252,3
DA:253,0
DA:256,3
DA:258,3
DA:259,2
DA:260,2
DA:261,1
DA:262,1
DA:265,3
DA:266,2
DA:269,3
DA:278,3
DA:279,3
DA:288,1
DA:290,1
DA:291,0
DA:294,9
DA:302,1
DA:303,1
DA:305,1
DA:306,1
DA:309,1
DA:310,1
DA:321,2
DA:322,1
DA:325,1
DA:327,1
DA:328,0
DA:331,1
DA:332,1
DA:341,1
DA:343,1
DA:344,0
DA:347,1
DA:350,1
DA:353,1
DA:355,1
LF:90
LH:83
BRDA:125,0,0,15
BRDA:125,0,1,0
BRDA:142,1,0,5
BRDA:142,1,1,0
BRDA:151,2,0,5
BRDA:151,2,1,0
BRDA:169,3,0,0
BRDA:169,4,0,7
BRDA:169,4,1,7
BRDA:176,5,0,7
BRDA:179,6,0,7
BRDA:181,7,0,1
BRDA:182,8,0,7
BRDA:182,8,1,1
BRDA:182,8,2,1
BRDA:187,9,0,1
BRDA:214,10,0,0
BRDA:214,11,0,2
BRDA:214,11,1,2
BRDA:214,11,2,2
BRDA:220,12,0,0
BRDA:226,13,0,2
BRDA:252,14,0,0
BRDA:258,15,0,2
BRDA:258,15,1,1
BRDA:261,16,0,1
BRDA:265,17,0,2
BRDA:279,18,0,3
BRDA:279,18,1,3
BRDA:279,18,2,1
BRDA:290,19,0,0
BRDA:305,20,0,1
BRDA:309,21,0,1
BRDA:321,22,0,1
BRDA:327,23,0,0
BRDA:343,24,0,0
BRF:36
BRH:26
end_of_record
TN:
SF:src\engine\StateMachine.ts
FN:36,(anonymous_0)
FN:44,(anonymous_1)
FN:52,(anonymous_2)
FN:61,(anonymous_3)
FN:72,(anonymous_4)
FN:83,(anonymous_5)
FN:91,(anonymous_6)
FN:98,(anonymous_7)
FN:106,(anonymous_8)
FN:114,(anonymous_9)
FN:126,(anonymous_10)
FN:128,(anonymous_11)
FN:140,(anonymous_12)
FNF:13
FNH:13
FNDA:36,(anonymous_0)
FNDA:11,(anonymous_1)
FNDA:19,(anonymous_2)
FNDA:35,(anonymous_3)
FNDA:1,(anonymous_4)
FNDA:16,(anonymous_5)
FNDA:27,(anonymous_6)
FNDA:1,(anonymous_7)
FNDA:22,(anonymous_8)
FNDA:1,(anonymous_9)
FNDA:54,(anonymous_10)
FNDA:224,(anonymous_11)
FNDA:26,(anonymous_12)
DA:1,4
DA:26,4
DA:29,36
DA:30,36
DA:37,36
DA:38,36
DA:45,11
DA:53,19
DA:62,35
DA:64,35
DA:65,4
DA:68,31
DA:69,31
DA:72,31
DA:73,1
DA:76,31
DA:84,16
DA:92,27
DA:99,1
DA:107,22
DA:117,1
DA:118,1
DA:119,1
DA:127,54
DA:129,224
DA:139,4
DA:141,26
DA:144,26
LF:28
LH:28
BRDA:64,0,0,4
BRDA:118,1,0,1
BRDA:129,2,0,224
BRDA:129,2,1,62
BRDA:129,2,2,48
BRDA:129,2,3,4
BRF:6
BRH:6
end_of_record
TN:
SF:src\evaluator\HandEvaluator.ts
FN:84,(anonymous_0)
FN:101,(anonymous_1)
FN:130,(anonymous_2)
FN:144,(anonymous_3)
FNF:4
FNH:3
FNDA:64,(anonymous_0)
FNDA:1161,(anonymous_1)
FNDA:0,(anonymous_2)
FNDA:3,(anonymous_3)
DA:81,11
DA:85,64
DA:106,1161
DA:107,893
DA:111,268
DA:116,268
DA:117,622
DA:118,251
DA:123,17
DA:132,0
DA:145,3
DA:146,3
DA:148,3
DA:149,2
DA:152,3
LF:15
LH:14
BRDA:84,0,0,4
BRDA:106,1,0,893
BRDA:117,2,0,251
BRDA:148,3,0,2
BRF:4
BRH:4
end_of_record
TN:
SF:src\evaluator\HandUtils.ts
FN:12,(anonymous_0)
FN:30,(anonymous_1)
FN:48,(anonymous_2)
FN:49,(anonymous_3)
FN:58,(anonymous_4)
FN:80,(anonymous_5)
FN:108,(anonymous_6)
FN:127,(anonymous_7)
FN:168,(anonymous_8)
FN:189,(anonymous_9)
FN:211,(anonymous_10)
FN:237,(anonymous_11)
FN:251,(anonymous_12)
FN:260,(anonymous_13)
FN:271,(anonymous_14)
FN:277,(anonymous_15)
FN:295,(anonymous_16)
FN:335,(anonymous_17)
FN:342,(anonymous_18)
FN:384,(anonymous_19)
FN:406,(anonymous_20)
FN:413,(anonymous_21)
FN:424,(anonymous_22)
FN:433,(anonymous_23)
FN:440,(anonymous_24)
FN:470,(anonymous_25)
FN:481,(anonymous_26)
FN:495,(anonymous_27)
FN:506,(anonymous_28)
FN:527,(anonymous_29)
FN:542,(anonymous_30)
FN:568,(anonymous_31)
FN:600,(anonymous_32)
FN:612,(anonymous_33)
FN:615,backtrack
FN:636,(anonymous_35)
FNF:36
FNH:34
FNDA:4331,(anonymous_0)
FNDA:3536,(anonymous_1)
FNDA:2428,(anonymous_2)
FNDA:12477,(anonymous_3)
FNDA:863,(anonymous_4)
FNDA:955,(anonymous_5)
FNDA:1193,(anonymous_6)
FNDA:1305,(anonymous_7)
FNDA:4578,(anonymous_8)
FNDA:1130,(anonymous_9)
FNDA:2408,(anonymous_10)
FNDA:1207,(anonymous_11)
FNDA:1174,(anonymous_12)
FNDA:5832,(anonymous_13)
FNDA:4893,(anonymous_14)
FNDA:369,(anonymous_15)
FNDA:1205,(anonymous_16)
FNDA:0,(anonymous_17)
FNDA:95,(anonymous_18)
FNDA:745,(anonymous_19)
FNDA:0,(anonymous_20)
FNDA:465,(anonymous_21)
FNDA:186,(anonymous_22)
FNDA:91,(anonymous_23)
FNDA:455,(anonymous_24)
FNDA:1195,(anonymous_25)
FNDA:717,(anonymous_26)
FNDA:2647,(anonymous_27)
FNDA:145,(anonymous_28)
FNDA:729,(anonymous_29)
FNDA:297,(anonymous_30)
FNDA:95,(anonymous_31)
FNDA:95,(anonymous_32)
FNDA:60,(anonymous_33)
FNDA:4685,backtrack
FNDA:11,(anonymous_35)
DA:1,11
DA:2,11
DA:7,11
DA:13,4331
DA:15,4331
DA:16,21268
DA:17,21268
DA:18,18670
DA:20,21268
DA:23,4331
DA:31,3536
DA:33,3536
DA:34,17683
DA:35,17683
DA:36,8550
DA:38,17683
DA:41,3536
DA:49,2428
DA:50,12477
DA:59,863
DA:60,863
DA:62,863
DA:63,3886
DA:65,424
DA:66,424
DA:67,424
DA:73,863
DA:81,955
DA:82,955
DA:84,955
DA:85,4160
DA:87,94
DA:88,94
DA:89,94
DA:90,94
DA:101,955
DA:109,1193
DA:110,1193
DA:112,1193
DA:113,5160
DA:115,20
DA:119,1193
DA:128,1305
DA:129,1
DA:133,1304
DA:137,1304
DA:139,1304
DA:140,6522
DA:141,6522
DA:145,5915
DA:150,1304
DA:158,8
DA:168,4578
DA:170,1296
DA:171,873
DA:172,45
DA:182,1251
DA:190,1130
DA:191,1
DA:194,1129
DA:196,1129
DA:197,2687
DA:199,150
DA:203,979
DA:215,2408
DA:216,2
DA:219,2406
DA:221,2406
DA:222,5857
DA:223,323
DA:224,323
DA:225,25
DA:230,2381
DA:238,1207
DA:240,1207
DA:241,7
DA:244,1200
DA:252,1174
DA:253,1174
DA:255,1174
DA:256,5124
DA:260,1174
DA:261,5832
DA:262,679
DA:265,5153
DA:266,5153
DA:267,5153
DA:271,4893
DA:272,1174
DA:273,1036
DA:276,138
DA:277,369
DA:279,138
DA:280,93
DA:283,45
DA:284,45
DA:286,45
DA:306,1205
DA:307,1205
DA:308,6
DA:318,1199
DA:319,1199
DA:320,8
DA:321,8
DA:331,1191
DA:332,1191
DA:334,19
DA:335,0
DA:338,19
DA:339,19
DA:342,95
DA:343,19
DA:344,19
DA:346,19
DA:347,19
DA:348,19
DA:351,19
DA:364,1172
DA:365,1172
DA:366,44
DA:367,44
DA:377,1128
DA:378,1128
DA:379,149
DA:384,745
DA:389,979
DA:390,979
DA:391,26
DA:392,26
DA:402,953
DA:403,953
DA:405,93
DA:406,0
DA:409,93
DA:410,93
DA:413,465
DA:414,93
DA:415,93
DA:417,93
DA:424,186
DA:430,860
DA:431,860
DA:433,91
DA:435,91
DA:436,91
DA:439,91
DA:441,455
DA:443,91
DA:444,91
DA:446,91
DA:447,91
DA:448,91
DA:451,91
DA:465,769
DA:466,239
DA:467,239
DA:470,1195
DA:471,239
DA:472,239
DA:474,239
DA:481,717
DA:487,530
DA:488,530
DA:490,530
DA:495,2647
DA:516,145
DA:517,0
DA:527,145
DA:528,729
DA:529,729
DA:533,145
DA:536,145
DA:537,145
DA:538,337
DA:542,145
DA:543,297
DA:544,297
DA:547,297
DA:548,297
DA:550,297
DA:554,145
DA:555,126
DA:565,19
DA:568,19
DA:569,95
DA:570,95
DA:573,19
DA:574,0
DA:585,19
DA:587,19
DA:588,95
DA:589,95
DA:592,95
DA:595,19
DA:601,95
DA:602,95
DA:613,60
DA:616,4685
DA:617,924
DA:618,924
DA:621,3761
DA:622,4625
DA:623,4625
DA:624,4625
DA:628,60
DA:629,60
DA:641,11
DA:644,11
DA:647,11
DA:648,11
DA:649,66
DA:650,660
DA:654,11
LF:213
LH:209
BRDA:17,0,0,18670
BRDA:35,1,0,8550
BRDA:48,2,0,150
BRDA:63,3,0,424
BRDA:85,4,0,94
BRDA:113,5,0,20
BRDA:127,6,0,3
BRDA:128,7,0,1
BRDA:141,8,0,5915
BRDA:142,9,0,6522
BRDA:142,9,1,607
BRDA:150,10,0,8
BRDA:151,11,0,1304
BRDA:151,11,1,1283
BRDA:151,11,2,707
BRDA:151,11,3,200
BRDA:151,11,4,68
BRDA:151,11,5,18
BRDA:171,12,0,45
BRDA:190,13,0,1
BRDA:197,14,0,150
BRDA:213,15,0,2
BRDA:215,16,0,2
BRDA:222,17,0,323
BRDA:224,18,0,25
BRDA:240,19,0,7
BRDA:240,20,0,1207
BRDA:240,20,1,16
BRDA:261,21,0,679
BRDA:272,22,0,1036
BRDA:277,23,0,369
BRDA:277,23,1,183
BRDA:279,24,0,93
BRDA:297,25,0,10
BRDA:307,26,0,6
BRDA:319,27,0,8
BRDA:332,28,0,19
BRDA:344,29,0,19
BRDA:344,29,1,0
BRDA:347,30,0,19
BRDA:358,31,0,19
BRDA:358,31,1,0
BRDA:365,32,0,44
BRDA:378,33,0,149
BRDA:390,34,0,26
BRDA:403,35,0,93
BRDA:431,36,0,91
BRDA:441,37,0,455
BRDA:441,37,1,273
BRDA:444,38,0,91
BRDA:444,38,1,0
BRDA:447,39,0,91
BRDA:459,40,0,91
BRDA:459,40,1,0
BRDA:465,41,0,239
BRDA:508,42,0,0
BRDA:516,43,0,0
BRDA:529,44,0,729
BRDA:529,44,1,458
BRDA:547,45,0,63
BRDA:548,46,0,47
BRDA:554,47,0,126
BRDA:570,48,0,95
BRDA:570,48,1,15
BRDA:573,49,0,0
BRDA:589,50,0,15
BRDA:602,51,0,15
BRDA:602,51,1,80
BRDA:612,52,0,0
BRDA:616,53,0,924
BRF:70
BRH:62
end_of_record
TN:
SF:src\evaluator\OmahaEvaluator.ts
FN:15,(anonymous_0)
FN:25,(anonymous_1)
FN:75,(anonymous_2)
FN:136,(anonymous_3)
FNF:4
FNH:4
FNDA:8,(anonymous_0)
FNDA:9,(anonymous_1)
FNDA:2,(anonymous_2)
FNDA:2,(anonymous_3)
DA:2,8
DA:8,8
DA:14,8
DA:16,8
DA:27,9
DA:28,1
DA:32,8
DA:38,8
DA:43,8
DA:44,472
DA:49,472
DA:55,32
DA:60,8
DA:78,2
DA:80,0
DA:89,2
DA:90,2
DA:93,2
DA:99,2
DA:101,2
DA:102,120
DA:108,120
DA:112,2
DA:117,2
DA:118,1
DA:127,1
DA:144,2
DA:147,2
DA:148,2
DA:151,2
DA:153,2
DA:154,1
DA:158,2
LF:33
LH:32
BRDA:15,0,0,1
BRDA:27,1,0,1
BRDA:49,2,0,32
BRDA:78,3,0,0
BRDA:108,4,0,2
BRDA:109,5,0,120
BRDA:109,5,1,15
BRDA:109,5,2,14
BRDA:117,6,0,1
BRDA:148,7,0,2
BRDA:153,8,0,1
BRF:11
BRH:10
end_of_record
TN:
SF:src\evaluator\TexasHoldemEvaluator.ts
FN:15,(anonymous_0)
FN:25,(anonymous_1)
FN:73,(anonymous_2)
FNF:3
FNH:3
FNDA:49,(anonymous_0)
FNDA:35,(anonymous_1)
FNDA:1,(anonymous_2)
DA:2,9
DA:8,9
DA:14,9
DA:16,49
DA:27,35
DA:30,35
DA:36,35
DA:41,35
DA:42,680
DA:47,680
DA:53,34
DA:58,35
DA:75,1
DA:81,1
DA:83,1
DA:84,21
DA:90,21
DA:94,1
DA:99,1
DA:100,0
DA:109,1
LF:21
LH:20
BRDA:15,0,0,17
BRDA:47,1,0,34
BRDA:90,2,0,1
BRDA:91,3,0,21
BRDA:91,3,1,1
BRDA:91,3,2,0
BRDA:99,4,0,0
BRF:7
BRH:5
end_of_record
TN:
SF:src\evaluator\index.ts
FNF:0
FNH:0
DA:1,4
DA:2,4
DA:3,4
DA:4,4
LF:4
LH:4
BRF:0
BRH:0
end_of_record
TN:
SF:src\models\Action.ts
FN:10,(anonymous_0)
FN:23,(anonymous_1)
FN:27,(anonymous_2)
FN:31,(anonymous_3)
FN:35,(anonymous_4)
FN:42,(anonymous_5)
FN:49,(anonymous_6)
FN:56,(anonymous_7)
FN:63,(anonymous_8)
FN:70,(anonymous_9)
FN:77,(anonymous_10)
FN:84,(anonymous_11)
FNF:12
FNH:12
FNDA:44,(anonymous_0)
FNDA:1,(anonymous_1)
FNDA:16,(anonymous_2)
FNDA:5,(anonymous_3)
FNDA:1,(anonymous_4)
FNDA:6,(anonymous_5)
FNDA:6,(anonymous_6)
FNDA:6,(anonymous_7)
FNDA:6,(anonymous_8)
FNDA:6,(anonymous_9)
FNDA:6,(anonymous_10)
FNDA:14,(anonymous_11)
DA:1,15
DA:4,15
DA:11,44
DA:12,17
DA:13,6
DA:17,38
DA:18,38
DA:19,38
DA:20,38
DA:24,1
DA:28,16
DA:32,5
DA:36,1
DA:43,6
DA:50,6
DA:57,6
DA:64,6
DA:71,6
DA:78,6
DA:85,14
DA:87,2
DA:89,2
DA:91,2
DA:93,3
DA:95,3
DA:97,2
DA:99,0
LF:27
LH:26
BRDA:10,0,0,29
BRDA:11,1,0,17
BRDA:11,2,0,44
BRDA:11,2,1,34
BRDA:12,3,0,6
BRDA:12,4,0,17
BRDA:12,4,1,11
BRDA:85,5,0,2
BRDA:85,5,1,2
BRDA:85,5,2,2
BRDA:85,5,3,3
BRDA:85,5,4,3
BRDA:85,5,5,2
BRDA:85,5,6,0
BRF:14
BRH:13
end_of_record
TN:
SF:src\models\Card.ts
FN:7,(anonymous_0)
FN:12,(anonymous_1)
FN:16,(anonymous_2)
FN:23,(anonymous_3)
FN:38,(anonymous_4)
FN:61,(anonymous_5)
FNF:6
FNH:4
FNDA:14078,(anonymous_0)
FNDA:18461,(anonymous_1)
FNDA:26342,(anonymous_2)
FNDA:0,(anonymous_3)
FNDA:49862,(anonymous_4)
FNDA:0,(anonymous_5)
DA:1,15
DA:3,15
DA:8,14078
DA:9,14078
DA:13,18461
DA:17,26342
DA:24,0
DA:31,0
DA:39,49862
DA:55,49862
DA:62,0
LF:11
LH:8
BRDA:38,0,0,10306
BRDA:52,1,0,49198
BRDA:52,1,1,664
BRDA:62,2,0,0
BRDA:62,2,1,0
BRF:5
BRH:3
end_of_record
TN:
SF:src\models\Deck.ts
FN:7,(anonymous_0)
FN:15,(anonymous_1)
FN:31,(anonymous_2)
FN:44,(anonymous_3)
FN:53,(anonymous_4)
FN:69,(anonymous_5)
FN:76,(anonymous_6)
FN:83,(anonymous_7)
FNF:8
FNH:8
FNDA:67,(anonymous_0)
FNDA:68,(anonymous_1)
FNDA:31,(anonymous_2)
FNDA:167,(anonymous_3)
FNDA:9,(anonymous_4)
FNDA:20,(anonymous_5)
FNDA:1,(anonymous_6)
FNDA:4,(anonymous_7)
DA:1,12
DA:2,12
DA:4,12
DA:8,67
DA:9,67
DA:16,68
DA:18,68
DA:19,68
DA:21,68
DA:22,272
DA:23,3536
DA:32,31
DA:34,1581
DA:36,1581
DA:45,167
DA:54,9
DA:55,9
DA:56,85
DA:57,85
DA:58,84
DA:60,1
DA:63,9
DA:70,20
DA:77,1
DA:84,4
LF:25
LH:25
BRDA:57,0,0,84
BRDA:57,0,1,1
BRF:2
BRH:2
end_of_record
TN:
SF:src\models\Hand.ts
FN:10,(anonymous_0)
FN:17,(anonymous_1)
FN:28,(anonymous_2)
FN:39,(anonymous_3)
FN:46,(anonymous_4)
FN:53,(anonymous_5)
FN:63,(anonymous_6)
FN:70,(anonymous_7)
FN:77,(anonymous_8)
FN:84,(anonymous_9)
FN:91,(anonymous_10)
FN:98,(anonymous_11)
FN:105,(anonymous_12)
FN:106,(anonymous_13)
FNF:14
FNH:6
FNDA:221,(anonymous_0)
FNDA:16,(anonymous_1)
FNDA:30,(anonymous_2)
FNDA:60,(anonymous_3)
FNDA:9,(anonymous_4)
FNDA:14,(anonymous_5)
FNDA:0,(anonymous_6)
FNDA:0,(anonymous_7)
FNDA:0,(anonymous_8)
FNDA:0,(anonymous_9)
FNDA:0,(anonymous_10)
FNDA:0,(anonymous_11)
FNDA:0,(anonymous_12)
FNDA:0,(anonymous_13)
DA:4,19
DA:6,221
DA:7,221
DA:8,221
DA:11,221
DA:18,16
DA:20,16
DA:21,16
DA:22,16
DA:29,30
DA:31,30
DA:32,30
DA:33,30
DA:40,60
DA:47,9
DA:54,14
DA:55,14
DA:56,14
DA:57,14
DA:64,0
DA:71,0
DA:78,0
DA:85,0
DA:92,0
DA:99,0
DA:106,0
LF:26
LH:19
BRDA:10,0,0,203
BRF:1
BRH:1
end_of_record
TN:
SF:src\models\Player.ts
FN:23,(anonymous_0)
FN:38,(anonymous_1)
FN:42,(anonymous_2)
FN:46,(anonymous_3)
FN:50,(anonymous_4)
FN:55,(anonymous_5)
FN:59,(anonymous_6)
FN:66,(anonymous_7)
FN:73,(anonymous_8)
FN:77,(anonymous_9)
FN:81,(anonymous_10)
FN:85,(anonymous_11)
FN:89,(anonymous_12)
FN:96,(anonymous_13)
FN:100,(anonymous_14)
FN:104,(anonymous_15)
FN:108,(anonymous_16)
FN:115,(anonymous_17)
FN:127,(anonymous_18)
FN:135,(anonymous_19)
FN:145,(anonymous_20)
FN:152,(anonymous_21)
FN:159,(anonymous_22)
FN:166,(anonymous_23)
FN:173,(anonymous_24)
FN:180,(anonymous_25)
FN:187,(anonymous_26)
FN:197,oo_cm
FNF:28
FNH:28
FNDA:169,(anonymous_0)
FNDA:166,(anonymous_1)
FNDA:40,(anonymous_2)
FNDA:20,(anonymous_3)
FNDA:8,(anonymous_4)
FNDA:49,(anonymous_5)
FNDA:2,(anonymous_6)
FNDA:2,(anonymous_7)
FNDA:5,(anonymous_8)
FNDA:5,(anonymous_9)
FNDA:3,(anonymous_10)
FNDA:14,(anonymous_11)
FNDA:102,(anonymous_12)
FNDA:25,(anonymous_13)
FNDA:13,(anonymous_14)
FNDA:12,(anonymous_15)
FNDA:1,(anonymous_16)
FNDA:2,(anonymous_17)
FNDA:1,(anonymous_18)
FNDA:4,(anonymous_19)
FNDA:2,(anonymous_20)
FNDA:1,(anonymous_21)
FNDA:23,(anonymous_22)
FNDA:4,(anonymous_23)
FNDA:4,(anonymous_24)
FNDA:4,(anonymous_25)
FNDA:3,(anonymous_26)
FNDA:271,oo_cm
DA:1,15
DA:3,15
DA:12,15
DA:24,169
DA:25,169
DA:26,169
DA:27,169
DA:28,169
DA:29,169
DA:30,169
DA:31,169
DA:32,169
DA:33,169
DA:39,166
DA:43,40
DA:47,20
DA:52,8
DA:56,49
DA:60,2
DA:67,2
DA:74,5
DA:78,5
DA:82,3
DA:86,14
DA:90,102
DA:93,102
DA:97,25
DA:101,13
DA:105,12
DA:109,1
DA:116,2
DA:128,1
DA:136,4
DA:137,4
DA:138,4
DA:139,4
DA:146,2
DA:153,1
DA:160,23
DA:167,4
DA:174,4
DA:181,4
DA:188,3
DA:197,271
LF:44
LH:44
BRDA:197,0,0,271
BRDA:197,0,1,4
BRF:2
BRH:2
end_of_record
TN:
SF:src\models\Pot.ts
FN:13,(anonymous_0)
FN:19,(anonymous_1)
FN:26,(anonymous_2)
FN:45,(anonymous_3)
FN:52,(anonymous_4)
FN:54,(anonymous_5)
FN:55,(anonymous_6)
FN:61,(anonymous_7)
FN:68,(anonymous_8)
FN:75,(anonymous_9)
FN:87,(anonymous_10)
FN:93,(anonymous_11)
FN:97,(anonymous_12)
FN:101,(anonymous_13)
FN:103,(anonymous_14)
FN:105,(anonymous_15)
FN:115,(anonymous_16)
FN:124,(anonymous_17)
FN:132,(anonymous_18)
FN:136,(anonymous_19)
FN:182,(anonymous_20)
FN:184,(anonymous_21)
FN:190,(anonymous_22)
FN:200,(anonymous_23)
FN:205,(anonymous_24)
FNF:25
FNH:23
FNDA:82,(anonymous_0)
FNDA:19,(anonymous_1)
FNDA:20,(anonymous_2)
FNDA:8,(anonymous_3)
FNDA:7,(anonymous_4)
FNDA:7,(anonymous_5)
FNDA:7,(anonymous_6)
FNDA:9,(anonymous_7)
FNDA:4,(anonymous_8)
FNDA:2,(anonymous_9)
FNDA:69,(anonymous_10)
FNDA:6,(anonymous_11)
FNDA:5,(anonymous_12)
FNDA:9,(anonymous_13)
FNDA:1,(anonymous_14)
FNDA:10,(anonymous_15)
FNDA:8,(anonymous_16)
FNDA:2,(anonymous_17)
FNDA:1,(anonymous_18)
FNDA:0,(anonymous_19)
FNDA:2,(anonymous_20)
FNDA:1,(anonymous_21)
FNDA:1,(anonymous_22)
FNDA:1,(anonymous_23)
FNDA:0,(anonymous_24)
DA:8,12
DA:14,82
DA:15,82
DA:16,82
DA:20,19
DA:27,20
DA:29,20
DA:30,20
DA:32,20
DA:33,1
DA:35,19
DA:39,20
DA:46,8
DA:53,7
DA:54,7
DA:55,7
DA:62,9
DA:69,4
DA:76,2
DA:77,2
DA:78,2
DA:82,12
DA:88,69
DA:89,69
DA:90,69
DA:94,6
DA:98,5
DA:102,9
DA:103,9
DA:104,9
DA:105,10
DA:109,9
DA:116,8
DA:117,8
DA:126,2
DA:127,1
DA:131,1
DA:132,1
DA:136,0
DA:139,1
DA:140,1
DA:141,1
DA:144,1
DA:147,1
DA:148,1
DA:151,0
DA:153,0
DA:155,0
DA:156,0
DA:159,0
DA:162,0
DA:163,0
DA:167,0
DA:172,0
DA:176,1
DA:183,2
DA:184,2
DA:191,1
DA:192,1
DA:193,1
DA:203,1
DA:205,0
DA:206,1
LF:63
LH:52
BRDA:32,0,0,1
BRDA:32,0,1,19
BRDA:116,1,0,8
BRDA:116,1,1,7
BRDA:126,2,0,1
BRDA:144,3,0,0
BRDA:148,4,0,1
BRDA:153,5,0,0
BRDA:155,6,0,0
BRDA:155,6,1,0
BRDA:155,7,0,0
BRDA:155,7,1,0
BRDA:162,8,0,0
BRF:13
BRH:6
end_of_record
TN:
SF:src\models\Table.ts
FN:53,(anonymous_0)
FN:80,(anonymous_1)
FN:84,(anonymous_2)
FN:88,(anonymous_3)
FN:92,(anonymous_4)
FN:96,(anonymous_5)
FN:100,(anonymous_6)
FN:104,(anonymous_7)
FN:108,(anonymous_8)
FN:112,(anonymous_9)
FN:116,(anonymous_10)
FN:120,(anonymous_11)
FN:122,(anonymous_12)
FN:129,(anonymous_13)
FN:135,(anonymous_14)
FN:139,(anonymous_15)
FN:143,(anonymous_16)
FN:147,(anonymous_17)
FN:151,(anonymous_18)
FN:155,(anonymous_19)
FN:159,(anonymous_20)
FN:163,(anonymous_21)
FN:167,(anonymous_22)
FN:177,(anonymous_23)
FN:181,(anonymous_24)
FN:185,(anonymous_25)
FN:189,(anonymous_26)
FN:193,(anonymous_27)
FN:200,(anonymous_28)
FN:207,(anonymous_29)
FN:214,(anonymous_30)
FN:222,(anonymous_31)
FN:263,(anonymous_32)
FN:272,(anonymous_33)
FN:274,(anonymous_34)
FN:288,(anonymous_35)
FN:308,(anonymous_36)
FN:319,(anonymous_37)
FN:341,(anonymous_38)
FN:343,(anonymous_39)
FN:344,(anonymous_40)
FN:345,(anonymous_41)
FN:351,(anonymous_42)
FN:356,(anonymous_43)
FN:369,(anonymous_44)
FN:377,(anonymous_45)
FN:412,oo_cm
FNF:47
FNH:18
FNDA:40,(anonymous_0)
FNDA:45,(anonymous_1)
FNDA:0,(anonymous_2)
FNDA:20,(anonymous_3)
FNDA:0,(anonymous_4)
FNDA:0,(anonymous_5)
FNDA:0,(anonymous_6)
FNDA:0,(anonymous_7)
FNDA:0,(anonymous_8)
FNDA:0,(anonymous_9)
FNDA:14,(anonymous_10)
FNDA:1,(anonymous_11)
FNDA:6,(anonymous_12)
FNDA:6,(anonymous_13)
FNDA:3,(anonymous_14)
FNDA:0,(anonymous_15)
FNDA:0,(anonymous_16)
FNDA:0,(anonymous_17)
FNDA:0,(anonymous_18)
FNDA:0,(anonymous_19)
FNDA:0,(anonymous_20)
FNDA:0,(anonymous_21)
FNDA:0,(anonymous_22)
FNDA:1,(anonymous_23)
FNDA:0,(anonymous_24)
FNDA:0,(anonymous_25)
FNDA:0,(anonymous_26)
FNDA:0,(anonymous_27)
FNDA:0,(anonymous_28)
FNDA:7,(anonymous_29)
FNDA:0,(anonymous_30)
FNDA:7,(anonymous_31)
FNDA:57,(anonymous_32)
FNDA:3,(anonymous_33)
FNDA:10,(anonymous_34)
FNDA:0,(anonymous_35)
FNDA:0,(anonymous_36)
FNDA:0,(anonymous_37)
FNDA:0,(anonymous_38)
FNDA:0,(anonymous_39)
FNDA:0,(anonymous_40)
FNDA:0,(anonymous_41)
FNDA:1,(anonymous_42)
FNDA:6,(anonymous_43)
FNDA:6,(anonymous_44)
FNDA:0,(anonymous_45)
FNDA:78,oo_cm
DA:1,11
DA:4,11
DA:33,11
DA:54,40
DA:55,40
DA:56,40
DA:57,40
DA:58,40
DA:59,40
DA:60,40
DA:61,40
DA:62,40
DA:65,40
DA:66,40
DA:70,40
DA:71,40
DA:72,40
DA:73,40
DA:74,40
DA:75,40
DA:76,40
DA:77,40
DA:81,45
DA:85,0
DA:89,20
DA:93,0
DA:97,0
DA:101,0
DA:105,0
DA:109,0
DA:113,0
DA:117,14
DA:121,1
DA:123,6
DA:125,1
DA:129,6
DA:132,1
DA:136,3
DA:140,0
DA:144,0
DA:148,0
DA:152,0
DA:156,0
DA:160,0
DA:164,0
DA:168,0
DA:172,0
DA:174,0
DA:178,1
DA:182,0
DA:186,0
DA:190,0
DA:194,0
DA:201,0
DA:208,7
DA:215,0
DA:223,7
DA:226,7
DA:230,7
DA:231,0
DA:234,0
DA:237,7
DA:238,0
DA:241,0
DA:245,7
DA:248,7
DA:249,7
DA:253,0
DA:256,0
DA:261,7
DA:263,57
DA:266,7
DA:273,3
DA:274,10
DA:277,3
DA:278,0
DA:281,3
DA:282,3
DA:289,0
DA:291,0
DA:292,0
DA:295,0
DA:298,0
DA:299,0
DA:302,0
DA:309,0
DA:310,0
DA:311,0
DA:312,0
DA:313,0
DA:320,0
DA:322,0
DA:342,0
DA:343,0
DA:344,0
DA:345,0
DA:352,1
DA:356,1
DA:357,6
DA:358,5
DA:360,1
DA:366,1
DA:367,1
DA:369,6
DA:378,0
DA:382,0
DA:383,0
DA:386,0
DA:390,0
DA:393,0
DA:394,0
DA:397,0
DA:399,0
DA:402,0
DA:412,78
LF:115
LH:57
BRDA:123,0,0,6
BRDA:123,0,1,1
BRDA:123,0,2,0
BRDA:168,1,0,0
BRDA:169,2,0,0
BRDA:169,2,1,0
BRDA:230,3,0,0
BRDA:230,4,0,7
BRDA:230,4,1,7
BRDA:237,5,0,0
BRDA:248,6,0,7
BRDA:248,6,1,0
BRDA:274,7,0,10
BRDA:274,7,1,3
BRDA:277,8,0,0
BRDA:291,9,0,0
BRDA:357,10,0,5
BRDA:357,10,1,1
BRDA:382,11,0,0
BRDA:382,12,0,0
BRDA:382,12,1,0
BRDA:393,13,0,0
BRDA:393,13,1,0
BRDA:412,14,0,78
BRDA:412,14,1,2
BRF:25
BRH:11
end_of_record
TN:
SF:src\models\index.ts
FNF:0
FNH:0
DA:1,12
DA:2,12
DA:3,12
DA:4,12
DA:5,12
DA:6,12
DA:7,12
LF:7
LH:7
BRF:0
BRH:0
end_of_record
TN:
SF:src\rules\GameVariantConfig.ts
FN:29,createGameVariantConfig
FN:160,getBettingStructureName
FNF:2
FNH:2
FNDA:17,createGameVariantConfig
FNDA:16,getBettingStructureName
DA:1,1
DA:6,1
DA:29,1
DA:36,17
DA:44,17
DA:46,8
DA:49,8
DA:50,8
DA:51,8
DA:52,8
DA:53,8
DA:57,8
DA:59,8
DA:64,8
DA:65,1
DA:70,8
DA:73,4
DA:76,4
DA:77,4
DA:78,4
DA:79,4
DA:80,4
DA:84,4
DA:86,4
DA:91,4
DA:92,2
DA:97,4
DA:100,4
DA:103,4
DA:104,4
DA:105,4
DA:106,4
DA:107,4
DA:111,4
DA:113,4
DA:118,4
DA:119,2
DA:124,4
DA:127,1
DA:131,16
DA:133,3
DA:136,3
DA:139,6
DA:142,6
DA:145,6
DA:148,6
DA:151,1
DA:154,15
DA:161,16
DA:163,3
DA:165,6
DA:167,6
DA:169,1
DA:176,1
LF:54
LH:54
BRDA:32,0,0,12
BRDA:33,1,0,12
BRDA:44,2,0,8
BRDA:44,2,1,4
BRDA:44,2,2,4
BRDA:44,2,3,1
BRDA:48,3,0,1
BRDA:48,3,1,7
BRDA:64,4,0,1
BRDA:74,5,0,2
BRDA:74,5,1,2
BRDA:91,6,0,2
BRDA:101,7,0,2
BRDA:101,7,1,2
BRDA:118,8,0,2
BRDA:131,9,0,3
BRDA:131,9,1,6
BRDA:131,9,2,6
BRDA:131,9,3,1
BRDA:161,10,0,3
BRDA:161,10,1,6
BRDA:161,10,2,6
BRDA:161,10,3,1
BRF:23
BRH:23
end_of_record
TN:
SF:src\rules\index.ts
FNF:0
FNH:0
DA:1,0
LF:1
LH:0
BRF:0
BRH:0
end_of_record
TN:
SF:src\types\index.ts
FN:2,(anonymous_0)
FN:9,(anonymous_1)
FN:26,(anonymous_2)
FN:33,(anonymous_3)
FN:43,(anonymous_4)
FN:55,(anonymous_5)
FN:65,(anonymous_6)
FN:79,(anonymous_7)
FN:86,(anonymous_8)
FN:93,(anonymous_9)
FNF:10
FNH:10
FNDA:28,(anonymous_0)
FNDA:28,(anonymous_1)
FNDA:28,(anonymous_2)
FNDA:28,(anonymous_3)
FNDA:28,(anonymous_4)
FNDA:28,(anonymous_5)
FNDA:28,(anonymous_6)
FNDA:28,(anonymous_7)
FNDA:28,(anonymous_8)
FNDA:28,(anonymous_9)
DA:2,28
DA:3,28
DA:4,28
DA:5,28
DA:6,28
DA:9,28
DA:10,28
DA:11,28
DA:12,28
DA:13,28
DA:14,28
DA:15,28
DA:16,28
DA:17,28
DA:18,28
DA:19,28
DA:20,28
DA:21,28
DA:22,28
DA:26,28
DA:27,28
DA:28,28
DA:29,28
DA:30,28
DA:33,28
DA:34,28
DA:35,28
DA:36,28
DA:37,28
DA:38,28
DA:39,28
DA:43,28
DA:44,28
DA:45,28
DA:46,28
DA:47,28
DA:48,28
DA:49,28
DA:50,28
DA:51,28
DA:55,28
DA:56,28
DA:57,28
DA:58,28
DA:59,28
DA:60,28
DA:61,28
DA:65,28
DA:66,28
DA:67,28
DA:68,28
DA:69,28
DA:70,28
DA:71,28
DA:72,28
DA:73,28
DA:74,28
DA:75,28
DA:79,28
DA:80,28
DA:81,28
DA:82,28
DA:86,28
DA:87,28
DA:88,28
DA:89,28
DA:93,28
DA:94,28
DA:95,28
DA:96,28
DA:97,28
DA:98,28
DA:99,28
DA:100,28
LF:74
LH:74
BRDA:2,0,0,28
BRDA:2,0,1,28
BRDA:9,1,0,28
BRDA:9,1,1,28
BRDA:26,2,0,28
BRDA:26,2,1,28
BRDA:33,3,0,28
BRDA:33,3,1,28
BRDA:43,4,0,28
BRDA:43,4,1,28
BRDA:55,5,0,28
BRDA:55,5,1,28
BRDA:65,6,0,28
BRDA:65,6,1,28
BRDA:79,7,0,28
BRDA:79,7,1,28
BRDA:86,8,0,28
BRDA:86,8,1,28
BRDA:93,9,0,28
BRDA:93,9,1,28
BRF:20
BRH:20
end_of_record
